#
# A fatal error has been detected by the Java Runtime Environment:
#
#  Internal Error (jvmciRuntime.cpp:1609), pid=22, tid=39
#  fatal error: Fatal exception in JVMCI: Error calling jdk.vm.ci.services.Services.serializeSavedProperties
#
# JRE version: OpenJDK Runtime Environment GraalVM CE 22.3.0 (17.0.5+8) (build 17.0.5+8-jvmci-22.3-b08)
# Java VM: OpenJDK 64-Bit Server VM GraalVM CE 22.3.0 (17.0.5+8-jvmci-22.3-b08, mixed mode, sharing, tiered, jvmci, jvmci compiler, compressed oops, compressed class ptrs, parallel gc, linux-amd64)
# Problematic frame:
# V  [libjvm.so+0x972714]  JVMCIRuntime::fatal_exception(JVMCIEnv*, char const*)+0x74
#
# Core dump will be written. Default location: Core dumps may be processed with "/usr/share/apport/apport -p%p -s%s -c%c -d%d -P%P -u%u -g%g -- %E" (or dumping to /home/runner/Customer-Simulation/core.22)
#
# If you would like to submit a bug report, please visit:
#   https://github.com/oracle/graal/issues
#

---------------  S U M M A R Y ------------

Command Line: -XX:ThreadPriorityPolicy=1 -XX:+UnlockExperimentalVMOptions -XX:+EnableJVMCIProduct -XX:JVMCIThreadsPerNativeLibraryRuntime=1 -XX:-UnlockExperimentalVMOptions -Declipse.application=org.eclipse.jdt.ls.core.id1 -Dosgi.bundles.defaultStartLevel=4 -Declipse.product=org.eclipse.jdt.ls.core.product -Dlog.level=ALL -Xverify:none -XX:+UseParallelGC -XX:GCTimeRatio=4 -XX:AdaptiveSizePolicyWeight=90 -Dsun.zip.disableMemoryMapping=true -Xmx512m -Xms100m /nix/store/m6gcpi1ii6rghy04cjwjddcavv7i90df-jdt-language-server-1.9.0/share/java/plugins/org.eclipse.equinox.launcher_1.6.400.v20210924-0641.jar --add-modules=ALL-SYSTEM --add-opens java.base/java.util=ALL-UNNAMED --add-opens java.base/java.lang=ALL-UNNAMED -configuration /home/runner/.cache/jdt-language-server/config -data /home/runner/.cache/jdt-language-server/data/home/runner/Customer-Simulation

Host: Intel(R) Xeon(R) CPU @ 2.30GHz, 16 cores, 1G, Ubuntu 20.04.2 LTS
Time: Sat Feb 25 20:07:18 2023 UTC elapsed time: 673.391372 seconds (0d 0h 11m 13s)

---------------  T H R E A D  ---------------

Current thread (0x00007f4cd80b2100):  JavaThread "JVMCI-native CompilerThread0" daemon [_thread_in_vm, id=39, stack(0x00007f4cbefb3000,0x00007f4cbf1b3000)]


Current CompileTask:
JVMCI-native: 673392 9015       4       jdk.internal.jimage.ImageLocation::readValue (61 bytes)

Stack: [0x00007f4cbefb3000,0x00007f4cbf1b3000],  sp=0x00007f4cbf1b1380,  free space=2040k
Native frames: (J=compiled Java code, j=interpreted, Vv=VM code, C=native code)
V  [libjvm.so+0x972714]  JVMCIRuntime::fatal_exception(JVMCIEnv*, char const*)+0x74
V  [libjvm.so+0x93e2fe]  JVMCIEnv::copy_saved_properties()+0x14e
V  [libjvm.so+0x9732a9]  JVMCIRuntime::initialize(JVMCIEnv*)+0xb19
V  [libjvm.so+0x9738a2]  JVMCIRuntime::get_HotSpotJVMCIRuntime(JVMCIEnv*)+0x12
V  [libjvm.so+0x9749f2]  JVMCIRuntime::compile_method(JVMCIEnv*, JVMCICompiler*, methodHandle const&, int)+0xd2
V  [libjvm.so+0x5b0d20]  CompileBroker::invoke_compiler_on_method(CompileTask*)+0x1470
V  [libjvm.so+0x5b12e8]  CompileBroker::compiler_thread_loop()+0x528
V  [libjvm.so+0xd82460]  JavaThread::thread_main_inner()+0xd0
V  [libjvm.so+0xd85a40]  Thread::call_run()+0xc0
V  [libjvm.so+0xbdb1e1]  thread_native_entry(Thread*)+0xe1

Register to memory mapping:

RAX=0x00007f4cdec06000 points into unknown readable memory: 0x0000000000000058 | 58 00 00 00 00 00 00 00
RBX=0x00007f4cdfd01398: <offset 0x0000000000ef5398> in /nix/store/gpxl5qgg8kicmcvivwmybwjlpf7wh20l-graalvm17-ce-22.3.0/lib/server/libjvm.so at 0x00007f4cdee0c000
RCX=0x00007f4cdfcb91e8: <offset 0x0000000000ead1e8> in /nix/store/gpxl5qgg8kicmcvivwmybwjlpf7wh20l-graalvm17-ce-22.3.0/lib/server/libjvm.so at 0x00007f4cdee0c000
RDX=0x0000000000000649 is an unknown value
RSP=0x00007f4cbf1b1380 is pointing into the stack for thread: 0x00007f4cd80b2100
RBP=0x00007f4cbf1b13a0 is pointing into the stack for thread: 0x00007f4cd80b2100
RSI=0x00007f4cdfd01c48: <offset 0x0000000000ef5c48> in /nix/store/gpxl5qgg8kicmcvivwmybwjlpf7wh20l-graalvm17-ce-22.3.0/lib/server/libjvm.so at 0x00007f4cdee0c000
RDI=0x00000000e0000000 is an oop: java.lang.String 
{0x00000000e0000000} - klass: 'java/lang/String'
 - string: "resolution"
R8 =0x00007f4cdfd01398: <offset 0x0000000000ef5398> in /nix/store/gpxl5qgg8kicmcvivwmybwjlpf7wh20l-graalvm17-ce-22.3.0/lib/server/libjvm.so at 0x00007f4cdee0c000
R9 =0x00007f4cbf1b1330 is pointing into the stack for thread: 0x00007f4cd80b2100
R10=0x00007f4cbf1b2948 is pointing into the stack for thread: 0x00007f4cd80b2100
R11=0x0000000000000293 is an unknown value
R12=0x0 is NULL
R13=0x00007f4cd80b2100 is a thread
R14=0x00007f4cd8000b80 points into unknown readable memory: 0x00007f4cdff32a38 | 38 2a f3 df 4c 7f 00 00
R15=0x00007f4ce0040e40: <offset 0x0000000001234e40> in /nix/store/gpxl5qgg8kicmcvivwmybwjlpf7wh20l-graalvm17-ce-22.3.0/lib/server/libjvm.so at 0x00007f4cdee0c000


Registers:
RAX=0x00007f4cdec06000, RBX=0x00007f4cdfd01398, RCX=0x00007f4cdfcb91e8, RDX=0x0000000000000649
RSP=0x00007f4cbf1b1380, RBP=0x00007f4cbf1b13a0, RSI=0x00007f4cdfd01c48, RDI=0x00000000e0000000
R8 =0x00007f4cdfd01398, R9 =0x00007f4cbf1b1330, R10=0x00007f4cbf1b2948, R11=0x0000000000000293
R12=0x0000000000000000, R13=0x00007f4cd80b2100, R14=0x00007f4cd8000b80, R15=0x00007f4ce0040e40
RIP=0x00007f4cdf77e714, EFLAGS=0x0000000000010206, CSGSFS=0x002b000000000033, ERR=0x0000000000000006
  TRAPNO=0x000000000000000e

Top of Stack: (sp=0x00007f4cbf1b1380)
0x00007f4cbf1b1380:   00007f4cbf1b1940 00007f4cd80b2100
0x00007f4cbf1b1390:   00007f4cdd5978c8 0000000800c417a0
0x00007f4cbf1b13a0:   00007f4cbf1b1500 00007f4cdf74a2fe
0x00007f4cbf1b13b0:   00007f4cbf1b13e0 00007f4cbf1b1440 

Instructions: (pc=0x00007f4cdf77e714)
0x00007f4cdf77e614:   30 e8 f6 cf e8 ff 4c 89 e7 e8 2e 48 d1 ff 84 db
0x00007f4cdf77e624:   75 2a 4d 85 ed 74 04 4d 8b 6d 00 48 83 c4 08 44
0x00007f4cdf77e634:   89 f9 4c 89 f2 4c 89 ee 5b 4c 89 e7 41 5c 41 5d
0x00007f4cdf77e644:   41 5e 41 5f 5d e9 e2 47 d1 ff 66 90 48 83 c4 08
0x00007f4cdf77e654:   5b 41 5c 41 5d 41 5e 41 5f 5d c3 90 31 d2 be 08
0x00007f4cdf77e664:   00 00 00 4c 89 ff e8 b1 78 a3 ff 49 89 c5 e9 37
0x00007f4cdf77e674:   ff ff ff 66 0f 1f 84 00 00 00 00 00 48 8b 7a 08
0x00007f4cdf77e684:   e9 6d ff ff ff 0f 1f 80 00 00 00 00 e8 5b 48 0a
0x00007f4cdf77e694:   00 84 c0 75 89 e9 6a ff ff ff 66 90 55 48 89 e5
0x00007f4cdf77e6a4:   41 56 41 55 41 54 49 89 fc 53 48 89 f3 66 48 8d
0x00007f4cdf77e6b4:   3d 27 5e 85 00 66 66 48 e8 df 43 8d ff 4c 8b 28
0x00007f4cdf77e6c4:   8b 05 be 72 8a 00 85 c0 75 14 ba 01 00 00 00 48
0x00007f4cdf77e6d4:   8d 0d ae 72 8a 00 f0 0f b1 11 85 c0 74 4e be c8
0x00007f4cdf77e6e4:   00 00 00 4c 89 ef e8 01 0b 41 00 48 8d 05 12 ac
0x00007f4cdf77e6f4:   85 00 49 89 d8 48 8d 0d e8 aa 53 00 ba 49 06 00
0x00007f4cdf77e704:   00 48 8d 35 3c 35 58 00 bf 00 00 00 e0 48 8b 00
0x00007f4cdf77e714:   c6 00 58 31 c0 e8 e2 91 c6 ff 5b 41 5c 41 5d 41
0x00007f4cdf77e724:   5e 5d e9 55 34 26 00 0f 1f 44 00 00 48 8d 05 81
0x00007f4cdf77e734:   a3 8b 00 48 89 df 4c 8b 30 e8 9e 43 8d ff 48 89
0x00007f4cdf77e744:   de 48 89 c2 49 8b 06 4c 89 f7 ff 50 08 4c 89 f7
0x00007f4cdf77e754:   e8 a7 5c 27 00 4d 85 e4 74 12 be 01 00 00 00 4c
0x00007f4cdf77e764:   89 e7 e8 35 43 fc ff eb 82 0f 1f 00 be 01 00 00
0x00007f4cdf77e774:   00 4c 89 ef e8 d3 fd ff ff e9 6d ff ff ff 66 66
0x00007f4cdf77e784:   2e 0f 1f 84 00 00 00 00 00 0f 1f 00 55 48 89 e5
0x00007f4cdf77e794:   41 57 41 56 41 55 41 54 53 48 81 ec 08 02 00 00
0x00007f4cdf77e7a4:   64 48 8b 04 25 28 00 00 00 48 89 45 c8 8b 07 83
0x00007f4cdf77e7b4:   f8 02 0f 84 11 04 00 00 4c 8b 6f 18 49 89 ff 49
0x00007f4cdf77e7c4:   89 f4 4d 85 ed 74 14 4c 89 ef e8 5d 57 22 00 41
0x00007f4cdf77e7d4:   8b 07 83 f8 02 0f 84 19 04 00 00 48 8d 1d 9a 06
0x00007f4cdf77e7e4:   8a 00 4c 8d 35 0b 3c 58 00 eb 38 90 48 85 d2 7f
0x00007f4cdf77e7f4:   0d 48 8d 05 b4 c0 85 00 48 83 38 00 7e 0e 41 8b
0x00007f4cdf77e804:   77 2c 4c 89 f7 31 c0 e8 a0 b2 f7 ff 49 8b 7f 18 


Stack slot to memory mapping:
stack at sp + 0 slots: 0x00007f4cbf1b1940 is pointing into the stack for thread: 0x00007f4cd80b2100
stack at sp + 1 slots: 0x00007f4cd80b2100 is a thread
stack at sp + 2 slots: 0x00007f4cdd5978c8 points into unknown readable memory: 0x6573001880c9ffff | ff ff c9 80 18 00 73 65
stack at sp + 3 slots: 0x0000000800c417a0 is a pointer to class: 
jdk.vm.ci.services.Services {0x0000000800c417a0}
 - instance size:     2
 - klass size:        65
 - access:            public final synchronized 
 - state:             fully_initialized
 - name:              'jdk/vm/ci/services/Services'
 - super:             'java/lang/Object'
 - sub:               
 - arrays:            NULL
 - methods:           Array<T>(0x00007f4cdc441fe8)
 - method ordering:   Array<T>(0x0000000800928960)
 - default_methods:   Array<T>(0x0000000000000000)
 - local interfaces:  Array<T>(0x00000008005ce810)
 - trans. interfaces: Array<T>(0x00000008005ce810)
 - constants:         constant pool [427] {0x00007f4cdc440ac0} for 'jdk/vm/ci/services/Services' cache=0x00007f4cdc443360
 - class loader data:  loader data: 0x00007f4cd80283f0 of 'bootstrap'
 - source file:       'Services.java'
 - class annotations:       Array<T>(0x0000000000000000)
 - class type annotations:  Array<T>(0x0000000000000000)
 - field annotations:       Array<T>(0x0000000000000000)
 - field type annotations:  Array<T>(0x0000000000000000)
 - inner classes:     Array<T>(0x00007f4cdc4432c0)
 - nest members:     Array<T>(0x00007f4cdc4432e0)
 - permitted subclasses:     Array<T>(0x00000008005ce7a0)
 - java mirror:       a 'java/lang/Class'{0x00000000e0146518} = 'jdk/vm/ci/services/Services'
 - vtable length      5  (start addr: 0x0000000800c41970)
 - itable length      2 (start addr: 0x0000000800c41998)
 - ---- static fields (3 words):
 - public static final 'IS_BUILDING_NATIVE_IMAGE' 'Z' @128 
 - public static final 'IS_IN_NATIVE_IMAGE' 'Z' @129 
 - private static volatile 'savedProperties' 'Ljava/util/Map;' @112 
 - static final 'JVMCI_ENABLED' 'Z' @130 
 - private static final 'servicesCache' 'Ljava/util/Map;' @116 
 - private static final 'MAX_UNICODE_IN_UTF8_LENGTH' 'I' @120 
 - private static final 'MAX_UTF8_PROPERTY_STRING_LENGTH' 'I' @124 
 - ---- non-static fields (0 words):
 - non-static oop maps: 
stack at sp + 4 slots: 0x00007f4cbf1b1500 is pointing into the stack for thread: 0x00007f4cd80b2100
stack at sp + 5 slots: 0x00007f4cdf74a2fe: <offset 0x000000000093e2fe> in /nix/store/gpxl5qgg8kicmcvivwmybwjlpf7wh20l-graalvm17-ce-22.3.0/lib/server/libjvm.so at 0x00007f4cdee0c000
stack at sp + 6 slots: 0x00007f4cbf1b13e0 is pointing into the stack for thread: 0x00007f4cd80b2100
stack at sp + 7 slots: 0x00007f4cbf1b1440 is pointing into the stack for thread: 0x00007f4cd80b2100


---------------  P R O C E S S  ---------------

Threads class SMR info:
_java_thread_list=0x00007f4c4c1dea40, length=28, elements={
0x00007f4cd8026690, 0x00007f4cd80a63f0, 0x00007f4cd80a7830, 0x00007f4cd80adf70,
0x00007f4cd80af320, 0x00007f4cd80b0710, 0x00007f4cd80b2100, 0x00007f4cd80b3610,
0x00007f4cd80b4a60, 0x00007f4cd80df970, 0x00007f4cd81306b0, 0x00007f4cd8343980,
0x00007f4cd8215c90, 0x00007f4cd8371c00, 0x00007f4cd8496790, 0x00007f4c74016fc0,
0x00007f4c742c9e70, 0x00007f4c7432dde0, 0x00007f4c744adc40, 0x00007f4c7468b6d0,
0x00007f4cd81fb9d0, 0x00007f4cd84b00d0, 0x00007f4c40000ff0, 0x00007f4c5c097960,
0x00007f4c4c135bc0, 0x00007f4c4c1377f0, 0x00007f4c580010d0, 0x00007f4c4c1369d0
}

Java Threads: ( => current thread )
  0x00007f4cd8026690 JavaThread "main" [_thread_blocked, id=31, stack(0x00007f4cdec27000,0x00007f4cded27000)]
  0x00007f4cd80a63f0 JavaThread "Reference Handler" daemon [_thread_blocked, id=34, stack(0x00007f4cdcc3e000,0x00007f4cdcd3e000)]
  0x00007f4cd80a7830 JavaThread "Finalizer" daemon [_thread_blocked, id=35, stack(0x00007f4cdc300000,0x00007f4cdc400000)]
  0x00007f4cd80adf70 JavaThread "Signal Dispatcher" daemon [_thread_blocked, id=36, stack(0x00007f4cbf3b3000,0x00007f4cbf4b3000)]
  0x00007f4cd80af320 JavaThread "Service Thread" daemon [_thread_blocked, id=37, stack(0x00007f4cbf2b3000,0x00007f4cbf3b3000)]
  0x00007f4cd80b0710 JavaThread "Monitor Deflation Thread" daemon [_thread_blocked, id=38, stack(0x00007f4cbf1b3000,0x00007f4cbf2b3000)]
=>0x00007f4cd80b2100 JavaThread "JVMCI-native CompilerThread0" daemon [_thread_in_vm, id=39, stack(0x00007f4cbefb3000,0x00007f4cbf1b3000)]
  0x00007f4cd80b3610 JavaThread "C1 CompilerThread0" daemon [_thread_blocked, id=40, stack(0x00007f4cbedb3000,0x00007f4cbefb3000)]
  0x00007f4cd80b4a60 JavaThread "Sweeper thread" daemon [_thread_blocked, id=41, stack(0x00007f4cbecb3000,0x00007f4cbedb3000)]
  0x00007f4cd80df970 JavaThread "Common-Cleaner" daemon [_thread_blocked, id=42, stack(0x00007f4cbebb3000,0x00007f4cbecb3000)]
  0x00007f4cd81306b0 JavaThread "Notification Thread" daemon [_thread_blocked, id=43, stack(0x00007f4cbeab3000,0x00007f4cbebb3000)]
  0x00007f4cd8343980 JavaThread "Active Thread: Equinox Container: a981b954-cd90-48ca-81f1-665473d91088" [_thread_blocked, id=47, stack(0x00007f4cbc500000,0x00007f4cbc600000)]
  0x00007f4cd8215c90 JavaThread "Framework Event Dispatcher: Equinox Container: a981b954-cd90-48ca-81f1-665473d91088" daemon [_thread_blocked, id=48, stack(0x00007f4cbc300000,0x00007f4cbc400000)]
  0x00007f4cd8371c00 JavaThread "Start Level: Equinox Container: a981b954-cd90-48ca-81f1-665473d91088" daemon [_thread_blocked, id=49, stack(0x00007f4cbc100000,0x00007f4cbc200000)]
  0x00007f4cd8496790 JavaThread "Refresh Thread: Equinox Container: a981b954-cd90-48ca-81f1-665473d91088" daemon [_thread_blocked, id=50, stack(0x00007f4c86d00000,0x00007f4c86e00000)]
  0x00007f4c74016fc0 JavaThread "SCR Component Actor" daemon [_thread_blocked, id=51, stack(0x00007f4c86b00000,0x00007f4c86c00000)]
  0x00007f4c742c9e70 JavaThread "Worker-JM" [_thread_blocked, id=53, stack(0x00007f4c86700000,0x00007f4c86800000)]
  0x00007f4c7432dde0 JavaThread "Worker-0" [_thread_blocked, id=54, stack(0x00007f4c86500000,0x00007f4c86600000)]
  0x00007f4c744adc40 JavaThread "Java indexing" daemon [_thread_blocked, id=56, stack(0x00007f4c86100000,0x00007f4c86200000)]
  0x00007f4c7468b6d0 JavaThread "Bundle File Closer" daemon [_thread_blocked, id=57, stack(0x00007f4c85f00000,0x00007f4c86000000)]
  0x00007f4cd81fb9d0 JavaThread "pool-3-thread-1" [_thread_blocked, id=59, stack(0x00007f4c85d00000,0x00007f4c85e00000)]
  0x00007f4cd84b00d0 JavaThread "pool-2-thread-1" [_thread_blocked, id=60, stack(0x00007f4c85b00000,0x00007f4c85c00000)]
  0x00007f4c40000ff0 JavaThread "Worker-4: Java indexing... " [_thread_blocked, id=62, stack(0x00007f4c85700000,0x00007f4c85800000)]
  0x00007f4c5c097960 JavaThread "Worker-6: Periodic workspace save." [_thread_blocked, id=119, stack(0x00007f4c85300000,0x00007f4c85400000)]
  0x00007f4c4c135bc0 JavaThread "Thread-2" [_thread_blocked, id=136, stack(0x00007f4c86000000,0x00007f4c86100000)]
  0x00007f4c4c1377f0 JavaThread "Thread-4" [_thread_blocked, id=138, stack(0x00007f4c85100000,0x00007f4c85200000)]
  0x00007f4c580010d0 JavaThread "Worker-7" [_thread_blocked, id=199, stack(0x00007f4c86900000,0x00007f4c86a00000)]
  0x00007f4c4c1369d0 JavaThread "Thread-10" [_thread_blocked, id=200, stack(0x00007f4c85500000,0x00007f4c85600000)]

Other Threads:
  0x00007f4cd80a1b30 VMThread "VM Thread" [stack: 0x00007f4cdcd40000,0x00007f4cdce40000] [id=33] _threads_hazard_ptr=0x00007f4c4c1dea40
  0x00007f4cd8132050 WatcherThread [stack: 0x00007f4cbe9b3000,0x00007f4cbeab3000] [id=44]
  0x00007f4cd803df10 GCTaskThread "GC Thread#0" [stack: 0x00007f4cde7ea000,0x00007f4cde8ea000] [id=32]

Threads with active compile tasks:
JVMCI-native CompilerThread0   673601 9015       4       jdk.internal.jimage.ImageLocation::readValue (61 bytes)

VM state: synchronizing (normal execution)

VM Mutex/Monitor currently owned by a thread:  ([mutex/lock_event])
[0x00007f4cd8023840] Threads_lock - owner thread: 0x00007f4cd80a1b30
[0x00007f4cd8023ff0] Heap_lock - owner thread: 0x00007f4c744adc40

OutOfMemory and StackOverflow Exception counts:
OutOfMemoryError java_heap_errors=3
LinkageErrors=54

Heap address: 0x00000000e0000000, size: 512 MB, Compressed Oops mode: 32-bit

CDS archive(s) mapped at: [0x0000000800000000-0x0000000800bc8000-0x0000000800bc8000), size 12353536, SharedBaseAddress: 0x0000000800000000, ArchiveRelocationMode: 0.
Compressed class space mapped at: 0x0000000800c00000-0x0000000840c00000, reserved size: 1073741824
Narrow klass base: 0x0000000800000000, Narrow klass shift: 0, Narrow klass range: 0x100000000

GC Precious Log:
 CPUs: 16 total, 1 available
 Memory: 1024M
 Large Page Support: Disabled
 NUMA Support: Disabled
 Compressed Oops: Enabled (32-bit)
 Alignments: Space 512K, Generation 512K, Heap 2M
 Heap Min Capacity: 100M
 Heap Initial Capacity: 100M
 Heap Max Capacity: 512M
 Pre-touch: Disabled
 Parallel Workers: 1

Heap:
 PSYoungGen      total 61440K, used 45568K [0x00000000f5580000, 0x00000000fa900000, 0x0000000100000000)
  eden space 45568K, 100% used [0x00000000f5580000,0x00000000f8200000,0x00000000f8200000)
  from space 15872K, 0% used [0x00000000f9980000,0x00000000f9980000,0x00000000fa900000)
  to   space 13824K, 0% used [0x00000000f8200000,0x00000000f8200000,0x00000000f8f80000)
 ParOldGen       total 349696K, used 349695K [0x00000000e0000000, 0x00000000f5580000, 0x00000000f5580000)
  object space 349696K, 99% used [0x00000000e0000000,0x00000000f557ffd8,0x00000000f5580000)
 Metaspace       used 56920K, committed 57792K, reserved 1105920K
  class space    used 5663K, committed 6016K, reserved 1048576K

Card table byte_map: [0x00007f4cde8ea000,0x00007f4cde9eb000] _byte_map_base: 0x00007f4cde1ea000

Marking Bits: (ParMarkBitMap*) 0x00007f4ce003a4c0
 Begin Bits: [0x00007f4cdd73d000, 0x00007f4cddf3d000)
 End Bits:   [0x00007f4cddf3d000, 0x00007f4cde73d000)

Polling page: 0x00007f4cdec04000

Metaspace:

Usage:
  Non-class:     50.06 MB used.
      Class:      5.53 MB used.
       Both:     55.59 MB used.

Virtual space:
  Non-class space:       56.00 MB reserved,      50.56 MB ( 90%) committed,  7 nodes.
      Class space:        1.00 GB reserved,       5.88 MB ( <1%) committed,  1 nodes.
             Both:        1.05 GB reserved,      56.44 MB (  5%) committed. 

Chunk freelists:
   Non-Class:  1.15 MB
       Class:  2.19 MB
        Both:  3.34 MB

MaxMetaspaceSize: unlimited
CompressedClassSpaceSize: 1.00 GB
Initial GC threshold: 21.00 MB
Current GC threshold: 94.00 MB
CDS: on
MetaspaceReclaimPolicy: balanced
 - commit_granule_bytes: 65536.
 - commit_granule_words: 8192.
 - virtual_space_node_default_size: 1048576.
 - enlarge_chunks_in_place: 1.
 - new_chunks_are_fully_committed: 0.
 - uncommit_free_chunks: 1.
 - use_allocation_guard: 0.
 - handle_deallocations: 1.


Internal statistics:

num_allocs_failed_limit: 6.
num_arena_births: 372.
num_arena_deaths: 70.
num_vsnodes_births: 8.
num_vsnodes_deaths: 0.
num_space_committed: 902.
num_space_uncommitted: 0.
num_chunks_returned_to_freelist: 94.
num_chunks_taken_from_freelist: 2543.
num_chunk_merges: 33.
num_chunk_splits: 1655.
num_chunks_enlarged: 1055.
num_purges: 6.
num_inconsistent_stats: 0.

CodeHeap 'non-profiled nmethods': size=120036Kb used=2375Kb max_used=2375Kb free=117660Kb
 bounds [0x00007f4cc6f7a000, 0x00007f4cc71ea000, 0x00007f4cce4b3000]
CodeHeap 'profiled nmethods': size=120032Kb used=13740Kb max_used=15612Kb free=106291Kb
 bounds [0x00007f4cbfa42000, 0x00007f4cc0992000, 0x00007f4cc6f7a000]
CodeHeap 'non-nmethods': size=5692Kb used=1374Kb max_used=1395Kb free=4317Kb
 bounds [0x00007f4cbf4b3000, 0x00007f4cbf723000, 0x00007f4cbfa42000]
 total_blobs=6821 nmethods=6118 adapters=615
 compilation: enabled
              stopped_count=0, restarted_count=0
 full_count=0

JVMCI Events (20 events):
Event: 123.782 Thread 0x00007f4cd80b2100 destroyed JavaVM[1]@0x00007f4c87a9e340 for JVMCI runtime 0
Event: 123.782 Thread 0x00007f4cd80b2100 compacted oop handles in JVMCI runtime 0 from 78 to 78
Event: 123.782 Thread 0x00007f4cd80b2100 releasing handles for JVMCI runtime 0: oop handles=78, metadata handles={total=1280, live=1129, blocks=40}
Event: 123.782 Thread 0x00007f4cd80b2100 detached from JVMCI runtime 0
Event: 124.189 Thread 0x00007f4cd80b2100 attached to JVMCI runtime 0
Event: 124.193 Thread 0x00007f4cd80b2100 created JavaVM[2]@0x00007f4c2ce9e340 for JVMCI runtime 0
Event: 124.193 Thread 0x00007f4cd80b2100 initializing JVMCI runtime 0
Event: 124.193 Thread 0x00007f4cd80b2100 done waiting for JavaVM references initialization in JVMCI runtime 0
Event: 124.193 Thread 0x00007f4cd80b2100 initialized JVMCI runtime 0
Event: 125.212 Thread 0x00007f4cd80b2100 detaching from JVMCI runtime 0: releasing idle compiler thread (0 other threads still attached)
Event: 125.212 Thread 0x00007f4cd80b2100 shutting down HotSpotJVMCIRuntime for JVMCI runtime 0
Event: 125.213 Thread 0x00007f4cd80b2100 shut down JVMCI runtime 0
Event: 125.215 Thread 0x00007f4cd80b2100 destroyed JavaVM[2]@0x00007f4c2ce9e340 for JVMCI runtime 0
Event: 125.215 Thread 0x00007f4cd80b2100 compacted oop handles in JVMCI runtime 0 from 53 to 53
Event: 125.215 Thread 0x00007f4cd80b2100 releasing handles for JVMCI runtime 0: oop handles=53, metadata handles={total=96, live=93, blocks=40}
Event: 125.215 Thread 0x00007f4cd80b2100 detached from JVMCI runtime 0
Event: 566.722 Thread 0x00007f4cd80b2100 attached to JVMCI runtime 0
Event: 566.725 Thread 0x00007f4cd80b2100 created JavaVM[3]@0x00007f4c2ce9e340 for JVMCI runtime 0
Event: 566.725 Thread 0x00007f4cd80b2100 initializing JVMCI runtime 0
Event: 566.725 Thread 0x00007f4cd80b2100 done waiting for JavaVM references initialization in JVMCI runtime 0

Compilation events (20 events):
Event: 378.305 Thread 0x00007f4cd80b3610 nmethod 9007 0x00007f4cc0016010 code [0x00007f4cc00161a0, 0x00007f4cc00162d0]
Event: 378.306 Thread 0x00007f4cd80b3610 9008   !   3       org.eclipse.core.internal.resources.WorkspaceRoot::getProjects (85 bytes)
Event: 385.782 Thread 0x00007f4cd80b3610 nmethod 9008 0x00007f4cc08b4390 code [0x00007f4cc08b45c0, 0x00007f4cc08b5230]
Event: 426.478 Thread 0x00007f4cd80b3610 9009       3       java.util.concurrent.locks.LockSupport::setBlocker (12 bytes)
Event: 432.608 Thread 0x00007f4cd80b3610 nmethod 9009 0x00007f4cc0078d10 code [0x00007f4cc0078ec0, 0x00007f4cc0078fe0]
Event: 436.525 Thread 0x00007f4cd80b3610 9010       3       java.util.concurrent.locks.ReentrantLock$NonfairSync::tryAcquire (27 bytes)
Event: 440.681 Thread 0x00007f4cd80b3610 nmethod 9010 0x00007f4cbfd5cf90 code [0x00007f4cbfd5d140, 0x00007f4cbfd5d3a0]
Event: 445.278 Thread 0x00007f4cd80b3610 9011       3       org.eclipse.core.internal.preferences.StringPool::add (59 bytes)
Event: 447.580 Thread 0x00007f4cd80b3610 nmethod 9011 0x00007f4cbfb36190 code [0x00007f4cbfb36380, 0x00007f4cbfb36d50]
Event: 467.703 Thread 0x00007f4cd80b3610 9013       3       java.util.concurrent.ThreadPoolExecutor::runStateAtLeast (11 bytes)
Event: 467.703 Thread 0x00007f4cd80b3610 nmethod 9013 0x00007f4cc00be810 code [0x00007f4cc00be9a0, 0x00007f4cc00beaf0]
Event: 467.704 Thread 0x00007f4cd80b3610 9012       3       jdk.internal.misc.Unsafe::putIntOpaque (9 bytes)
Event: 467.704 Thread 0x00007f4cd80b3610 nmethod 9012 0x00007f4cc0121d10 code [0x00007f4cc0121ea0, 0x00007f4cc0121fb0]
Event: 483.391 Thread 0x00007f4cd80b3610 9014       3       java.util.LinkedList::node (65 bytes)
Event: 487.909 Thread 0x00007f4cd80b3610 nmethod 9014 0x00007f4cc0196710 code [0x00007f4cc01968c0, 0x00007f4cc0196b90]
Event: 566.722 Thread 0x00007f4cd80b2100 9015       4       jdk.internal.jimage.ImageLocation::readValue (61 bytes)
Event: 635.708 Thread 0x00007f4cd80b3610 9016       3       java.util.LinkedList::get (14 bytes)
Event: 640.188 Thread 0x00007f4cd80b3610 nmethod 9016 0x00007f4cc01ec810 code [0x00007f4cc01eca00, 0x00007f4cc01ecfc0]
Event: 665.988 Thread 0x00007f4cd80b3610 9017       3       java.util.concurrent.TimeUnit::convert (77 bytes)
Event: 673.332 Thread 0x00007f4cd80b3610 nmethod 9017 0x00007f4cc0247b90 code [0x00007f4cc0247da0, 0x00007f4cc0248160]

GC Heap History (20 events):
Event: 650.432 GC heap before
{Heap before GC invocations=327 (full 236):
 PSYoungGen      total 61440K, used 45567K [0x00000000f5580000, 0x00000000fa900000, 0x0000000100000000)
  eden space 45568K, 99% used [0x00000000f5580000,0x00000000f81ffff8,0x00000000f8200000)
  from space 15872K, 0% used [0x00000000f9980000,0x00000000f9980000,0x00000000fa900000)
  to   space 13824K, 0% used [0x00000000f8200000,0x00000000f8200000,0x00000000f8f80000)
 ParOldGen       total 349696K, used 349695K [0x00000000e0000000, 0x00000000f5580000, 0x00000000f5580000)
  object space 349696K, 99% used [0x00000000e0000000,0x00000000f557fff0,0x00000000f5580000)
 Metaspace       used 56919K, committed 57792K, reserved 1105920K
  class space    used 5663K, committed 6016K, reserved 1048576K
}
Event: 652.817 GC heap after
{Heap after GC invocations=327 (full 236):
 PSYoungGen      total 59392K, used 45567K [0x00000000f5580000, 0x00000000fa900000, 0x0000000100000000)
  eden space 45568K, 99% used [0x00000000f5580000,0x00000000f81ffff8,0x00000000f8200000)
  from space 13824K, 0% used [0x00000000f8200000,0x00000000f8200000,0x00000000f8f80000)
  to   space 15872K, 0% used [0x00000000f9980000,0x00000000f9980000,0x00000000fa900000)
 ParOldGen       total 349696K, used 349695K [0x00000000e0000000, 0x00000000f5580000, 0x00000000f5580000)
  object space 349696K, 99% used [0x00000000e0000000,0x00000000f557fff0,0x00000000f5580000)
 Metaspace       used 56919K, committed 57792K, reserved 1105920K
  class space    used 5663K, committed 6016K, reserved 1048576K
}
Event: 652.817 GC heap before
{Heap before GC invocations=328 (full 237):
 PSYoungGen      total 59392K, used 45567K [0x00000000f5580000, 0x00000000fa900000, 0x0000000100000000)
  eden space 45568K, 99% used [0x00000000f5580000,0x00000000f81ffff8,0x00000000f8200000)
  from space 13824K, 0% used [0x00000000f8200000,0x00000000f8200000,0x00000000f8f80000)
  to   space 15872K, 0% used [0x00000000f9980000,0x00000000f9980000,0x00000000fa900000)
 ParOldGen       total 349696K, used 349695K [0x00000000e0000000, 0x00000000f5580000, 0x00000000f5580000)
  object space 349696K, 99% used [0x00000000e0000000,0x00000000f557fff0,0x00000000f5580000)
 Metaspace       used 56919K, committed 57792K, reserved 1105920K
  class space    used 5663K, committed 6016K, reserved 1048576K
}
Event: 655.091 GC heap after
{Heap after GC invocations=328 (full 237):
 PSYoungGen      total 61440K, used 45567K [0x00000000f5580000, 0x00000000fa900000, 0x0000000100000000)
  eden space 45568K, 99% used [0x00000000f5580000,0x00000000f81ffff8,0x00000000f8200000)
  from space 15872K, 0% used [0x00000000f9980000,0x00000000f9980000,0x00000000fa900000)
  to   space 13824K, 0% used [0x00000000f8200000,0x00000000f8200000,0x00000000f8f80000)
 ParOldGen       total 349696K, used 349695K [0x00000000e0000000, 0x00000000f5580000, 0x00000000f5580000)
  object space 349696K, 99% used [0x00000000e0000000,0x00000000f557fff0,0x00000000f5580000)
 Metaspace       used 56919K, committed 57792K, reserved 1105920K
  class space    used 5663K, committed 6016K, reserved 1048576K
}
Event: 655.091 GC heap before
{Heap before GC invocations=329 (full 238):
 PSYoungGen      total 61440K, used 45567K [0x00000000f5580000, 0x00000000fa900000, 0x0000000100000000)
  eden space 45568K, 99% used [0x00000000f5580000,0x00000000f81ffff8,0x00000000f8200000)
  from space 15872K, 0% used [0x00000000f9980000,0x00000000f9980000,0x00000000fa900000)
  to   space 13824K, 0% used [0x00000000f8200000,0x00000000f8200000,0x00000000f8f80000)
 ParOldGen       total 349696K, used 349695K [0x00000000e0000000, 0x00000000f5580000, 0x00000000f5580000)
  object space 349696K, 99% used [0x00000000e0000000,0x00000000f557fff0,0x00000000f5580000)
 Metaspace       used 56919K, committed 57792K, reserved 1105920K
  class space    used 5663K, committed 6016K, reserved 1048576K
}
Event: 657.425 GC heap after
{Heap after GC invocations=329 (full 238):
 PSYoungGen      total 59392K, used 45567K [0x00000000f5580000, 0x00000000fa900000, 0x0000000100000000)
  eden space 45568K, 99% used [0x00000000f5580000,0x00000000f81ffff8,0x00000000f8200000)
  from space 13824K, 0% used [0x00000000f8200000,0x00000000f8200000,0x00000000f8f80000)
  to   space 15872K, 0% used [0x00000000f9980000,0x00000000f9980000,0x00000000fa900000)
 ParOldGen       total 349696K, used 349694K [0x00000000e0000000, 0x00000000f5580000, 0x00000000f5580000)
  object space 349696K, 99% used [0x00000000e0000000,0x00000000f557fa50,0x00000000f5580000)
 Metaspace       used 56919K, committed 57792K, reserved 1105920K
  class space    used 5663K, committed 6016K, reserved 1048576K
}
Event: 657.426 GC heap before
{Heap before GC invocations=330 (full 239):
 PSYoungGen      total 59392K, used 45567K [0x00000000f5580000, 0x00000000fa900000, 0x0000000100000000)
  eden space 45568K, 99% used [0x00000000f5580000,0x00000000f81ffff8,0x00000000f8200000)
  from space 13824K, 0% used [0x00000000f8200000,0x00000000f8200000,0x00000000f8f80000)
  to   space 15872K, 0% used [0x00000000f9980000,0x00000000f9980000,0x00000000fa900000)
 ParOldGen       total 349696K, used 349695K [0x00000000e0000000, 0x00000000f5580000, 0x00000000f5580000)
  object space 349696K, 99% used [0x00000000e0000000,0x00000000f557fff8,0x00000000f5580000)
 Metaspace       used 56919K, committed 57792K, reserved 1105920K
  class space    used 5663K, committed 6016K, reserved 1048576K
}
Event: 659.593 GC heap after
{Heap after GC invocations=330 (full 239):
 PSYoungGen      total 61440K, used 45567K [0x00000000f5580000, 0x00000000fa900000, 0x0000000100000000)
  eden space 45568K, 99% used [0x00000000f5580000,0x00000000f81ffff8,0x00000000f8200000)
  from space 15872K, 0% used [0x00000000f9980000,0x00000000f9980000,0x00000000fa900000)
  to   space 13824K, 0% used [0x00000000f8200000,0x00000000f8200000,0x00000000f8f80000)
 ParOldGen       total 349696K, used 349695K [0x00000000e0000000, 0x00000000f5580000, 0x00000000f5580000)
  object space 349696K, 99% used [0x00000000e0000000,0x00000000f557fdd8,0x00000000f5580000)
 Metaspace       used 56919K, committed 57792K, reserved 1105920K
  class space    used 5663K, committed 6016K, reserved 1048576K
}
Event: 659.597 GC heap before
{Heap before GC invocations=331 (full 240):
 PSYoungGen      total 61440K, used 45567K [0x00000000f5580000, 0x00000000fa900000, 0x0000000100000000)
  eden space 45568K, 99% used [0x00000000f5580000,0x00000000f81ffff8,0x00000000f8200000)
  from space 15872K, 0% used [0x00000000f9980000,0x00000000f9980000,0x00000000fa900000)
  to   space 13824K, 0% used [0x00000000f8200000,0x00000000f8200000,0x00000000f8f80000)
 ParOldGen       total 349696K, used 349695K [0x00000000e0000000, 0x00000000f5580000, 0x00000000f5580000)
  object space 349696K, 99% used [0x00000000e0000000,0x00000000f557ffb0,0x00000000f5580000)
 Metaspace       used 56919K, committed 57792K, reserved 1105920K
  class space    used 5663K, committed 6016K, reserved 1048576K
}
Event: 661.897 GC heap after
{Heap after GC invocations=331 (full 240):
 PSYoungGen      total 59392K, used 45567K [0x00000000f5580000, 0x00000000fa900000, 0x0000000100000000)
  eden space 45568K, 99% used [0x00000000f5580000,0x00000000f81ffff8,0x00000000f8200000)
  from space 13824K, 0% used [0x00000000f8200000,0x00000000f8200000,0x00000000f8f80000)
  to   space 15872K, 0% used [0x00000000f9980000,0x00000000f9980000,0x00000000fa900000)
 ParOldGen       total 349696K, used 349695K [0x00000000e0000000, 0x00000000f5580000, 0x00000000f5580000)
  object space 349696K, 99% used [0x00000000e0000000,0x00000000f557ffb0,0x00000000f5580000)
 Metaspace       used 56919K, committed 57792K, reserved 1105920K
  class space    used 5663K, committed 6016K, reserved 1048576K
}
Event: 661.900 GC heap before
{Heap before GC invocations=332 (full 241):
 PSYoungGen      total 59392K, used 45567K [0x00000000f5580000, 0x00000000fa900000, 0x0000000100000000)
  eden space 45568K, 99% used [0x00000000f5580000,0x00000000f81ffff8,0x00000000f8200000)
  from space 13824K, 0% used [0x00000000f8200000,0x00000000f8200000,0x00000000f8f80000)
  to   space 15872K, 0% used [0x00000000f9980000,0x00000000f9980000,0x00000000fa900000)
 ParOldGen       total 349696K, used 349695K [0x00000000e0000000, 0x00000000f5580000, 0x00000000f5580000)
  object space 349696K, 99% used [0x00000000e0000000,0x00000000f557fff0,0x00000000f5580000)
 Metaspace       used 56919K, committed 57792K, reserved 1105920K
  class space    used 5663K, committed 6016K, reserved 1048576K
}
Event: 663.893 GC heap after
{Heap after GC invocations=332 (full 241):
 PSYoungGen      total 61440K, used 45567K [0x00000000f5580000, 0x00000000fa900000, 0x0000000100000000)
  eden space 45568K, 99% used [0x00000000f5580000,0x00000000f81ffff8,0x00000000f8200000)
  from space 15872K, 0% used [0x00000000f9980000,0x00000000f9980000,0x00000000fa900000)
  to   space 13824K, 0% used [0x00000000f8200000,0x00000000f8200000,0x00000000f8f80000)
 ParOldGen       total 349696K, used 349695K [0x00000000e0000000, 0x00000000f5580000, 0x00000000f5580000)
  object space 349696K, 99% used [0x00000000e0000000,0x00000000f557fff0,0x00000000f5580000)
 Metaspace       used 56919K, committed 57792K, reserved 1105920K
  class space    used 5663K, committed 6016K, reserved 1048576K
}
Event: 663.894 GC heap before
{Heap before GC invocations=333 (full 242):
 PSYoungGen      total 61440K, used 45567K [0x00000000f5580000, 0x00000000fa900000, 0x0000000100000000)
  eden space 45568K, 99% used [0x00000000f5580000,0x00000000f81ffff8,0x00000000f8200000)
  from space 15872K, 0% used [0x00000000f9980000,0x00000000f9980000,0x00000000fa900000)
  to   space 13824K, 0% used [0x00000000f8200000,0x00000000f8200000,0x00000000f8f80000)
 ParOldGen       total 349696K, used 349695K [0x00000000e0000000, 0x00000000f5580000, 0x00000000f5580000)
  object space 349696K, 99% used [0x00000000e0000000,0x00000000f557fff0,0x00000000f5580000)
 Metaspace       used 56919K, committed 57792K, reserved 1105920K
  class space    used 5663K, committed 6016K, reserved 1048576K
}
Event: 665.987 GC heap after
{Heap after GC invocations=333 (full 242):
 PSYoungGen      total 59392K, used 45567K [0x00000000f5580000, 0x00000000fa900000, 0x0000000100000000)
  eden space 45568K, 99% used [0x00000000f5580000,0x00000000f81ffff8,0x00000000f8200000)
  from space 13824K, 0% used [0x00000000f8200000,0x00000000f8200000,0x00000000f8f80000)
  to   space 15872K, 0% used [0x00000000f9980000,0x00000000f9980000,0x00000000fa900000)
 ParOldGen       total 349696K, used 349695K [0x00000000e0000000, 0x00000000f5580000, 0x00000000f5580000)
  object space 349696K, 99% used [0x00000000e0000000,0x00000000f557fff0,0x00000000f5580000)
 Metaspace       used 56919K, committed 57792K, reserved 1105920K
  class space    used 5663K, committed 6016K, reserved 1048576K
}
Event: 665.988 GC heap before
{Heap before GC invocations=334 (full 243):
 PSYoungGen      total 59392K, used 45567K [0x00000000f5580000, 0x00000000fa900000, 0x0000000100000000)
  eden space 45568K, 99% used [0x00000000f5580000,0x00000000f81ffff8,0x00000000f8200000)
  from space 13824K, 0% used [0x00000000f8200000,0x00000000f8200000,0x00000000f8f80000)
  to   space 15872K, 0% used [0x00000000f9980000,0x00000000f9980000,0x00000000fa900000)
 ParOldGen       total 349696K, used 349695K [0x00000000e0000000, 0x00000000f5580000, 0x00000000f5580000)
  object space 349696K, 99% used [0x00000000e0000000,0x00000000f557fff0,0x00000000f5580000)
 Metaspace       used 56919K, committed 57792K, reserved 1105920K
  class space    used 5663K, committed 6016K, reserved 1048576K
}
Event: 668.196 GC heap after
{Heap after GC invocations=334 (full 243):
 PSYoungGen      total 61440K, used 45567K [0x00000000f5580000, 0x00000000fa900000, 0x0000000100000000)
  eden space 45568K, 99% used [0x00000000f5580000,0x00000000f81ffff8,0x00000000f8200000)
  from space 15872K, 0% used [0x00000000f9980000,0x00000000f9980000,0x00000000fa900000)
  to   space 13824K, 0% used [0x00000000f8200000,0x00000000f8200000,0x00000000f8f80000)
 ParOldGen       total 349696K, used 349694K [0x00000000e0000000, 0x00000000f5580000, 0x00000000f5580000)
  object space 349696K, 99% used [0x00000000e0000000,0x00000000f557fa30,0x00000000f5580000)
 Metaspace       used 56919K, committed 57792K, reserved 1105920K
  class space    used 5663K, committed 6016K, reserved 1048576K
}
Event: 668.196 GC heap before
{Heap before GC invocations=335 (full 244):
 PSYoungGen      total 61440K, used 45567K [0x00000000f5580000, 0x00000000fa900000, 0x0000000100000000)
  eden space 45568K, 99% used [0x00000000f5580000,0x00000000f81ffff8,0x00000000f8200000)
  from space 15872K, 0% used [0x00000000f9980000,0x00000000f9980000,0x00000000fa900000)
  to   space 13824K, 0% used [0x00000000f8200000,0x00000000f8200000,0x00000000f8f80000)
 ParOldGen       total 349696K, used 349694K [0x00000000e0000000, 0x00000000f5580000, 0x00000000f5580000)
  object space 349696K, 99% used [0x00000000e0000000,0x00000000f557fbd0,0x00000000f5580000)
 Metaspace       used 56920K, committed 57792K, reserved 1105920K
  class space    used 5663K, committed 6016K, reserved 1048576K
}
Event: 670.886 GC heap after
{Heap after GC invocations=335 (full 244):
 PSYoungGen      total 59392K, used 45567K [0x00000000f5580000, 0x00000000fa900000, 0x0000000100000000)
  eden space 45568K, 99% used [0x00000000f5580000,0x00000000f81fffe0,0x00000000f8200000)
  from space 13824K, 0% used [0x00000000f8200000,0x00000000f8200000,0x00000000f8f80000)
  to   space 15872K, 0% used [0x00000000f9980000,0x00000000f9980000,0x00000000fa900000)
 ParOldGen       total 349696K, used 349694K [0x00000000e0000000, 0x00000000f5580000, 0x00000000f5580000)
  object space 349696K, 99% used [0x00000000e0000000,0x00000000f557fba0,0x00000000f5580000)
 Metaspace       used 56920K, committed 57792K, reserved 1105920K
  class space    used 5663K, committed 6016K, reserved 1048576K
}
Event: 670.886 GC heap before
{Heap before GC invocations=336 (full 245):
 PSYoungGen      total 59392K, used 45567K [0x00000000f5580000, 0x00000000fa900000, 0x0000000100000000)
  eden space 45568K, 99% used [0x00000000f5580000,0x00000000f81fffe0,0x00000000f8200000)
  from space 13824K, 0% used [0x00000000f8200000,0x00000000f8200000,0x00000000f8f80000)
  to   space 15872K, 0% used [0x00000000f9980000,0x00000000f9980000,0x00000000fa900000)
 ParOldGen       total 349696K, used 349694K [0x00000000e0000000, 0x00000000f5580000, 0x00000000f5580000)
  object space 349696K, 99% used [0x00000000e0000000,0x00000000f557fba0,0x00000000f5580000)
 Metaspace       used 56920K, committed 57792K, reserved 1105920K
  class space    used 5663K, committed 6016K, reserved 1048576K
}
Event: 673.331 GC heap after
{Heap after GC invocations=336 (full 245):
 PSYoungGen      total 61440K, used 45567K [0x00000000f5580000, 0x00000000fa900000, 0x0000000100000000)
  eden space 45568K, 99% used [0x00000000f5580000,0x00000000f81fffe0,0x00000000f8200000)
  from space 15872K, 0% used [0x00000000f9980000,0x00000000f9980000,0x00000000fa900000)
  to   space 13824K, 0% used [0x00000000f8200000,0x00000000f8200000,0x00000000f8f80000)
 ParOldGen       total 349696K, used 349694K [0x00000000e0000000, 0x00000000f5580000, 0x00000000f5580000)
  object space 349696K, 99% used [0x00000000e0000000,0x00000000f557fba0,0x00000000f5580000)
 Metaspace       used 56920K, committed 57792K, reserved 1105920K
  class space    used 5663K, committed 6016K, reserved 1048576K
}

Dll operation events (9 events):
Event: 0.007 Loaded shared library /nix/store/gpxl5qgg8kicmcvivwmybwjlpf7wh20l-graalvm17-ce-22.3.0/lib/libjava.so
Event: 0.080 Loaded shared library /nix/store/gpxl5qgg8kicmcvivwmybwjlpf7wh20l-graalvm17-ce-22.3.0/lib/libjsvml.so
Event: 0.612 Loaded shared library /nix/store/gpxl5qgg8kicmcvivwmybwjlpf7wh20l-graalvm17-ce-22.3.0/lib/libnio.so
Event: 0.620 Loaded shared library /nix/store/gpxl5qgg8kicmcvivwmybwjlpf7wh20l-graalvm17-ce-22.3.0/lib/libjvmcicompiler.so
Event: 0.624 Loaded shared library /nix/store/gpxl5qgg8kicmcvivwmybwjlpf7wh20l-graalvm17-ce-22.3.0/lib/libzip.so
Event: 1.397 Loaded shared library /nix/store/gpxl5qgg8kicmcvivwmybwjlpf7wh20l-graalvm17-ce-22.3.0/lib/libjimage.so
Event: 2.303 Loaded shared library /nix/store/gpxl5qgg8kicmcvivwmybwjlpf7wh20l-graalvm17-ce-22.3.0/lib/libnet.so
Event: 7.479 Loaded shared library /home/runner/.cache/jdt-language-server/config/org.eclipse.equinox.launcher/org.eclipse.equinox.launcher.gtk.linux.x86_64_1.2.400.v20211117-0650/eclipse_11600.so
Event: 24.283 Loaded shared library /nix/store/gpxl5qgg8kicmcvivwmybwjlpf7wh20l-graalvm17-ce-22.3.0/lib/libextnet.so

Deoptimization events (20 events):
Event: 117.679 Thread 0x00007f4c744adc40 DEOPT PACKING pc=0x00007f4cbfbe2b05 sp=0x00007f4c861fe530
Event: 117.679 Thread 0x00007f4c744adc40 DEOPT UNPACKING pc=0x00007f4cbf505325 sp=0x00007f4c861fda20 mode 0
Event: 117.682 Thread 0x00007f4c744adc40 DEOPT PACKING pc=0x00007f4cbfbe2b05 sp=0x00007f4c861fe530
Event: 117.682 Thread 0x00007f4c744adc40 DEOPT UNPACKING pc=0x00007f4cbf505325 sp=0x00007f4c861fda20 mode 0
Event: 117.684 Thread 0x00007f4c744adc40 DEOPT PACKING pc=0x00007f4cbfbe2b05 sp=0x00007f4c861fe530
Event: 117.684 Thread 0x00007f4c744adc40 DEOPT UNPACKING pc=0x00007f4cbf505325 sp=0x00007f4c861fda20 mode 0
Event: 117.686 Thread 0x00007f4c744adc40 DEOPT PACKING pc=0x00007f4cbfbe2b05 sp=0x00007f4c861fe530
Event: 117.686 Thread 0x00007f4c744adc40 DEOPT UNPACKING pc=0x00007f4cbf505325 sp=0x00007f4c861fda20 mode 0
Event: 117.689 Thread 0x00007f4c744adc40 DEOPT PACKING pc=0x00007f4cbfbe2b05 sp=0x00007f4c861fe530
Event: 117.689 Thread 0x00007f4c744adc40 DEOPT UNPACKING pc=0x00007f4cbf505325 sp=0x00007f4c861fda20 mode 0
Event: 119.382 Thread 0x00007f4c4c1369d0 DEOPT PACKING pc=0x00007f4cc0816641 sp=0x00007f4c84ffd150
Event: 119.382 Thread 0x00007f4c4c1369d0 DEOPT UNPACKING pc=0x00007f4cbf505325 sp=0x00007f4c84ffc5a8 mode 0
Event: 655.091 Thread 0x00007f4cd84b00d0 Uncommon trap: trap_request=0xffffff8f fr.pc=0x00007f4cc71290b3 relative=0x0000000000000ab3
Event: 655.091 Thread 0x00007f4cd84b00d0 Uncommon trap: reason=constraint action=none pc=0x00007f4cc71290b3 method=java.util.HashMap.putVal(ILjava/lang/Object;Ljava/lang/Object;ZZ)Ljava/lang/Object; @ 29 jvmci
Event: 657.425 Thread 0x00007f4cd84b00d0 DEOPT PACKING pc=0x00007f4cc71290b3 sp=0x00007f4c85bfcbc0
Event: 657.425 Thread 0x00007f4cd84b00d0 DEOPT UNPACKING pc=0x00007f4cbf505325 sp=0x00007f4c85bfc060 mode 3
Event: 665.988 Thread 0x00007f4c4c1369d0 Uncommon trap: trap_request=0xffffff8f fr.pc=0x00007f4cc71c6ed1 relative=0x0000000000000231
Event: 665.988 Thread 0x00007f4c4c1369d0 Uncommon trap: reason=constraint action=none pc=0x00007f4cc71c6ed1 method=java.util.Hashtable.addEntry(ILjava/lang/Object;Ljava/lang/Object;I)V @ 42 jvmci
Event: 665.988 Thread 0x00007f4c4c1369d0 DEOPT PACKING pc=0x00007f4cc71c6ed1 sp=0x00007f4c855fdf10
Event: 665.988 Thread 0x00007f4c4c1369d0 DEOPT UNPACKING pc=0x00007f4cbf505325 sp=0x00007f4c855fd3a0 mode 3

Classes unloaded (20 events):
Event: 134.082 Thread 0x00007f4cd80a1b30 Unloading class 0x0000000801054800 'java/lang/invoke/LambdaForm$MH+0x0000000801054800'
Event: 134.082 Thread 0x00007f4cd80a1b30 Unloading class 0x0000000801054400 'java/lang/invoke/LambdaForm$MH+0x0000000801054400'
Event: 134.082 Thread 0x00007f4cd80a1b30 Unloading class 0x0000000801054000 'java/lang/invoke/LambdaForm$MH+0x0000000801054000'
Event: 134.082 Thread 0x00007f4cd80a1b30 Unloading class 0x0000000800f24000 'jdk/internal/reflect/GeneratedConstructorAccessor14'
Event: 134.082 Thread 0x00007f4cd80a1b30 Unloading class 0x0000000800f1c800 'jdk/internal/reflect/GeneratedConstructorAccessor12'
Event: 134.082 Thread 0x00007f4cd80a1b30 Unloading class 0x0000000800f1c400 'jdk/internal/reflect/GeneratedConstructorAccessor11'
Event: 134.082 Thread 0x00007f4cd80a1b30 Unloading class 0x0000000800f1c000 'jdk/internal/reflect/GeneratedConstructorAccessor10'
Event: 134.082 Thread 0x00007f4cd80a1b30 Unloading class 0x0000000800d99000 'java/lang/invoke/LambdaForm$MH+0x0000000800d99000'
Event: 134.082 Thread 0x00007f4cd80a1b30 Unloading class 0x0000000800d98c00 'java/lang/invoke/LambdaForm$MH+0x0000000800d98c00'
Event: 134.082 Thread 0x00007f4cd80a1b30 Unloading class 0x0000000800d98800 'java/lang/invoke/LambdaForm$MH+0x0000000800d98800'
Event: 134.082 Thread 0x00007f4cd80a1b30 Unloading class 0x0000000800d98400 'java/lang/invoke/LambdaForm$MH+0x0000000800d98400'
Event: 134.082 Thread 0x00007f4cd80a1b30 Unloading class 0x0000000800d98000 'jdk/internal/reflect/GeneratedConstructorAccessor3'
Event: 134.082 Thread 0x00007f4cd80a1b30 Unloading class 0x0000000800d06800 'java/lang/invoke/LambdaForm$MH+0x0000000800d06800'
Event: 134.082 Thread 0x00007f4cd80a1b30 Unloading class 0x0000000800d06000 'java/lang/invoke/LambdaForm$MH+0x0000000800d06000'
Event: 134.082 Thread 0x00007f4cd80a1b30 Unloading class 0x0000000800d05c00 'java/lang/invoke/LambdaForm$MH+0x0000000800d05c00'
Event: 134.082 Thread 0x00007f4cd80a1b30 Unloading class 0x0000000800d05800 'java/lang/invoke/LambdaForm$MH+0x0000000800d05800'
Event: 134.082 Thread 0x00007f4cd80a1b30 Unloading class 0x0000000800d05000 'java/lang/invoke/LambdaForm$MH+0x0000000800d05000'
Event: 134.082 Thread 0x00007f4cd80a1b30 Unloading class 0x0000000800d04c00 'java/lang/invoke/LambdaForm$MH+0x0000000800d04c00'
Event: 134.082 Thread 0x00007f4cd80a1b30 Unloading class 0x0000000800d04800 'java/lang/invoke/LambdaForm$MH+0x0000000800d04800'
Event: 134.082 Thread 0x00007f4cd80a1b30 Unloading class 0x0000000800d04000 'java/lang/invoke/LambdaForm$MH+0x0000000800d04000'

Classes redefined (0 events):
No events

Internal exceptions (20 events):
Event: 80.982 Thread 0x00007f4c5c098a90 Exception <a 'sun/nio/fs/UnixException'{0x00000000f5ba28a0}> (0x00000000f5ba28a0) 
thrown [src/hotspot/share/prims/jni.cpp, line 516]
Event: 80.983 Thread 0x00007f4c5c098a90 Exception <a 'sun/nio/fs/UnixException'{0x00000000f5ba3688}> (0x00000000f5ba3688) 
thrown [src/hotspot/share/prims/jni.cpp, line 516]
Event: 80.984 Thread 0x00007f4c5c098a90 Exception <a 'sun/nio/fs/UnixException'{0x00000000f5be5da0}> (0x00000000f5be5da0) 
thrown [src/hotspot/share/prims/jni.cpp, line 516]
Event: 80.985 Thread 0x00007f4c5c098a90 Exception <a 'sun/nio/fs/UnixException'{0x00000000f5bea7c8}> (0x00000000f5bea7c8) 
thrown [src/hotspot/share/prims/jni.cpp, line 516]
Event: 81.398 Thread 0x00007f4c5c098a90 Exception <a 'sun/nio/fs/UnixException'{0x00000000f55c33c0}> (0x00000000f55c33c0) 
thrown [src/hotspot/share/prims/jni.cpp, line 516]
Event: 81.480 Thread 0x00007f4c5c098a90 Exception <a 'sun/nio/fs/UnixException'{0x00000000f564dc70}> (0x00000000f564dc70) 
thrown [src/hotspot/share/prims/jni.cpp, line 516]
Event: 81.486 Thread 0x00007f4c5c098a90 Exception <a 'sun/nio/fs/UnixException'{0x00000000f57d1d10}> (0x00000000f57d1d10) 
thrown [src/hotspot/share/prims/jni.cpp, line 516]
Event: 81.681 Thread 0x00007f4c5c098a90 Exception <a 'sun/nio/fs/UnixException'{0x00000000f5ad27b8}> (0x00000000f5ad27b8) 
thrown [src/hotspot/share/prims/jni.cpp, line 516]
Event: 85.186 Thread 0x00007f4c4c138ab0 Exception <a 'java/lang/NoSuchMethodError'{0x00000000f58eaec8}: 'java.lang.Object java.lang.invoke.DirectMethodHandle$Holder.invokeStatic(java.lang.Object, int, java.lang.Object, java.lang.Object, java.lang.Object, java.lang.Object)'> (0x00000000f58eaec8) 
thrown [src/hotspot/share/interpreter/linkResolver.cpp, line 758]
Event: 85.584 Thread 0x00007f4c7432dde0 Exception <a 'java/lang/NoSuchMethodError'{0x00000000f6030198}: 'java.lang.Object java.lang.invoke.DirectMethodHandle$Holder.newInvokeSpecial(java.lang.Object, java.lang.Object, java.lang.Object, int, java.lang.Object)'> (0x00000000f6030198) 
thrown [src/hotspot/share/interpreter/linkResolver.cpp, line 758]
Event: 85.585 Thread 0x00007f4c7432dde0 Exception <a 'java/lang/NoSuchMethodError'{0x00000000f6043020}: 'java.lang.Object java.lang.invoke.DirectMethodHandle$Holder.invokeSpecial(java.lang.Object, java.lang.Object, java.lang.Object, java.lang.Object, int, java.lang.Object)'> (0x00000000f6043020) 
thrown [src/hotspot/share/interpreter/linkResolver.cpp, line 758]
Event: 85.585 Thread 0x00007f4c7432dde0 Exception <a 'java/lang/NoSuchMethodError'{0x00000000f60858a8}: 'java.lang.Object java.lang.invoke.Invokers$Holder.linkToTargetMethod(java.lang.Object, java.lang.Object, int, java.lang.Object, java.lang.Object)'> (0x00000000f60858a8) 
thrown [src/hotspot/share/interpreter/linkResolver.cpp, line 758]
Event: 85.686 Thread 0x00007f4c4c135bc0 Exception <a 'java/lang/NoSuchMethodError'{0x00000000f6241618}: 'void java.lang.invoke.DirectMethodHandle$Holder.invokeSpecial(java.lang.Object, java.lang.Object, int)'> (0x00000000f6241618) 
thrown [src/hotspot/share/interpreter/linkResolver.cpp, line 758]
Event: 85.686 Thread 0x00007f4c4c138ab0 Exception <a 'java/lang/NoSuchMethodError'{0x00000000f624cf60}: 'void java.lang.invoke.DirectMethodHandle$Holder.invokeSpecial(java.lang.Object, java.lang.Object, int)'> (0x00000000f624cf60) 
thrown [src/hotspot/share/interpreter/linkResolver.cpp, line 758]
Event: 86.789 Thread 0x00007f4c4c1369d0 Exception <a 'java/lang/NoSuchMethodError'{0x00000000f5719f28}: 'int java.lang.invoke.DirectMethodHandle$Holder.invokeSpecialIFC(java.lang.Object, java.lang.Object, java.lang.Object, java.lang.Object)'> (0x00000000f5719f28) 
thrown [src/hotspot/share/interpreter/linkResolver.cpp, line 758]
Event: 655.091 Thread 0x00007f4cd84b00d0 Exception <a 'java/lang/OutOfMemoryError'{0x00000000e00049b8}> (0x00000000e00049b8) 
thrown [src/hotspot/share/gc/shared/memAllocator.cpp, line 138]
Event: 655.091 Thread 0x00007f4cd84b00d0 Implicit null exception at 0x00007f4cc7128cf9 to 0x00007f4cc7129098
Event: 665.988 Thread 0x00007f4c4c1369d0 Exception <a 'java/lang/OutOfMemoryError'{0x00000000e0004418}> (0x00000000e0004418) 
thrown [src/hotspot/share/gc/shared/memAllocator.cpp, line 138]
Event: 665.988 Thread 0x00007f4c4c1369d0 Implicit null exception at 0x00007f4cc71c6d9e to 0x00007f4cc71c6eb6
Event: 673.377 Thread 0x00007f4cd80b2100 Exception <a 'java/lang/OutOfMemoryError'{0x00000000e0004198}> (0x00000000e0004198) 
thrown [src/hotspot/share/gc/shared/memAllocator.cpp, line 136]

VM Operations (20 events):
Event: 642.288 Executing VM operation: ParallelGCFailedAllocation
Event: 646.226 Executing VM operation: ParallelGCFailedAllocation done
Event: 646.277 Executing VM operation: ParallelGCFailedAllocation
Event: 648.312 Executing VM operation: ParallelGCFailedAllocation done
Event: 648.313 Executing VM operation: ParallelGCFailedAllocation
Event: 650.431 Executing VM operation: ParallelGCFailedAllocation done
Event: 650.432 Executing VM operation: ParallelGCFailedAllocation
Event: 655.091 Executing VM operation: ParallelGCFailedAllocation done
Event: 655.091 Executing VM operation: ParallelGCFailedAllocation
Event: 657.425 Executing VM operation: ParallelGCFailedAllocation done
Event: 657.426 Executing VM operation: ParallelGCFailedAllocation
Event: 659.593 Executing VM operation: ParallelGCFailedAllocation done
Event: 659.597 Executing VM operation: ParallelGCFailedAllocation
Event: 661.897 Executing VM operation: ParallelGCFailedAllocation done
Event: 661.897 Executing VM operation: ParallelGCFailedAllocation
Event: 665.988 Executing VM operation: ParallelGCFailedAllocation done
Event: 665.988 Executing VM operation: ParallelGCFailedAllocation
Event: 668.196 Executing VM operation: ParallelGCFailedAllocation done
Event: 668.196 Executing VM operation: ParallelGCFailedAllocation
Event: 673.377 Executing VM operation: ParallelGCFailedAllocation done

Events (20 events):
Event: 118.509 loading class jdk/internal/reflect/UnsafeQualifiedObjectFieldAccessorImpl
Event: 118.509 loading class jdk/internal/reflect/UnsafeQualifiedObjectFieldAccessorImpl done
Event: 118.579 Thread 0x00007f4c4c1369d0 Thread exited: 0x00007f4c4c1369d0
Event: 119.285 Thread 0x00007f4c4c1369d0 Thread added: 0x00007f4c4c1369d0
Event: 119.285 Protecting memory [0x00007f4c84f00000,0x00007f4c84f04000] with protection modes 0
Event: 119.287 Thread 0x00007f4c4c13c300 Thread added: 0x00007f4c4c13c300
Event: 119.377 Protecting memory [0x00007f4c85600000,0x00007f4c85604000] with protection modes 0
Event: 119.479 Thread 0x00007f4c4c13c300 Thread exited: 0x00007f4c4c13c300
Event: 119.483 Thread 0x00007f4c4c1369d0 Thread exited: 0x00007f4c4c1369d0
Event: 119.583 Thread 0x00007f4c4c1369d0 Thread added: 0x00007f4c4c1369d0
Event: 119.583 Protecting memory [0x00007f4c84f00000,0x00007f4c84f04000] with protection modes 0
Event: 119.684 Thread 0x00007f4c4c1369d0 Thread exited: 0x00007f4c4c1369d0
Event: 147.300 Thread 0x00007f4c600016a0 Thread exited: 0x00007f4c600016a0
Event: 147.300 Thread 0x00007f4c580010d0 Thread exited: 0x00007f4c580010d0
Event: 147.300 Thread 0x00007f4c5c098a90 Thread exited: 0x00007f4c5c098a90
Event: 147.301 Thread 0x00007f4c58007500 Thread exited: 0x00007f4c58007500
Event: 320.308 Thread 0x00007f4c580010d0 Thread added: 0x00007f4c580010d0
Event: 320.308 Protecting memory [0x00007f4c86900000,0x00007f4c86904000] with protection modes 0
Event: 354.098 Thread 0x00007f4c4c1369d0 Thread added: 0x00007f4c4c1369d0
Event: 354.098 Protecting memory [0x00007f4c85500000,0x00007f4c85504000] with protection modes 0


Dynamic libraries:
e0000000-f5580000 rw-p 00000000 00:00 0 
f5580000-fa900000 rw-p 00000000 00:00 0 
fa900000-100000000 ---p 00000000 00:00 0 
800000000-800449000 rw-p 00001000 00:1cfa 4611686019135357769            /nix/store/gpxl5qgg8kicmcvivwmybwjlpf7wh20l-graalvm17-ce-22.3.0/lib/server/classes.jsa
800449000-800bc8000 r--p 0044a000 00:1cfa 4611686019135357769            /nix/store/gpxl5qgg8kicmcvivwmybwjlpf7wh20l-graalvm17-ce-22.3.0/lib/server/classes.jsa
800bc8000-800c00000 ---p 00000000 00:00 0 
800c00000-800c20000 rw-p 00000000 00:00 0 
800c20000-800c40000 rw-p 00000000 00:00 0 
800c40000-800cc0000 rw-p 00000000 00:00 0 
800cc0000-800d00000 rw-p 00000000 00:00 0 
800d00000-800dc0000 rw-p 00000000 00:00 0 
800dc0000-800e00000 rw-p 00000000 00:00 0 
800e00000-800f40000 rw-p 00000000 00:00 0 
800f40000-800f80000 rw-p 00000000 00:00 0 
800f80000-800fc0000 rw-p 00000000 00:00 0 
800fc0000-801000000 rw-p 00000000 00:00 0 
801000000-8011e0000 rw-p 00000000 00:00 0 
8011e0000-840c00000 ---p 00000000 00:00 0 
5626b6639000-5626b663a000 r-xp 00000000 00:1cfa 4611686019099417844      /nix/store/gpxl5qgg8kicmcvivwmybwjlpf7wh20l-graalvm17-ce-22.3.0/bin/.java-wrapped
5626b663b000-5626b663c000 r--p 00001000 00:1cfa 4611686019099417844      /nix/store/gpxl5qgg8kicmcvivwmybwjlpf7wh20l-graalvm17-ce-22.3.0/bin/.java-wrapped
5626b663c000-5626b663d000 rw-p 00002000 00:1cfa 4611686019099417844      /nix/store/gpxl5qgg8kicmcvivwmybwjlpf7wh20l-graalvm17-ce-22.3.0/bin/.java-wrapped
5626b663d000-5626b663e000 rw-p 00004000 00:1cfa 4611686019099417844      /nix/store/gpxl5qgg8kicmcvivwmybwjlpf7wh20l-graalvm17-ce-22.3.0/bin/.java-wrapped
5626b663e000-5626b663f000 rw-p 00005000 00:1cfa 4611686019099417844      /nix/store/gpxl5qgg8kicmcvivwmybwjlpf7wh20l-graalvm17-ce-22.3.0/bin/.java-wrapped
5626b7587000-5626b75cf000 rw-p 00000000 00:00 0                          [heap]
7f4c18000000-7f4c180f1000 rw-p 00000000 00:00 0 
7f4c180f1000-7f4c1c000000 ---p 00000000 00:00 0 
7f4c20000000-7f4c20093000 rw-p 00000000 00:00 0 
7f4c20093000-7f4c24000000 ---p 00000000 00:00 0 
7f4c24000000-7f4c2403e000 rw-p 00000000 00:00 0 
7f4c2403e000-7f4c28000000 ---p 00000000 00:00 0 
7f4c28000000-7f4c280a6000 rw-p 00000000 00:00 0 
7f4c280a6000-7f4c2c000000 ---p 00000000 00:00 0 
7f4c2c200000-7f4c2c300000 ---p 00000000 00:00 0 
7f4c2c300000-7f4c2c8af000 r--p 01122000 00:1cfa 4611686019135190040      /nix/store/gpxl5qgg8kicmcvivwmybwjlpf7wh20l-graalvm17-ce-22.3.0/lib/libjvmcicompiler.so
7f4c2c8af000-7f4c2ca00000 r--p 00000000 00:00 0 
7f4c2ca00000-7f4c2ca3d000 rw-p 00000000 00:00 0 
7f4c2ca3d000-7f4c2cf5d000 rw-p 0185f000 00:1cfa 4611686019135190040      /nix/store/gpxl5qgg8kicmcvivwmybwjlpf7wh20l-graalvm17-ce-22.3.0/lib/libjvmcicompiler.so
7f4c2cf5d000-7f4c2d344000 r--p 01d7f000 00:1cfa 4611686019135190040      /nix/store/gpxl5qgg8kicmcvivwmybwjlpf7wh20l-graalvm17-ce-22.3.0/lib/libjvmcicompiler.so
7f4c2d400000-7f4c2d5a0000 rw-p 00000000 00:00 0 
7f4c2d5a0000-7f4c2d600000 ---p 00000000 00:00 0 
7f4c2d600000-7f4c2d6f0000 rw-p 00000000 00:00 0 
7f4c2d6f0000-7f4c2dc00000 ---p 00000000 00:00 0 
7f4c2e4b3000-7f4c38000000 r--s 00000000 00:1cfa 4611686019135192581      /nix/store/gpxl5qgg8kicmcvivwmybwjlpf7wh20l-graalvm17-ce-22.3.0/lib/modules
7f4c38000000-7f4c38021000 rw-p 00000000 00:00 0 
7f4c38021000-7f4c3c000000 ---p 00000000 00:00 0 
7f4c3c000000-7f4c3c021000 rw-p 00000000 00:00 0 
7f4c3c021000-7f4c40000000 ---p 00000000 00:00 0 
7f4c40000000-7f4c401c3000 rw-p 00000000 00:00 0 
7f4c401c3000-7f4c44000000 ---p 00000000 00:00 0 
7f4c44000000-7f4c44021000 rw-p 00000000 00:00 0 
7f4c44021000-7f4c48000000 ---p 00000000 00:00 0 
7f4c48000000-7f4c48021000 rw-p 00000000 00:00 0 
7f4c48021000-7f4c4c000000 ---p 00000000 00:00 0 
7f4c4c000000-7f4c4c1ef000 rw-p 00000000 00:00 0 
7f4c4c1ef000-7f4c50000000 ---p 00000000 00:00 0 
7f4c50000000-7f4c50075000 rw-p 00000000 00:00 0 
7f4c50075000-7f4c54000000 ---p 00000000 00:00 0 
7f4c54000000-7f4c54021000 rw-p 00000000 00:00 0 
7f4c54021000-7f4c58000000 ---p 00000000 00:00 0 
7f4c58000000-7f4c58308000 rw-p 00000000 00:00 0 
7f4c58308000-7f4c5c000000 ---p 00000000 00:00 0 
7f4c5c000000-7f4c5c0f3000 rw-p 00000000 00:00 0 
7f4c5c0f3000-7f4c60000000 ---p 00000000 00:00 0 
7f4c60000000-7f4c60140000 rw-p 00000000 00:00 0 
7f4c60140000-7f4c64000000 ---p 00000000 00:00 0 
7f4c64000000-7f4c64021000 rw-p 00000000 00:00 0 
7f4c64021000-7f4c68000000 ---p 00000000 00:00 0 
7f4c68000000-7f4c68025000 rw-p 00000000 00:00 0 
7f4c68025000-7f4c6c000000 ---p 00000000 00:00 0 
7f4c6c000000-7f4c6c021000 rw-p 00000000 00:00 0 
7f4c6c021000-7f4c70000000 ---p 00000000 00:00 0 
7f4c70000000-7f4c70021000 rw-p 00000000 00:00 0 
7f4c70021000-7f4c74000000 ---p 00000000 00:00 0 
7f4c74000000-7f4c74934000 rw-p 00000000 00:00 0 
7f4c74934000-7f4c78000000 ---p 00000000 00:00 0 
7f4c78000000-7f4c78035000 rw-p 00000000 00:00 0 
7f4c78035000-7f4c7c000000 ---p 00000000 00:00 0 
7f4c7c800000-7f4c7c980000 rw-p 00000000 00:00 0 
7f4c7c980000-7f4c7ca00000 rw-p 00000000 00:00 0 
7f4c7ca00000-7f4c7d000000 rw-p 00000000 00:00 0 
7f4c7d800000-7f4c7db80000 rw-p 00000000 00:00 0 
7f4c7db80000-7f4c7dc00000 rw-p 00000000 00:00 0 
7f4c7dc00000-7f4c7e000000 rw-p 00000000 00:00 0 
7f4c7e000000-7f4c7e100000 rw-p 00000000 00:00 0 
7f4c7e100000-7f4c7e300000 rw-p 00000000 00:00 0 
7f4c7e300000-7f4c7e400000 rw-p 00000000 00:00 0 
7f4c7e400000-7f4c7e500000 rw-p 00000000 00:00 0 
7f4c7e500000-7f4c7e600000 rw-p 00000000 00:00 0 
7f4c7e600000-7f4c7e700000 rw-p 00000000 00:00 0 
7f4c7e700000-7f4c7e800000 rw-p 00000000 00:00 0 
7f4c7e800000-7f4c7e900000 rw-p 00000000 00:00 0 
7f4c7e900000-7f4c7ea00000 rw-p 00000000 00:00 0 
7f4c7ea00000-7f4c7f000000 rw-p 00000000 00:00 0 
7f4c7f000000-7f4c7f100000 rw-p 00000000 00:00 0 
7f4c7f100000-7f4c7f200000 rw-p 00000000 00:00 0 
7f4c7f200000-7f4c7f700000 rw-p 00000000 00:00 0 
7f4c7f700000-7f4c7f800000 rw-p 00000000 00:00 0 
7f4c7fa00000-7f4c7fa10000 r-xp 00000000 00:1cea 353                      /home/runner/.cache/jdt-language-server/config/org.eclipse.equinox.launcher/org.eclipse.equinox.launcher.gtk.linux.x86_64_1.2.400.v20211117-0650/eclipse_11600.so
7f4c7fa10000-7f4c7fc0f000 ---p 00010000 00:1cea 353                      /home/runner/.cache/jdt-language-server/config/org.eclipse.equinox.launcher/org.eclipse.equinox.launcher.gtk.linux.x86_64_1.2.400.v20211117-0650/eclipse_11600.so
7f4c7fc0f000-7f4c7fc10000 r--p 0000f000 00:1cea 353                      /home/runner/.cache/jdt-language-server/config/org.eclipse.equinox.launcher/org.eclipse.equinox.launcher.gtk.linux.x86_64_1.2.400.v20211117-0650/eclipse_11600.so
7f4c7fc10000-7f4c7fc11000 rw-p 00010000 00:1cea 353                      /home/runner/.cache/jdt-language-server/config/org.eclipse.equinox.launcher/org.eclipse.equinox.launcher.gtk.linux.x86_64_1.2.400.v20211117-0650/eclipse_11600.so
7f4c80000000-7f4c80021000 rw-p 00000000 00:00 0 
7f4c80021000-7f4c84000000 ---p 00000000 00:00 0 
7f4c84f00000-7f4c84f04000 ---p 00000000 00:00 0 
7f4c84f04000-7f4c85000000 rw-p 00000000 00:00 0 
7f4c85100000-7f4c85104000 ---p 00000000 00:00 0 
7f4c85104000-7f4c85200000 rw-p 00000000 00:00 0 
7f4c85300000-7f4c85304000 ---p 00000000 00:00 0 
7f4c85304000-7f4c85400000 rw-p 00000000 00:00 0 
7f4c85500000-7f4c85504000 ---p 00000000 00:00 0 
7f4c85504000-7f4c85600000 rw-p 00000000 00:00 0 
7f4c85600000-7f4c85604000 ---p 00000000 00:00 0 
7f4c85604000-7f4c85700000 rw-p 00000000 00:00 0 
7f4c85700000-7f4c85704000 ---p 00000000 00:00 0 
7f4c85704000-7f4c85800000 rw-p 00000000 00:00 0 
7f4c85900000-7f4c85904000 ---p 00000000 00:00 0 
7f4c85904000-7f4c85a00000 rw-p 00000000 00:00 0 
7f4c85b00000-7f4c85b04000 ---p 00000000 00:00 0 
7f4c85b04000-7f4c85c00000 rw-p 00000000 00:00 0 
7f4c85d00000-7f4c85d04000 ---p 00000000 00:00 0 
7f4c85d04000-7f4c85e00000 rw-p 00000000 00:00 0 
7f4c85f00000-7f4c85f04000 ---p 00000000 00:00 0 
7f4c85f04000-7f4c86000000 rw-p 00000000 00:00 0 
7f4c86000000-7f4c86004000 ---p 00000000 00:00 0 
7f4c86004000-7f4c86100000 rw-p 00000000 00:00 0 
7f4c86100000-7f4c86104000 ---p 00000000 00:00 0 
7f4c86104000-7f4c86200000 rw-p 00000000 00:00 0 
7f4c86300000-7f4c86304000 ---p 00000000 00:00 0 
7f4c86304000-7f4c86400000 rw-p 00000000 00:00 0 
7f4c86500000-7f4c86504000 ---p 00000000 00:00 0 
7f4c86504000-7f4c86600000 rw-p 00000000 00:00 0 
7f4c86700000-7f4c86704000 ---p 00000000 00:00 0 
7f4c86704000-7f4c86800000 rw-p 00000000 00:00 0 
7f4c86900000-7f4c86904000 ---p 00000000 00:00 0 
7f4c86904000-7f4c86a00000 rw-p 00000000 00:00 0 
7f4c86b00000-7f4c86b04000 ---p 00000000 00:00 0 
7f4c86b04000-7f4c86c00000 rw-p 00000000 00:00 0 
7f4c86d00000-7f4c86d04000 ---p 00000000 00:00 0 
7f4c86d04000-7f4c86e00000 rw-p 00000000 00:00 0 
7f4c87a68000-7f4c87f00000 rw-p 00000000 00:00 0 
7f4c88000000-7f4c88021000 rw-p 00000000 00:00 0 
7f4c88021000-7f4c8c000000 ---p 00000000 00:00 0 
7f4c8c000000-7f4c8c021000 rw-p 00000000 00:00 0 
7f4c8c021000-7f4c90000000 ---p 00000000 00:00 0 
7f4c90000000-7f4c90109000 rw-p 00000000 00:00 0 
7f4c90109000-7f4c94000000 ---p 00000000 00:00 0 
7f4c94000000-7f4c94021000 rw-p 00000000 00:00 0 
7f4c94021000-7f4c98000000 ---p 00000000 00:00 0 
7f4c98000000-7f4c980cc000 rw-p 00000000 00:00 0 
7f4c980cc000-7f4c9c000000 ---p 00000000 00:00 0 
7f4c9c000000-7f4c9cab6000 rw-p 00000000 00:00 0 
7f4c9cab6000-7f4ca0000000 ---p 00000000 00:00 0 
7f4ca0000000-7f4ca0021000 rw-p 00000000 00:00 0 
7f4ca0021000-7f4ca4000000 ---p 00000000 00:00 0 
7f4ca4000000-7f4ca4021000 rw-p 00000000 00:00 0 
7f4ca4021000-7f4ca8000000 ---p 00000000 00:00 0 
7f4ca8000000-7f4ca8021000 rw-p 00000000 00:00 0 
7f4ca8021000-7f4cac000000 ---p 00000000 00:00 0 
7f4cac000000-7f4cac021000 rw-p 00000000 00:00 0 
7f4cac021000-7f4cb0000000 ---p 00000000 00:00 0 
7f4cb0000000-7f4cb0021000 rw-p 00000000 00:00 0 
7f4cb0021000-7f4cb4000000 ---p 00000000 00:00 0 
7f4cb4000000-7f4cb4021000 rw-p 00000000 00:00 0 
7f4cb4021000-7f4cb8000000 ---p 00000000 00:00 0 
7f4cb8000000-7f4cb81c8000 rw-p 00000000 00:00 0 
7f4cb81c8000-7f4cbc000000 ---p 00000000 00:00 0 
7f4cbc100000-7f4cbc104000 ---p 00000000 00:00 0 
7f4cbc104000-7f4cbc200000 rw-p 00000000 00:00 0 
7f4cbc300000-7f4cbc304000 ---p 00000000 00:00 0 
7f4cbc304000-7f4cbc400000 rw-p 00000000 00:00 0 
7f4cbc400000-7f4cbc404000 ---p 00000000 00:00 0 
7f4cbc404000-7f4cbc500000 rw-p 00000000 00:00 0 
7f4cbc500000-7f4cbc504000 ---p 00000000 00:00 0 
7f4cbc504000-7f4cbc600000 rw-p 00000000 00:00 0 
7f4cbc600000-7f4cbe76a000 r-xp 00000000 00:1cfa 4611686019135190040      /nix/store/gpxl5qgg8kicmcvivwmybwjlpf7wh20l-graalvm17-ce-22.3.0/lib/libjvmcicompiler.so
7f4cbe76a000-7f4cbe969000 ---p 0216a000 00:1cfa 4611686019135190040      /nix/store/gpxl5qgg8kicmcvivwmybwjlpf7wh20l-graalvm17-ce-22.3.0/lib/libjvmcicompiler.so
7f4cbe969000-7f4cbe96a000 r--p 02169000 00:1cfa 4611686019135190040      /nix/store/gpxl5qgg8kicmcvivwmybwjlpf7wh20l-graalvm17-ce-22.3.0/lib/libjvmcicompiler.so
7f4cbe96a000-7f4cbe96c000 rw-p 0216a000 00:1cfa 4611686019135190040      /nix/store/gpxl5qgg8kicmcvivwmybwjlpf7wh20l-graalvm17-ce-22.3.0/lib/libjvmcicompiler.so
7f4cbe96c000-7f4cbe96d000 rw-p 00000000 00:00 0 
7f4cbe96d000-7f4cbe972000 rw-p 023c3000 00:1cfa 4611686019135190040      /nix/store/gpxl5qgg8kicmcvivwmybwjlpf7wh20l-graalvm17-ce-22.3.0/lib/libjvmcicompiler.so
7f4cbe98f000-7f4cbe993000 ---p 00000000 00:00 0 
7f4cbe993000-7f4cbe9b1000 rw-p 00000000 00:00 0 
7f4cbe9b1000-7f4cbe9b2000 ---p 00000000 00:00 0 
7f4cbe9b2000-7f4cbeab3000 rw-p 00000000 00:00 0 
7f4cbeab3000-7f4cbeab7000 ---p 00000000 00:00 0 
7f4cbeab7000-7f4cbebb3000 rw-p 00000000 00:00 0 
7f4cbebb3000-7f4cbebb7000 ---p 00000000 00:00 0 
7f4cbebb7000-7f4cbecb3000 rw-p 00000000 00:00 0 
7f4cbecb3000-7f4cbecb7000 ---p 00000000 00:00 0 
7f4cbecb7000-7f4cbedb3000 rw-p 00000000 00:00 0 
7f4cbedb3000-7f4cbedb7000 ---p 00000000 00:00 0 
7f4cbedb7000-7f4cbefb3000 rw-p 00000000 00:00 0 
7f4cbefb3000-7f4cbefb7000 ---p 00000000 00:00 0 
7f4cbefb7000-7f4cbf1b3000 rw-p 00000000 00:00 0 
7f4cbf1b3000-7f4cbf1b7000 ---p 00000000 00:00 0 
7f4cbf1b7000-7f4cbf2b3000 rw-p 00000000 00:00 0 
7f4cbf2b3000-7f4cbf2b7000 ---p 00000000 00:00 0 
7f4cbf2b7000-7f4cbf3b3000 rw-p 00000000 00:00 0 
7f4cbf3b3000-7f4cbf3b7000 ---p 00000000 00:00 0 
7f4cbf3b7000-7f4cbf4b3000 rw-p 00000000 00:00 0 
7f4cbf4b3000-7f4cbf723000 rwxp 00000000 00:00 0 
7f4cbf723000-7f4cbfa42000 ---p 00000000 00:00 0 
7f4cbfa42000-7f4cc0992000 rwxp 00000000 00:00 0 
7f4cc0992000-7f4cc6f7a000 ---p 00000000 00:00 0 
7f4cc6f7a000-7f4cc71ea000 rwxp 00000000 00:00 0 
7f4cc71ea000-7f4cce4b3000 ---p 00000000 00:00 0 
7f4cce4b3000-7f4cd8000000 r--s 00000000 00:1cfa 4611686019135192581      /nix/store/gpxl5qgg8kicmcvivwmybwjlpf7wh20l-graalvm17-ce-22.3.0/lib/modules
7f4cd8000000-7f4cd864a000 rw-p 00000000 00:00 0 
7f4cd864a000-7f4cdc000000 ---p 00000000 00:00 0 
7f4cdc00e000-7f4cdc015000 r-xp 00000000 00:1cfa 4611686019135192580      /nix/store/gpxl5qgg8kicmcvivwmybwjlpf7wh20l-graalvm17-ce-22.3.0/lib/libzip.so
7f4cdc015000-7f4cdc016000 ---p 00007000 00:1cfa 4611686019135192580      /nix/store/gpxl5qgg8kicmcvivwmybwjlpf7wh20l-graalvm17-ce-22.3.0/lib/libzip.so
7f4cdc016000-7f4cdc017000 r--p 00007000 00:1cfa 4611686019135192580      /nix/store/gpxl5qgg8kicmcvivwmybwjlpf7wh20l-graalvm17-ce-22.3.0/lib/libzip.so
7f4cdc017000-7f4cdc018000 rw-p 00008000 00:1cfa 4611686019135192580      /nix/store/gpxl5qgg8kicmcvivwmybwjlpf7wh20l-graalvm17-ce-22.3.0/lib/libzip.so
7f4cdc018000-7f4cdc01a000 rw-p 0000b000 00:1cfa 4611686019135192580      /nix/store/gpxl5qgg8kicmcvivwmybwjlpf7wh20l-graalvm17-ce-22.3.0/lib/libzip.so
7f4cdc01a000-7f4cdc300000 r--p 00000000 00:1c49 28444448                 /usr/lib/locale/locale-archive
7f4cdc300000-7f4cdc304000 ---p 00000000 00:00 0 
7f4cdc304000-7f4cdc800000 rw-p 00000000 00:00 0 
7f4cdc800000-7f4cdcb00000 rw-p 00000000 00:00 0 
7f4cdcb00000-7f4cdcc00000 rw-p 00000000 00:00 0 
7f4cdcc04000-7f4cdcc06000 r-xp 00000000 00:1cfa 4611686019135190017      /nix/store/gpxl5qgg8kicmcvivwmybwjlpf7wh20l-graalvm17-ce-22.3.0/lib/libextnet.so
7f4cdcc06000-7f4cdcc07000 r--p 00001000 00:1cfa 4611686019135190017      /nix/store/gpxl5qgg8kicmcvivwmybwjlpf7wh20l-graalvm17-ce-22.3.0/lib/libextnet.so
7f4cdcc07000-7f4cdcc08000 rw-p 00002000 00:1cfa 4611686019135190017      /nix/store/gpxl5qgg8kicmcvivwmybwjlpf7wh20l-graalvm17-ce-22.3.0/lib/libextnet.so
7f4cdcc08000-7f4cdcc09000 rw-p 00004000 00:1cfa 4611686019135190017      /nix/store/gpxl5qgg8kicmcvivwmybwjlpf7wh20l-graalvm17-ce-22.3.0/lib/libextnet.so
7f4cdcc09000-7f4cdcc1e000 r-xp 00000000 00:1cfa 4611686019135192570      /nix/store/gpxl5qgg8kicmcvivwmybwjlpf7wh20l-graalvm17-ce-22.3.0/lib/libnet.so
7f4cdcc1e000-7f4cdcc1f000 ---p 00015000 00:1cfa 4611686019135192570      /nix/store/gpxl5qgg8kicmcvivwmybwjlpf7wh20l-graalvm17-ce-22.3.0/lib/libnet.so
7f4cdcc1f000-7f4cdcc20000 r--p 00015000 00:1cfa 4611686019135192570      /nix/store/gpxl5qgg8kicmcvivwmybwjlpf7wh20l-graalvm17-ce-22.3.0/lib/libnet.so
7f4cdcc20000-7f4cdcc21000 rw-p 00016000 00:1cfa 4611686019135192570      /nix/store/gpxl5qgg8kicmcvivwmybwjlpf7wh20l-graalvm17-ce-22.3.0/lib/libnet.so
7f4cdcc21000-7f4cdcc24000 rw-p 0001b000 00:1cfa 4611686019135192570      /nix/store/gpxl5qgg8kicmcvivwmybwjlpf7wh20l-graalvm17-ce-22.3.0/lib/libnet.so
7f4cdcc24000-7f4cdcc37000 r-xp 00000000 00:1cfa 4611686019135192571      /nix/store/gpxl5qgg8kicmcvivwmybwjlpf7wh20l-graalvm17-ce-22.3.0/lib/libnio.so
7f4cdcc37000-7f4cdcc38000 r--p 00012000 00:1cfa 4611686019135192571      /nix/store/gpxl5qgg8kicmcvivwmybwjlpf7wh20l-graalvm17-ce-22.3.0/lib/libnio.so
7f4cdcc38000-7f4cdcc39000 rw-p 00013000 00:1cfa 4611686019135192571      /nix/store/gpxl5qgg8kicmcvivwmybwjlpf7wh20l-graalvm17-ce-22.3.0/lib/libnio.so
7f4cdcc39000-7f4cdcc3e000 rw-p 00019000 00:1cfa 4611686019135192571      /nix/store/gpxl5qgg8kicmcvivwmybwjlpf7wh20l-graalvm17-ce-22.3.0/lib/libnio.so
7f4cdcc3e000-7f4cdcc42000 ---p 00000000 00:00 0 
7f4cdcc42000-7f4cdcd3e000 rw-p 00000000 00:00 0 
7f4cdcd3e000-7f4cdcd3f000 ---p 00000000 00:00 0 
7f4cdcd3f000-7f4cdce40000 rw-p 00000000 00:00 0 
7f4cdce40000-7f4cdcf0e000 r-xp 00000000 00:1cfa 4611686019135190036      /nix/store/gpxl5qgg8kicmcvivwmybwjlpf7wh20l-graalvm17-ce-22.3.0/lib/libjsvml.so
7f4cdcf0e000-7f4cdcf0f000 r--p 000cd000 00:1cfa 4611686019135190036      /nix/store/gpxl5qgg8kicmcvivwmybwjlpf7wh20l-graalvm17-ce-22.3.0/lib/libjsvml.so
7f4cdcf0f000-7f4cdcf10000 rw-p 000ce000 00:1cfa 4611686019135190036      /nix/store/gpxl5qgg8kicmcvivwmybwjlpf7wh20l-graalvm17-ce-22.3.0/lib/libjsvml.so
7f4cdcf10000-7f4cde7e8000 rw-p 00000000 00:00 0 
7f4cde7e8000-7f4cde7e9000 ---p 00000000 00:00 0 
7f4cde7e9000-7f4cde994000 rw-p 00000000 00:00 0 
7f4cde994000-7f4cde9bf000 rw-p 00000000 00:00 0 
7f4cde9bf000-7f4cde9ea000 ---p 00000000 00:00 0 
7f4cde9ea000-7f4cde9f0000 rw-p 00000000 00:00 0 
7f4cde9f0000-7f4cdead6000 ---p 00000000 00:00 0 
7f4cdead6000-7f4cdeaf5000 rw-p 00000000 00:00 0 
7f4cdeaf5000-7f4cdebc1000 ---p 00000000 00:00 0 
7f4cdebc1000-7f4cdebc6000 rw-p 00000000 00:00 0 
7f4cdebc6000-7f4cdebcd000 ---p 00000000 00:00 0 
7f4cdebcd000-7f4cdebf1000 r-xp 00000000 00:1cfa 4611686019135190028      /nix/store/gpxl5qgg8kicmcvivwmybwjlpf7wh20l-graalvm17-ce-22.3.0/lib/libjava.so
7f4cdebf1000-7f4cdebf2000 ---p 00024000 00:1cfa 4611686019135190028      /nix/store/gpxl5qgg8kicmcvivwmybwjlpf7wh20l-graalvm17-ce-22.3.0/lib/libjava.so
7f4cdebf2000-7f4cdebf3000 r--p 00024000 00:1cfa 4611686019135190028      /nix/store/gpxl5qgg8kicmcvivwmybwjlpf7wh20l-graalvm17-ce-22.3.0/lib/libjava.so
7f4cdebf3000-7f4cdebf4000 rw-p 00025000 00:1cfa 4611686019135190028      /nix/store/gpxl5qgg8kicmcvivwmybwjlpf7wh20l-graalvm17-ce-22.3.0/lib/libjava.so
7f4cdebf4000-7f4cdebf5000 rw-p 00000000 00:00 0 
7f4cdebf5000-7f4cdebfc000 rw-p 0002f000 00:1cfa 4611686019135190028      /nix/store/gpxl5qgg8kicmcvivwmybwjlpf7wh20l-graalvm17-ce-22.3.0/lib/libjava.so
7f4cdebfc000-7f4cdec04000 rw-s 00000000 00:c36 350                       /tmp/hsperfdata_runner/22
7f4cdec04000-7f4cdec05000 ---p 00000000 00:00 0 
7f4cdec05000-7f4cdec06000 r--p 00000000 00:00 0 
7f4cdec06000-7f4cdec07000 rwxp 00000000 00:00 0 
7f4cdec07000-7f4cdec22000 r-xp 00000000 00:1cfa 4611686019135190032      /nix/store/gpxl5qgg8kicmcvivwmybwjlpf7wh20l-graalvm17-ce-22.3.0/lib/libjimage.so
7f4cdec22000-7f4cdec23000 ---p 0001b000 00:1cfa 4611686019135190032      /nix/store/gpxl5qgg8kicmcvivwmybwjlpf7wh20l-graalvm17-ce-22.3.0/lib/libjimage.so
7f4cdec23000-7f4cdec25000 r--p 0001b000 00:1cfa 4611686019135190032      /nix/store/gpxl5qgg8kicmcvivwmybwjlpf7wh20l-graalvm17-ce-22.3.0/lib/libjimage.so
7f4cdec25000-7f4cdec26000 rw-p 0001d000 00:1cfa 4611686019135190032      /nix/store/gpxl5qgg8kicmcvivwmybwjlpf7wh20l-graalvm17-ce-22.3.0/lib/libjimage.so
7f4cdec26000-7f4cdec27000 rw-p 00024000 00:1cfa 4611686019135190032      /nix/store/gpxl5qgg8kicmcvivwmybwjlpf7wh20l-graalvm17-ce-22.3.0/lib/libjimage.so
7f4cdec27000-7f4cdec2b000 ---p 00000000 00:00 0 
7f4cdec2b000-7f4cded27000 rw-p 00000000 00:00 0 
7f4cded27000-7f4cded35000 r--p 00000000 00:1cfa 4611686019027979927      /nix/store/4nlgxhb09sdr51nc9hdm8az5b08vzkgx-glibc-2.35-163/lib/libm.so.6
7f4cded35000-7f4cdeda8000 r-xp 0000e000 00:1cfa 4611686019027979927      /nix/store/4nlgxhb09sdr51nc9hdm8az5b08vzkgx-glibc-2.35-163/lib/libm.so.6
7f4cdeda8000-7f4cdee05000 r--p 00081000 00:1cfa 4611686019027979927      /nix/store/4nlgxhb09sdr51nc9hdm8az5b08vzkgx-glibc-2.35-163/lib/libm.so.6
7f4cdee05000-7f4cdee06000 r--p 000dd000 00:1cfa 4611686019027979927      /nix/store/4nlgxhb09sdr51nc9hdm8az5b08vzkgx-glibc-2.35-163/lib/libm.so.6
7f4cdee06000-7f4cdee07000 rw-p 000de000 00:1cfa 4611686019027979927      /nix/store/4nlgxhb09sdr51nc9hdm8az5b08vzkgx-glibc-2.35-163/lib/libm.so.6
7f4cdee07000-7f4cdee08000 r--p 00000000 00:1cfa 4611686019027979946      /nix/store/4nlgxhb09sdr51nc9hdm8az5b08vzkgx-glibc-2.35-163/lib/librt.so.1
7f4cdee08000-7f4cdee09000 r-xp 00001000 00:1cfa 4611686019027979946      /nix/store/4nlgxhb09sdr51nc9hdm8az5b08vzkgx-glibc-2.35-163/lib/librt.so.1
7f4cdee09000-7f4cdee0a000 r--p 00002000 00:1cfa 4611686019027979946      /nix/store/4nlgxhb09sdr51nc9hdm8az5b08vzkgx-glibc-2.35-163/lib/librt.so.1
7f4cdee0a000-7f4cdee0b000 r--p 00002000 00:1cfa 4611686019027979946      /nix/store/4nlgxhb09sdr51nc9hdm8az5b08vzkgx-glibc-2.35-163/lib/librt.so.1
7f4cdee0b000-7f4cdee0c000 rw-p 00003000 00:1cfa 4611686019027979946      /nix/store/4nlgxhb09sdr51nc9hdm8az5b08vzkgx-glibc-2.35-163/lib/librt.so.1
7f4cdee0c000-7f4cdff1f000 r-xp 00000000 00:1cfa 4611686019135360866      /nix/store/gpxl5qgg8kicmcvivwmybwjlpf7wh20l-graalvm17-ce-22.3.0/lib/server/libjvm.so
7f4cdff1f000-7f4cdff20000 ---p 01113000 00:1cfa 4611686019135360866      /nix/store/gpxl5qgg8kicmcvivwmybwjlpf7wh20l-graalvm17-ce-22.3.0/lib/server/libjvm.so
7f4cdff20000-7f4cdffd5000 r--p 01113000 00:1cfa 4611686019135360866      /nix/store/gpxl5qgg8kicmcvivwmybwjlpf7wh20l-graalvm17-ce-22.3.0/lib/server/libjvm.so
7f4cdffd5000-7f4ce0009000 rw-p 011c8000 00:1cfa 4611686019135360866      /nix/store/gpxl5qgg8kicmcvivwmybwjlpf7wh20l-graalvm17-ce-22.3.0/lib/server/libjvm.so
7f4ce0009000-7f4ce0065000 rw-p 00000000 00:00 0 
7f4ce0065000-7f4ce008d000 r--p 00000000 00:1cfa 4611686019027979918      /nix/store/4nlgxhb09sdr51nc9hdm8az5b08vzkgx-glibc-2.35-163/lib/libc.so.6
7f4ce008d000-7f4ce0203000 r-xp 00028000 00:1cfa 4611686019027979918      /nix/store/4nlgxhb09sdr51nc9hdm8az5b08vzkgx-glibc-2.35-163/lib/libc.so.6
7f4ce0203000-7f4ce025b000 r--p 0019e000 00:1cfa 4611686019027979918      /nix/store/4nlgxhb09sdr51nc9hdm8az5b08vzkgx-glibc-2.35-163/lib/libc.so.6
7f4ce025b000-7f4ce025f000 r--p 001f6000 00:1cfa 4611686019027979918      /nix/store/4nlgxhb09sdr51nc9hdm8az5b08vzkgx-glibc-2.35-163/lib/libc.so.6
7f4ce025f000-7f4ce0261000 rw-p 001fa000 00:1cfa 4611686019027979918      /nix/store/4nlgxhb09sdr51nc9hdm8az5b08vzkgx-glibc-2.35-163/lib/libc.so.6
7f4ce0261000-7f4ce0270000 rw-p 00000000 00:00 0 
7f4ce0270000-7f4ce0271000 r--p 00000000 00:1cfa 4611686019027979923      /nix/store/4nlgxhb09sdr51nc9hdm8az5b08vzkgx-glibc-2.35-163/lib/libdl.so.2
7f4ce0271000-7f4ce0272000 r-xp 00001000 00:1cfa 4611686019027979923      /nix/store/4nlgxhb09sdr51nc9hdm8az5b08vzkgx-glibc-2.35-163/lib/libdl.so.2
7f4ce0272000-7f4ce0273000 r--p 00002000 00:1cfa 4611686019027979923      /nix/store/4nlgxhb09sdr51nc9hdm8az5b08vzkgx-glibc-2.35-163/lib/libdl.so.2
7f4ce0273000-7f4ce0274000 r--p 00002000 00:1cfa 4611686019027979923      /nix/store/4nlgxhb09sdr51nc9hdm8az5b08vzkgx-glibc-2.35-163/lib/libdl.so.2
7f4ce0274000-7f4ce0275000 rw-p 00003000 00:1cfa 4611686019027979923      /nix/store/4nlgxhb09sdr51nc9hdm8az5b08vzkgx-glibc-2.35-163/lib/libdl.so.2
7f4ce0275000-7f4ce0276000 r--p 00000000 00:1cfa 4611686019027979942      /nix/store/4nlgxhb09sdr51nc9hdm8az5b08vzkgx-glibc-2.35-163/lib/libpthread.so.0
7f4ce0276000-7f4ce0277000 r-xp 00001000 00:1cfa 4611686019027979942      /nix/store/4nlgxhb09sdr51nc9hdm8az5b08vzkgx-glibc-2.35-163/lib/libpthread.so.0
7f4ce0277000-7f4ce0278000 r--p 00002000 00:1cfa 4611686019027979942      /nix/store/4nlgxhb09sdr51nc9hdm8az5b08vzkgx-glibc-2.35-163/lib/libpthread.so.0
7f4ce0278000-7f4ce0279000 r--p 00002000 00:1cfa 4611686019027979942      /nix/store/4nlgxhb09sdr51nc9hdm8az5b08vzkgx-glibc-2.35-163/lib/libpthread.so.0
7f4ce0279000-7f4ce027a000 rw-p 00003000 00:1cfa 4611686019027979942      /nix/store/4nlgxhb09sdr51nc9hdm8az5b08vzkgx-glibc-2.35-163/lib/libpthread.so.0
7f4ce027a000-7f4ce0288000 r-xp 00000000 00:1cfa 4611686019135190033      /nix/store/gpxl5qgg8kicmcvivwmybwjlpf7wh20l-graalvm17-ce-22.3.0/lib/libjli.so
7f4ce0288000-7f4ce0289000 ---p 0000e000 00:1cfa 4611686019135190033      /nix/store/gpxl5qgg8kicmcvivwmybwjlpf7wh20l-graalvm17-ce-22.3.0/lib/libjli.so
7f4ce0289000-7f4ce028a000 r--p 0000e000 00:1cfa 4611686019135190033      /nix/store/gpxl5qgg8kicmcvivwmybwjlpf7wh20l-graalvm17-ce-22.3.0/lib/libjli.so
7f4ce028a000-7f4ce028b000 rw-p 0000f000 00:1cfa 4611686019135190033      /nix/store/gpxl5qgg8kicmcvivwmybwjlpf7wh20l-graalvm17-ce-22.3.0/lib/libjli.so
7f4ce028b000-7f4ce028c000 rw-p 00012000 00:1cfa 4611686019135190033      /nix/store/gpxl5qgg8kicmcvivwmybwjlpf7wh20l-graalvm17-ce-22.3.0/lib/libjli.so
7f4ce028c000-7f4ce028f000 r--p 00000000 00:1cfa 4611686019106210071      /nix/store/026hln0aq1hyshaxsdvhg0kmcm6yf45r-zlib-1.2.13/lib/libz.so.1.2.13
7f4ce028f000-7f4ce02a1000 r-xp 00003000 00:1cfa 4611686019106210071      /nix/store/026hln0aq1hyshaxsdvhg0kmcm6yf45r-zlib-1.2.13/lib/libz.so.1.2.13
7f4ce02a1000-7f4ce02a8000 r--p 00015000 00:1cfa 4611686019106210071      /nix/store/026hln0aq1hyshaxsdvhg0kmcm6yf45r-zlib-1.2.13/lib/libz.so.1.2.13
7f4ce02a8000-7f4ce02a9000 r--p 0001b000 00:1cfa 4611686019106210071      /nix/store/026hln0aq1hyshaxsdvhg0kmcm6yf45r-zlib-1.2.13/lib/libz.so.1.2.13
7f4ce02a9000-7f4ce02aa000 rw-p 0001c000 00:1cfa 4611686019106210071      /nix/store/026hln0aq1hyshaxsdvhg0kmcm6yf45r-zlib-1.2.13/lib/libz.so.1.2.13
7f4ce02aa000-7f4ce02ac000 rw-p 00000000 00:00 0 
7f4ce02ac000-7f4ce02ae000 r--p 00000000 00:1cfa 4611686019027979912      /nix/store/4nlgxhb09sdr51nc9hdm8az5b08vzkgx-glibc-2.35-163/lib/ld-linux-x86-64.so.2
7f4ce02ae000-7f4ce02d5000 r-xp 00002000 00:1cfa 4611686019027979912      /nix/store/4nlgxhb09sdr51nc9hdm8az5b08vzkgx-glibc-2.35-163/lib/ld-linux-x86-64.so.2
7f4ce02d5000-7f4ce02e1000 r--p 00029000 00:1cfa 4611686019027979912      /nix/store/4nlgxhb09sdr51nc9hdm8az5b08vzkgx-glibc-2.35-163/lib/ld-linux-x86-64.so.2
7f4ce02e1000-7f4ce02e3000 r--p 00034000 00:1cfa 4611686019027979912      /nix/store/4nlgxhb09sdr51nc9hdm8az5b08vzkgx-glibc-2.35-163/lib/ld-linux-x86-64.so.2
7f4ce02e3000-7f4ce02e5000 rw-p 00036000 00:1cfa 4611686019027979912      /nix/store/4nlgxhb09sdr51nc9hdm8az5b08vzkgx-glibc-2.35-163/lib/ld-linux-x86-64.so.2
7ffeef3e0000-7ffeef404000 rw-p 00000000 00:00 0                          [stack]
7ffeef41a000-7ffeef41e000 r--p 00000000 00:00 0                          [vvar]
7ffeef41e000-7ffeef420000 r-xp 00000000 00:00 0                          [vdso]
ffffffffff600000-ffffffffff601000 --xp 00000000 00:00 0                  [vsyscall]


VM Arguments:
jvm_args: -XX:ThreadPriorityPolicy=1 -XX:+UnlockExperimentalVMOptions -XX:+EnableJVMCIProduct -XX:JVMCIThreadsPerNativeLibraryRuntime=1 -XX:-UnlockExperimentalVMOptions -Declipse.application=org.eclipse.jdt.ls.core.id1 -Dosgi.bundles.defaultStartLevel=4 -Declipse.product=org.eclipse.jdt.ls.core.product -Dlog.level=ALL -Xverify:none -XX:+UseParallelGC -XX:GCTimeRatio=4 -XX:AdaptiveSizePolicyWeight=90 -Dsun.zip.disableMemoryMapping=true -Xmx512m -Xms100m 
java_command: /nix/store/m6gcpi1ii6rghy04cjwjddcavv7i90df-jdt-language-server-1.9.0/share/java/plugins/org.eclipse.equinox.launcher_1.6.400.v20210924-0641.jar --add-modules=ALL-SYSTEM --add-opens java.base/java.util=ALL-UNNAMED --add-opens java.base/java.lang=ALL-UNNAMED -configuration /home/runner/.cache/jdt-language-server/config -data /home/runner/.cache/jdt-language-server/data/home/runner/Customer-Simulation
java_class_path (initial): /nix/store/m6gcpi1ii6rghy04cjwjddcavv7i90df-jdt-language-server-1.9.0/share/java/plugins/org.eclipse.equinox.launcher_1.6.400.v20210924-0641.jar
Launcher Type: SUN_STANDARD

[Global flags]
    uintx AdaptiveSizePolicyWeight                 = 90                                        {product} {command line}
     intx CICompilerCount                          = 2                                         {product} {ergonomic}
     bool EnableJVMCIProduct                       = true                                {JVMCI product} {jimage}
    uintx GCTimeRatio                              = 4                                         {product} {command line}
   size_t InitialHeapSize                          = 104857600                                 {product} {command line}
     uint JVMCIThreadsPerNativeLibraryRuntime      = 1                                   {JVMCI product} {jimage}
   size_t MaxHeapSize                              = 536870912                                 {product} {command line}
   size_t MaxNewSize                               = 178782208                                 {product} {ergonomic}
   size_t MinHeapDeltaBytes                        = 524288                                    {product} {ergonomic}
   size_t MinHeapSize                              = 104857600                                 {product} {command line}
   size_t NewSize                                  = 34603008                                  {product} {ergonomic}
    uintx NonNMethodCodeHeapSize                   = 5826188                                {pd product} {ergonomic}
    uintx NonProfiledCodeHeapSize                  = 122916026                              {pd product} {ergonomic}
   size_t OldSize                                  = 70254592                                  {product} {ergonomic}
    uintx ProfiledCodeHeapSize                     = 122916026                              {pd product} {ergonomic}
    uintx ReservedCodeCacheSize                    = 251658240                              {pd product} {ergonomic}
     bool SegmentedCodeCache                       = true                                      {product} {ergonomic}
   size_t SoftMaxHeapSize                          = 536870912                              {manageable} {ergonomic}
     intx ThreadPriorityPolicy                     = 1                                         {product} {jimage}
     bool UseCompressedClassPointers               = true                           {product lp64_product} {ergonomic}
     bool UseCompressedOops                        = true                           {product lp64_product} {ergonomic}
     bool UseParallelGC                            = true                                      {product} {command line}

Logging:
Log output configuration:
 #0: stdout all=warning uptime,level,tags
 #1: stderr all=off uptime,level,tags

Environment Variables:
JAVA_HOME=/nix/store/gpxl5qgg8kicmcvivwmybwjlpf7wh20l-graalvm17-ce-22.3.0
PATH=/nix/store/1d6ian3r8kdzspw8hacjhl3xkp40g1lj-binutils-wrapper-2.39/bin:/nix/store/dq0xwmsk1g0i2ayg6pb7y87na2knzylh-gcc-wrapper-11.3.0/bin:/nix/store/bap4d0lpcrhpwmpb8ayjcgkmvfj62lnq-bash-interactive-5.1-p16/bin:/nix/store/pr5n59mb4jzmfx6kanwxly0l07p861fg-patchelf-0.15.0/bin:/nix/store/1gf2flfqnpqbr1b4p4qz2f72y42bs56r-gcc-11.3.0/bin:/nix/store/57xv61c5zi8pphjbcwxxjlgc34p61ic9-glibc-2.35-163-bin/bin:/nix/store/a7gvj343m05j2s32xcnwr35v31ynlypr-coreutils-9.1/bin:/nix/store/039g378vc3pc3dvi9dzdlrd0i4q93qwf-binutils-2.39/bin:/nix/store/gpxl5qgg8kicmcvivwmybwjlpf7wh20l-graalvm17-ce-22.3.0/bin:/nix/store/6z9ag3ihc8mq2hzsw48lhbznvzny65nz-apache-maven-3.8.6/bin:/nix/store/m6gcpi1ii6rghy04cjwjddcavv7i90df-jdt-language-server-1.9.0/bin:/nix/store/84xs5alhs01zrbr4ywm05kxbjbp5590l-java-debug/bin:/nix/store/mydc6f4k2z73xlcz7ilif3v2lcaiqvza-findutils-4.9.0/bin:/nix/store/j9p3g8472iijd50vhdprx0nmk2fqn5gv-diffutils-3.8/bin:/nix/store/89zs7rms6x00xfq4dq6m7mjnhkr8a6r4-gnused-4.8/bin:/nix/store/86bp03jkmsl6f92w0yzg4s59g5mhxwmy-gnugrep-3.7/bin:/nix/store/hwcdqw4jrjnd37wxqgsd47hd0j8bnj09-gawk-5.1.1/bin:/nix/store/cfbhw8r8ags41vwqaz47r583d0p4h4a1-gnutar-1.34/bin:/nix/store/p3m1ndl1lapwrlh698bnb5lvvxh67378-gzip-1.12/bin:/nix/store/a8mhcagrsly7c7mpjrpsnaahk4aax056-bzip2-1.0.8-bin/bin:/nix/store/mblgz65m3zv9x548a3d5m96fj2pbwr09-gnumake-4.3/bin:/nix/store/dsd5gz46hdbdk2rfdimqddhq6m8m8fqs-bash-5.1-p16/bin:/nix/store/v7ljksji50mg3w61dykaa3n3y79n6nil-patch-2.7.6/bin:/nix/store/zlcnmqq14jz5x9439jf937mvayyl63da-xz-5.2.7-bin/bin:/nix/store/y6aj732zm9m87c82fpvf103a1xb22blp-file-5.43/bin:/nix/store/sgqd0ajghcv2axfl1lad0b1alyavp0dc-prybar-elisp-0.0.0-67f7a00/bin:/nix/store/p3hsvljpgs68jqwar41lc0jqhjj734lf-prybar-lua-0.0.0-67f7a00/bin:/nix/store/qzxs2gybds3s9kb1vkaflpgm2nwr85fh-prybar-python3-0.0.0-67f7a00/bin:/nix/store/km94z9mxp8w4m8gxxp5mbfpdf3nkfvd8-prybar-sqlite-0.0.0-67f7a00/bin:/nix/store/2pnc7b76asw0z59c4l6h6qy8arwqrii1-prybar-tcl-0.0.0-67f7a00/bin:/nix/store/hpbvrlwd5viqmvcaisb3x0118i913a9n-st
LD_LIBRARY_PATH=/nix/store/a4pff549sk2idnkpzk5nsfps3mdkdnvm-cups-2.4.2-lib/lib:/nix/store/72mqxxhh3cy5yifh92wh2yb8cl2hikyy-cairo-1.16.0/lib:/nix/store/2k366jrbsra97gjfxwvrhvixjfxdach5-glib-2.74.1/lib:/nix/store/2j2znigd8ak37rlwh9khz0ry3clqlw1l-gtk+3-3.24.34/lib:/nix/store/hisqvx32cd57apbpcsnkpx6k3549wql1-libglvnd-1.4.0/lib:/nix/store/p36pgcv991mq5srvg765b78yqpxvk3qs-mesa-21.3.3-drivers/lib:/nix/store/mav4251if1ahjq5vkpwycyyvnmy459c4-pulseaudio-14.2/lib
DISPLAY=:0
LANG=en_US.UTF-8

Signal Handlers:
   SIGSEGV: crash_handler in libjvm.so, mask=11100100010111111101111111111110, flags=SA_RESTART|SA_SIGINFO
    SIGBUS: crash_handler in libjvm.so, mask=11100100010111111101111111111110, flags=SA_RESTART|SA_SIGINFO
    SIGFPE: crash_handler in libjvm.so, mask=11100100010111111101111111111110, flags=SA_RESTART|SA_SIGINFO
   SIGPIPE: IsolateEnterStub_IgnoreSIGPIPEStartupHook_noopSignalHandler_8f19bff2f35b5f630d83b364d6b2339320d4ec70_216e8361c6bc87a8f89f58cc10d3b2fd4415bf87 in libjvmcicompiler.so, mask=00000000000000000000000000000000, flags=SA_RESTART
  *** Handler was modified!
  *** Expected: javaSignalHandler in libjvm.so, mask=11100100110111111111111111111110, flags=SA_RESTART|SA_SIGINFO
   SIGXFSZ: javaSignalHandler in libjvm.so, mask=11100100010111111101111111111110, flags=SA_RESTART|SA_SIGINFO
    SIGILL: crash_handler in libjvm.so, mask=11100100010111111101111111111110, flags=SA_RESTART|SA_SIGINFO
   SIGUSR2: SR_handler in libjvm.so, mask=00000000000000000000000000000000, flags=SA_RESTART|SA_SIGINFO
    SIGHUP: UserHandler in libjvm.so, mask=11100100010111111101111111111110, flags=SA_RESTART|SA_SIGINFO
    SIGINT: UserHandler in libjvm.so, mask=11100100010111111101111111111110, flags=SA_RESTART|SA_SIGINFO
   SIGTERM: UserHandler in libjvm.so, mask=11100100010111111101111111111110, flags=SA_RESTART|SA_SIGINFO
   SIGQUIT: UserHandler in libjvm.so, mask=11100100010111111101111111111110, flags=SA_RESTART|SA_SIGINFO
  *** Handler was modified!
  *** Expected: javaSignalHandler in libjvm.so, mask=11100100110111111111111111111110, flags=SA_RESTART|SA_SIGINFO
   SIGTRAP: crash_handler in libjvm.so, mask=11100100010111111101111111111110, flags=SA_RESTART|SA_SIGINFO


---------------  S Y S T E M  ---------------

OS:
DISTRIB_ID=Ubuntu
DISTRIB_RELEASE=20.04
DISTRIB_CODENAME=focal
DISTRIB_DESCRIPTION="Ubuntu 20.04.2 LTS"
uname: Linux 5.15.0-1029-gcp #36~20.04.1-Ubuntu SMP Tue Jan 24 16:54:15 UTC 2023 x86_64
OS uptime: 0 days 17:02 hours
libc: glibc 2.35 NPTL 2.35 
rlimit (soft/hard): STACK 8192k/infinity , CORE infinity/infinity , NPROC infinity/infinity , NOFILE 5242/5242 , AS infinity/infinity , CPU infinity/infinity , DATA infinity/infinity , FSIZE infinity/infinity , MEMLOCK 64k/64k
load average: 13.07 15.05 16.72

/proc/meminfo:
MemTotal:       107138464 kB
MemFree:        58684664 kB
MemAvailable:   84593168 kB
Buffers:         3417192 kB
Cached:         20178172 kB
SwapCached:            0 kB
Active:         12803476 kB
Inactive:       28811392 kB
Active(anon):      14880 kB
Inactive(anon): 17595492 kB
Active(file):   12788596 kB
Inactive(file): 11215900 kB
Unevictable:       40048 kB
Mlocked:           40048 kB
SwapTotal:             0 kB
SwapFree:              0 kB
Dirty:             18844 kB
Writeback:          1108 kB
AnonPages:      17184320 kB
Mapped:          1733480 kB
Shmem:             41916 kB
KReclaimable:    2957020 kB
Slab:            5504568 kB
SReclaimable:    2957020 kB
SUnreclaim:      2547548 kB
KernelStack:      418320 kB
PageTables:       176856 kB
NFS_Unstable:          0 kB
Bounce:                0 kB
WritebackTmp:          0 kB
CommitLimit:    53569232 kB
Committed_AS:   84468912 kB
VmallocTotal:   34359738367 kB
VmallocUsed:      521680 kB
VmallocChunk:          0 kB
Percpu:           176192 kB
HardwareCorrupted:     0 kB
AnonHugePages:    821248 kB
ShmemHugePages:        0 kB
ShmemPmdMapped:        0 kB
FileHugePages:         0 kB
FilePmdMapped:         0 kB
HugePages_Total:       0
HugePages_Free:        0
HugePages_Rsvd:        0
HugePages_Surp:        0
Hugepagesize:       2048 kB
Hugetlb:               0 kB
DirectMap4k:     6392640 kB
DirectMap2M:    51275776 kB
DirectMap1G:    53477376 kB

/sys/kernel/mm/transparent_hugepage/enabled: always [madvise] never
/sys/kernel/mm/transparent_hugepage/defrag (defrag/compaction efforts parameter): always defer defer+madvise [madvise] never

Process Memory:
Virtual Size: 4722776K (peak: 4808508K)
Resident Set Size: 775392K (peak: 810548K) (anon: 582188K, file: 193204K, shmem: 0K)
Swapped out: 0K
C-Heap outstanding allocations: 41317K, retained: 13418K
glibc malloc tunables: (default)

/proc/sys/kernel/threads-max (system-wide limit on the number of threads): 836951
/proc/sys/vm/max_map_count (maximum number of memory map areas a process may have): 65530
/proc/sys/kernel/pid_max (system-wide limit on number of process identifiers): 4194304

container (cgroup) information:
container_type: cgroupv1
cpu_cpuset_cpus: 4-15
cpu_memory_nodes: 0
active_processor_count: 1
cpu_quota: 50000
cpu_period: 100000
cpu_shares: 512
memory_limit_in_bytes: 1048576 k
memory_and_swap_limit_in_bytes: 1048576 k
memory_soft_limit_in_bytes: 524288 k
memory_usage_in_bytes: 615644 k
memory_max_usage_in_bytes: 676928 k
maximum number of tasks: 1000
current number of tasks: 50

KVM virtualization detected
Steal ticks since vm start: 0
Steal ticks percentage since vm start:  0.000

CPU: total 16 (initial active 1) (8 cores per cpu, 2 threads per core) family 6 model 63 stepping 0 microcode 0xffffffff, cx8, cmov, fxsr, ht, mmx, sse, sse2, sse3, ssse3, sse4.1, sse4.2, popcnt, lzcnt, tsc, tscinvbit, avx, avx2, aes, erms, clmul, bmi1, bmi2, fma, vzeroupper, clflush, hv
CPU Model and flags from /proc/cpuinfo:
model name	: Intel(R) Xeon(R) CPU @ 2.30GHz
flags		: fpu vme de pse tsc msr pae mce cx8 apic sep mtrr pge mca cmov pat pse36 clflush mmx fxsr sse sse2 ss ht syscall nx pdpe1gb rdtscp lm constant_tsc rep_good nopl xtopology nonstop_tsc cpuid tsc_known_freq pni pclmulqdq ssse3 fma cx16 pcid sse4_1 sse4_2 x2apic movbe popcnt aes xsave avx f16c rdrand hypervisor lahf_lm abm invpcid_single pti ssbd ibrs ibpb stibp fsgsbase tsc_adjust bmi1 avx2 smep bmi2 erms invpcid xsaveopt arat md_clear arch_capabilities

Online cpus: 0-15
Offline cpus: 
BIOS frequency limitation: <Not Available>
Frequency switch latency (ns): <Not Available>
Available cpu frequencies: <Not Available>
Current governor: <Not Available>
Core performance/turbo boost: <Not Available>

Memory: 4k page, physical 1048576k(433000k free), swap 0k(0k free)
Page Sizes: 4k

vm_info: OpenJDK 64-Bit Server VM (17.0.5+8-jvmci-22.3-b08) for linux-amd64 JRE (17.0.5+8-jvmci-22.3-b08), built on Oct 19 2022 09:01:27 by "buildslave" with gcc 10.3.0

END.
