#
# A fatal error has been detected by the Java Runtime Environment:
#
#  Internal Error (jvmciRuntime.cpp:1609), pid=21, tid=35
#  fatal error: Fatal exception in JVMCI: Error calling jdk.vm.ci.services.Services.serializeSavedProperties
#
# JRE version: OpenJDK Runtime Environment GraalVM CE 22.3.0 (17.0.5+8) (build 17.0.5+8-jvmci-22.3-b08)
# Java VM: OpenJDK 64-Bit Server VM GraalVM CE 22.3.0 (17.0.5+8-jvmci-22.3-b08, mixed mode, sharing, tiered, jvmci, jvmci compiler, compressed oops, compressed class ptrs, parallel gc, linux-amd64)
# Problematic frame:
# V  [libjvm.so+0x972714]  JVMCIRuntime::fatal_exception(JVMCIEnv*, char const*)+0x74
#
# Core dump will be written. Default location: Core dumps may be processed with "/usr/share/apport/apport -p%p -s%s -c%c -d%d -P%P -u%u -g%g -- %E" (or dumping to /home/runner/Customer-Simulation/core.21)
#
# If you would like to submit a bug report, please visit:
#   https://github.com/oracle/graal/issues
#

---------------  S U M M A R Y ------------

Command Line: -XX:ThreadPriorityPolicy=1 -XX:+UnlockExperimentalVMOptions -XX:+EnableJVMCIProduct -XX:JVMCIThreadsPerNativeLibraryRuntime=1 -XX:-UnlockExperimentalVMOptions -Declipse.application=org.eclipse.jdt.ls.core.id1 -Dosgi.bundles.defaultStartLevel=4 -Declipse.product=org.eclipse.jdt.ls.core.product -Dlog.level=ALL -Xverify:none -XX:+UseParallelGC -XX:GCTimeRatio=4 -XX:AdaptiveSizePolicyWeight=90 -Dsun.zip.disableMemoryMapping=true -Xmx512m -Xms100m /nix/store/m6gcpi1ii6rghy04cjwjddcavv7i90df-jdt-language-server-1.9.0/share/java/plugins/org.eclipse.equinox.launcher_1.6.400.v20210924-0641.jar --add-modules=ALL-SYSTEM --add-opens java.base/java.util=ALL-UNNAMED --add-opens java.base/java.lang=ALL-UNNAMED -configuration /home/runner/.cache/jdt-language-server/config -data /home/runner/.cache/jdt-language-server/data/home/runner/Customer-Simulation

Host: AMD EPYC 7B12, 8 cores, 1G, Ubuntu 20.04.2 LTS
Time: Tue Feb 28 00:31:44 2023 UTC elapsed time: 2082.082125 seconds (0d 0h 34m 42s)

---------------  T H R E A D  ---------------

Current thread (0x00007f05900b21e0):  JavaThread "JVMCI-native CompilerThread0" daemon [_thread_in_vm, id=35, stack(0x00007f057651a000,0x00007f057671a000)]


Current CompileTask:
JVMCI-native:2082086 8333       4       org.eclipse.jdt.internal.compiler.util.CharArray::equals (33 bytes)

Stack: [0x00007f057651a000,0x00007f057671a000],  sp=0x00007f0576718380,  free space=2040k
Native frames: (J=compiled Java code, j=interpreted, Vv=VM code, C=native code)
V  [libjvm.so+0x972714]  JVMCIRuntime::fatal_exception(JVMCIEnv*, char const*)+0x74
V  [libjvm.so+0x93e2fe]  JVMCIEnv::copy_saved_properties()+0x14e
V  [libjvm.so+0x9732a9]  JVMCIRuntime::initialize(JVMCIEnv*)+0xb19
V  [libjvm.so+0x9738a2]  JVMCIRuntime::get_HotSpotJVMCIRuntime(JVMCIEnv*)+0x12
V  [libjvm.so+0x9749f2]  JVMCIRuntime::compile_method(JVMCIEnv*, JVMCICompiler*, methodHandle const&, int)+0xd2
V  [libjvm.so+0x5b0d20]  CompileBroker::invoke_compiler_on_method(CompileTask*)+0x1470
V  [libjvm.so+0x5b12e8]  CompileBroker::compiler_thread_loop()+0x528
V  [libjvm.so+0xd82460]  JavaThread::thread_main_inner()+0xd0
V  [libjvm.so+0xd85a40]  Thread::call_run()+0xc0
V  [libjvm.so+0xbdb1e1]  thread_native_entry(Thread*)+0xe1

Register to memory mapping:

RAX=0x00007f0596251000 points into unknown readable memory: 0x0000000000000058 | 58 00 00 00 00 00 00 00
RBX=0x00007f059734c398: <offset 0x0000000000ef5398> in /nix/store/gpxl5qgg8kicmcvivwmybwjlpf7wh20l-graalvm17-ce-22.3.0/lib/server/libjvm.so at 0x00007f0596457000
RCX=0x00007f05973041e8: <offset 0x0000000000ead1e8> in /nix/store/gpxl5qgg8kicmcvivwmybwjlpf7wh20l-graalvm17-ce-22.3.0/lib/server/libjvm.so at 0x00007f0596457000
RDX=0x0000000000000649 is an unknown value
RSP=0x00007f0576718380 is pointing into the stack for thread: 0x00007f05900b21e0
RBP=0x00007f05767183a0 is pointing into the stack for thread: 0x00007f05900b21e0
RSI=0x00007f059734cc48: <offset 0x0000000000ef5c48> in /nix/store/gpxl5qgg8kicmcvivwmybwjlpf7wh20l-graalvm17-ce-22.3.0/lib/server/libjvm.so at 0x00007f0596457000
RDI=0x00000000e0000000 is an oop: [B 
{0x00000000e0000000} - klass: {type array byte}
 - length: 49
R8 =0x00007f059734c398: <offset 0x0000000000ef5398> in /nix/store/gpxl5qgg8kicmcvivwmybwjlpf7wh20l-graalvm17-ce-22.3.0/lib/server/libjvm.so at 0x00007f0596457000
R9 =0x0000000000000003 is an unknown value
R10=0x00007f059769dda0: <offset 0x0000000001246da0> in /nix/store/gpxl5qgg8kicmcvivwmybwjlpf7wh20l-graalvm17-ce-22.3.0/lib/server/libjvm.so at 0x00007f0596457000
R11=0x000000080044f048 is pointing into metadata
R12=0x0 is NULL
R13=0x00007f05900b21e0 is a thread
R14=0x00007f0590000b80 points into unknown readable memory: 0x00007f059757da38 | 38 da 57 97 05 7f 00 00
R15=0x00007f059768be40: <offset 0x0000000001234e40> in /nix/store/gpxl5qgg8kicmcvivwmybwjlpf7wh20l-graalvm17-ce-22.3.0/lib/server/libjvm.so at 0x00007f0596457000


Registers:
RAX=0x00007f0596251000, RBX=0x00007f059734c398, RCX=0x00007f05973041e8, RDX=0x0000000000000649
RSP=0x00007f0576718380, RBP=0x00007f05767183a0, RSI=0x00007f059734cc48, RDI=0x00000000e0000000
R8 =0x00007f059734c398, R9 =0x0000000000000003, R10=0x00007f059769dda0, R11=0x000000080044f048
R12=0x0000000000000000, R13=0x00007f05900b21e0, R14=0x00007f0590000b80, R15=0x00007f059768be40
RIP=0x00007f0596dc9714, EFLAGS=0x0000000000010206, CSGSFS=0x002b000000000033, ERR=0x0000000000000006
  TRAPNO=0x000000000000000e

Top of Stack: (sp=0x00007f0576718380)
0x00007f0576718380:   00007f0576718940 00007f05900b21e0
0x00007f0576718390:   00007f0594be28c8 0000000800c415a8
0x00007f05767183a0:   00007f0576718500 00007f0596d952fe
0x00007f05767183b0:   00007f05767183e0 00007f0576718440 

Instructions: (pc=0x00007f0596dc9714)
0x00007f0596dc9614:   30 e8 f6 cf e8 ff 4c 89 e7 e8 2e 48 d1 ff 84 db
0x00007f0596dc9624:   75 2a 4d 85 ed 74 04 4d 8b 6d 00 48 83 c4 08 44
0x00007f0596dc9634:   89 f9 4c 89 f2 4c 89 ee 5b 4c 89 e7 41 5c 41 5d
0x00007f0596dc9644:   41 5e 41 5f 5d e9 e2 47 d1 ff 66 90 48 83 c4 08
0x00007f0596dc9654:   5b 41 5c 41 5d 41 5e 41 5f 5d c3 90 31 d2 be 08
0x00007f0596dc9664:   00 00 00 4c 89 ff e8 b1 78 a3 ff 49 89 c5 e9 37
0x00007f0596dc9674:   ff ff ff 66 0f 1f 84 00 00 00 00 00 48 8b 7a 08
0x00007f0596dc9684:   e9 6d ff ff ff 0f 1f 80 00 00 00 00 e8 5b 48 0a
0x00007f0596dc9694:   00 84 c0 75 89 e9 6a ff ff ff 66 90 55 48 89 e5
0x00007f0596dc96a4:   41 56 41 55 41 54 49 89 fc 53 48 89 f3 66 48 8d
0x00007f0596dc96b4:   3d 27 5e 85 00 66 66 48 e8 df 43 8d ff 4c 8b 28
0x00007f0596dc96c4:   8b 05 be 72 8a 00 85 c0 75 14 ba 01 00 00 00 48
0x00007f0596dc96d4:   8d 0d ae 72 8a 00 f0 0f b1 11 85 c0 74 4e be c8
0x00007f0596dc96e4:   00 00 00 4c 89 ef e8 01 0b 41 00 48 8d 05 12 ac
0x00007f0596dc96f4:   85 00 49 89 d8 48 8d 0d e8 aa 53 00 ba 49 06 00
0x00007f0596dc9704:   00 48 8d 35 3c 35 58 00 bf 00 00 00 e0 48 8b 00
0x00007f0596dc9714:   c6 00 58 31 c0 e8 e2 91 c6 ff 5b 41 5c 41 5d 41
0x00007f0596dc9724:   5e 5d e9 55 34 26 00 0f 1f 44 00 00 48 8d 05 81
0x00007f0596dc9734:   a3 8b 00 48 89 df 4c 8b 30 e8 9e 43 8d ff 48 89
0x00007f0596dc9744:   de 48 89 c2 49 8b 06 4c 89 f7 ff 50 08 4c 89 f7
0x00007f0596dc9754:   e8 a7 5c 27 00 4d 85 e4 74 12 be 01 00 00 00 4c
0x00007f0596dc9764:   89 e7 e8 35 43 fc ff eb 82 0f 1f 00 be 01 00 00
0x00007f0596dc9774:   00 4c 89 ef e8 d3 fd ff ff e9 6d ff ff ff 66 66
0x00007f0596dc9784:   2e 0f 1f 84 00 00 00 00 00 0f 1f 00 55 48 89 e5
0x00007f0596dc9794:   41 57 41 56 41 55 41 54 53 48 81 ec 08 02 00 00
0x00007f0596dc97a4:   64 48 8b 04 25 28 00 00 00 48 89 45 c8 8b 07 83
0x00007f0596dc97b4:   f8 02 0f 84 11 04 00 00 4c 8b 6f 18 49 89 ff 49
0x00007f0596dc97c4:   89 f4 4d 85 ed 74 14 4c 89 ef e8 5d 57 22 00 41
0x00007f0596dc97d4:   8b 07 83 f8 02 0f 84 19 04 00 00 48 8d 1d 9a 06
0x00007f0596dc97e4:   8a 00 4c 8d 35 0b 3c 58 00 eb 38 90 48 85 d2 7f
0x00007f0596dc97f4:   0d 48 8d 05 b4 c0 85 00 48 83 38 00 7e 0e 41 8b
0x00007f0596dc9804:   77 2c 4c 89 f7 31 c0 e8 a0 b2 f7 ff 49 8b 7f 18 


Stack slot to memory mapping:
stack at sp + 0 slots: 0x00007f0576718940 is pointing into the stack for thread: 0x00007f05900b21e0
stack at sp + 1 slots: 0x00007f05900b21e0 is a thread
stack at sp + 2 slots: 0x00007f0594be28c8 points into unknown readable memory: 0x6573001880c9ffff | ff ff c9 80 18 00 73 65
stack at sp + 3 slots: 0x0000000800c415a8 is a pointer to class: 
jdk.vm.ci.services.Services {0x0000000800c415a8}
 - instance size:     2
 - klass size:        65
 - access:            public final synchronized 
 - state:             fully_initialized
 - name:              'jdk/vm/ci/services/Services'
 - super:             'java/lang/Object'
 - sub:               
 - arrays:            NULL
 - methods:           Array<T>(0x00007f0576c3f878)
 - method ordering:   Array<T>(0x0000000800928960)
 - default_methods:   Array<T>(0x0000000000000000)
 - local interfaces:  Array<T>(0x00000008005ce810)
 - trans. interfaces: Array<T>(0x00000008005ce810)
 - constants:         constant pool [427] {0x00007f0576c3e6f8} for 'jdk/vm/ci/services/Services' cache=0x00007f0576c40de8
 - class loader data:  loader data: 0x00007f05900283f0 of 'bootstrap'
 - source file:       'Services.java'
 - class annotations:       Array<T>(0x0000000000000000)
 - class type annotations:  Array<T>(0x0000000000000000)
 - field annotations:       Array<T>(0x0000000000000000)
 - field type annotations:  Array<T>(0x0000000000000000)
 - inner classes:     Array<T>(0x00007f0576c40bc0)
 - nest members:     Array<T>(0x00007f0576c40be0)
 - permitted subclasses:     Array<T>(0x00000008005ce7a0)
 - java mirror:       a 'java/lang/Class'{0x00000000e017a698} = 'jdk/vm/ci/services/Services'
 - vtable length      5  (start addr: 0x0000000800c41778)
 - itable length      2 (start addr: 0x0000000800c417a0)
 - ---- static fields (3 words):
 - public static final 'IS_BUILDING_NATIVE_IMAGE' 'Z' @128 
 - public static final 'IS_IN_NATIVE_IMAGE' 'Z' @129 
 - private static volatile 'savedProperties' 'Ljava/util/Map;' @112 
 - static final 'JVMCI_ENABLED' 'Z' @130 
 - private static final 'servicesCache' 'Ljava/util/Map;' @116 
 - private static final 'MAX_UNICODE_IN_UTF8_LENGTH' 'I' @120 
 - private static final 'MAX_UTF8_PROPERTY_STRING_LENGTH' 'I' @124 
 - ---- non-static fields (0 words):
 - non-static oop maps: 
stack at sp + 4 slots: 0x00007f0576718500 is pointing into the stack for thread: 0x00007f05900b21e0
stack at sp + 5 slots: 0x00007f0596d952fe: <offset 0x000000000093e2fe> in /nix/store/gpxl5qgg8kicmcvivwmybwjlpf7wh20l-graalvm17-ce-22.3.0/lib/server/libjvm.so at 0x00007f0596457000
stack at sp + 6 slots: 0x00007f05767183e0 is pointing into the stack for thread: 0x00007f05900b21e0
stack at sp + 7 slots: 0x00007f0576718440 is pointing into the stack for thread: 0x00007f05900b21e0


---------------  P R O C E S S  ---------------

Threads class SMR info:
_java_thread_list=0x00007f04dc001db0, length=30, elements={
0x00007f0590026690, 0x00007f05900a64d0, 0x00007f05900a7910, 0x00007f05900ae050,
0x00007f05900af400, 0x00007f05900b07f0, 0x00007f05900b21e0, 0x00007f05900b36f0,
0x00007f05900b4b40, 0x00007f05900e0690, 0x00007f0590127ef0, 0x00007f0590333b30,
0x00007f05903674f0, 0x00007f0590369440, 0x00007f059062f090, 0x00007f05240170f0,
0x00007f05242b8e90, 0x00007f052431cce0, 0x00007f052449d340, 0x00007f0524607ff0,
0x00007f059020a610, 0x00007f0518007670, 0x00007f059041a2b0, 0x00007f050c301cc0,
0x00007f050017c110, 0x00007f050017d150, 0x00007f0500179b30, 0x00007f050017f3e0,
0x00007f04e400b5b0, 0x00007f04e40119c0
}

Java Threads: ( => current thread )
  0x00007f0590026690 JavaThread "main" [_thread_blocked, id=27, stack(0x00007f0596272000,0x00007f0596372000)]
  0x00007f05900a64d0 JavaThread "Reference Handler" daemon [_thread_blocked, id=30, stack(0x00007f0594289000,0x00007f0594389000)]
  0x00007f05900a7910 JavaThread "Finalizer" daemon [_thread_blocked, id=31, stack(0x00007f0594189000,0x00007f0594289000)]
  0x00007f05900ae050 JavaThread "Signal Dispatcher" daemon [_thread_blocked, id=32, stack(0x00007f0594089000,0x00007f0594189000)]
  0x00007f05900af400 JavaThread "Service Thread" daemon [_thread_blocked, id=33, stack(0x00007f057681a000,0x00007f057691a000)]
  0x00007f05900b07f0 JavaThread "Monitor Deflation Thread" daemon [_thread_blocked, id=34, stack(0x00007f057671a000,0x00007f057681a000)]
=>0x00007f05900b21e0 JavaThread "JVMCI-native CompilerThread0" daemon [_thread_in_vm, id=35, stack(0x00007f057651a000,0x00007f057671a000)]
  0x00007f05900b36f0 JavaThread "C1 CompilerThread0" daemon [_thread_blocked, id=36, stack(0x00007f057631a000,0x00007f057651a000)]
  0x00007f05900b4b40 JavaThread "Sweeper thread" daemon [_thread_blocked, id=37, stack(0x00007f057621a000,0x00007f057631a000)]
  0x00007f05900e0690 JavaThread "Common-Cleaner" daemon [_thread_blocked, id=39, stack(0x00007f057611a000,0x00007f057621a000)]
  0x00007f0590127ef0 JavaThread "Notification Thread" daemon [_thread_blocked, id=41, stack(0x00007f057601a000,0x00007f057611a000)]
  0x00007f0590333b30 JavaThread "Active Thread: Equinox Container: 0f86abe5-bc36-4506-9b1c-b4cbc61afeb2" [_thread_blocked, id=45, stack(0x00007f0574c00000,0x00007f0574d00000)]
  0x00007f05903674f0 JavaThread "Framework Event Dispatcher: Equinox Container: 0f86abe5-bc36-4506-9b1c-b4cbc61afeb2" daemon [_thread_blocked, id=46, stack(0x00007f0574a00000,0x00007f0574b00000)]
  0x00007f0590369440 JavaThread "Start Level: Equinox Container: 0f86abe5-bc36-4506-9b1c-b4cbc61afeb2" daemon [_thread_blocked, id=47, stack(0x00007f0574800000,0x00007f0574900000)]
  0x00007f059062f090 JavaThread "Refresh Thread: Equinox Container: 0f86abe5-bc36-4506-9b1c-b4cbc61afeb2" daemon [_thread_blocked, id=48, stack(0x00007f0574600000,0x00007f0574700000)]
  0x00007f05240170f0 JavaThread "SCR Component Actor" daemon [_thread_blocked, id=49, stack(0x00007f0574400000,0x00007f0574500000)]
  0x00007f05242b8e90 JavaThread "Worker-JM" [_thread_blocked, id=51, stack(0x00007f0574000000,0x00007f0574100000)]
  0x00007f052431cce0 JavaThread "Worker-0: Java indexing... " [_thread_blocked, id=52, stack(0x00007f053db00000,0x00007f053dc00000)]
  0x00007f052449d340 JavaThread "Java indexing" daemon [_thread_blocked, id=54, stack(0x00007f053d700000,0x00007f053d800000)]
  0x00007f0524607ff0 JavaThread "Bundle File Closer" daemon [_thread_blocked, id=55, stack(0x00007f053d500000,0x00007f053d600000)]
  0x00007f059020a610 JavaThread "pool-3-thread-1" [_thread_blocked, id=56, stack(0x00007f053d300000,0x00007f053d400000)]
  0x00007f0518007670 JavaThread "Worker-2: Compacting resource model" [_thread_blocked, id=57, stack(0x00007f053d100000,0x00007f053d200000)]
  0x00007f059041a2b0 JavaThread "pool-2-thread-1" [_thread_blocked, id=58, stack(0x00007f053cf00000,0x00007f053d000000)]
  0x00007f050c301cc0 JavaThread "Worker-5: Periodic workspace save." [_thread_blocked, id=65, stack(0x00007f053c900000,0x00007f053ca00000)]
  0x00007f050017c110 JavaThread "Thread-6" [_thread_blocked, id=74, stack(0x00007f053cb00000,0x00007f053cc00000)]
  0x00007f050017d150 JavaThread "Thread-7" [_thread_blocked, id=75, stack(0x00007f053d900000,0x00007f053da00000)]
  0x00007f0500179b30 JavaThread "Thread-8" [_thread_blocked, id=76, stack(0x00007f0574200000,0x00007f0574300000)]
  0x00007f050017f3e0 JavaThread "Thread-9" [_thread_blocked, id=78, stack(0x00007f053cd00000,0x00007f053ce00000)]
  0x00007f04e400b5b0 JavaThread "Worker-10" [_thread_blocked, id=225, stack(0x00007f0574100000,0x00007f0574200000)]
  0x00007f04e40119c0 JavaThread "Worker-11" [_thread_blocked, id=226, stack(0x00007f053c300000,0x00007f053c400000)]

Other Threads:
  0x00007f05900a1c10 VMThread "VM Thread" [stack: 0x00007f059438b000,0x00007f059448b000] [id=29] _threads_hazard_ptr=0x00007f04dc001db0
  0x00007f0590129890 WatcherThread [stack: 0x00007f0575f1a000,0x00007f057601a000] [id=42]
  0x00007f059003df30 GCTaskThread "GC Thread#0" [stack: 0x00007f0595e35000,0x00007f0595f35000] [id=28]

Threads with active compile tasks:
JVMCI-native CompilerThread0  2082164 8333       4       org.eclipse.jdt.internal.compiler.util.CharArray::equals (33 bytes)

VM state: synchronizing (normal execution)

VM Mutex/Monitor currently owned by a thread:  ([mutex/lock_event])
[0x00007f0590023840] Threads_lock - owner thread: 0x00007f05900a1c10
[0x00007f0590023ff0] Heap_lock - owner thread: 0x00007f050c301cc0

OutOfMemory and StackOverflow Exception counts:
OutOfMemoryError java_heap_errors=2
LinkageErrors=51

Heap address: 0x00000000e0000000, size: 512 MB, Compressed Oops mode: 32-bit

CDS archive(s) mapped at: [0x0000000800000000-0x0000000800bc8000-0x0000000800bc8000), size 12353536, SharedBaseAddress: 0x0000000800000000, ArchiveRelocationMode: 0.
Compressed class space mapped at: 0x0000000800c00000-0x0000000840c00000, reserved size: 1073741824
Narrow klass base: 0x0000000800000000, Narrow klass shift: 0, Narrow klass range: 0x100000000

GC Precious Log:
 CPUs: 8 total, 1 available
 Memory: 1024M
 Large Page Support: Disabled
 NUMA Support: Disabled
 Compressed Oops: Enabled (32-bit)
 Alignments: Space 512K, Generation 512K, Heap 2M
 Heap Min Capacity: 100M
 Heap Initial Capacity: 100M
 Heap Max Capacity: 512M
 Pre-touch: Disabled
 Parallel Workers: 1

Heap:
 PSYoungGen      total 39936K, used 28672K [0x00000000f5580000, 0x00000000f8980000, 0x0000000100000000)
  eden space 28672K, 100% used [0x00000000f5580000,0x00000000f7180000,0x00000000f7180000)
  from space 11264K, 0% used [0x00000000f7580000,0x00000000f7580000,0x00000000f8080000)
  to   space 6656K, 0% used [0x00000000f8300000,0x00000000f8300000,0x00000000f8980000)
 ParOldGen       total 349696K, used 349694K [0x00000000e0000000, 0x00000000f5580000, 0x00000000f5580000)
  object space 349696K, 99% used [0x00000000e0000000,0x00000000f557f828,0x00000000f5580000)
 Metaspace       used 54921K, committed 55680K, reserved 1105920K
  class space    used 5484K, committed 5824K, reserved 1048576K

Card table byte_map: [0x00007f0595f35000,0x00007f0596036000] _byte_map_base: 0x00007f0595835000

Marking Bits: (ParMarkBitMap*) 0x00007f05976854c0
 Begin Bits: [0x00007f0594d88000, 0x00007f0595588000)
 End Bits:   [0x00007f0595588000, 0x00007f0595d88000)

Polling page: 0x00007f059624f000

Metaspace:

Usage:
  Non-class:     48.28 MB used.
      Class:      5.36 MB used.
       Both:     53.63 MB used.

Virtual space:
  Non-class space:       56.00 MB reserved,      48.69 MB ( 87%) committed,  7 nodes.
      Class space:        1.00 GB reserved,       5.69 MB ( <1%) committed,  1 nodes.
             Both:        1.05 GB reserved,      54.38 MB (  5%) committed. 

Chunk freelists:
   Non-Class:  3.28 MB
       Class:  2.35 MB
        Both:  5.63 MB

MaxMetaspaceSize: unlimited
CompressedClassSpaceSize: 1.00 GB
Initial GC threshold: 21.00 MB
Current GC threshold: 90.44 MB
CDS: on
MetaspaceReclaimPolicy: balanced
 - commit_granule_bytes: 65536.
 - commit_granule_words: 8192.
 - virtual_space_node_default_size: 1048576.
 - enlarge_chunks_in_place: 1.
 - new_chunks_are_fully_committed: 0.
 - uncommit_free_chunks: 1.
 - use_allocation_guard: 0.
 - handle_deallocations: 1.


Internal statistics:

num_allocs_failed_limit: 6.
num_arena_births: 384.
num_arena_deaths: 68.
num_vsnodes_births: 8.
num_vsnodes_deaths: 0.
num_space_committed: 869.
num_space_uncommitted: 0.
num_chunks_returned_to_freelist: 92.
num_chunks_taken_from_freelist: 2488.
num_chunk_merges: 36.
num_chunk_splits: 1603.
num_chunks_enlarged: 1031.
num_purges: 10.
num_inconsistent_stats: 0.

CodeHeap 'non-profiled nmethods': size=120036Kb used=2673Kb max_used=2673Kb free=117362Kb
 bounds [0x00007f057ef7a000, 0x00007f057f21a000, 0x00007f05864b3000]
CodeHeap 'profiled nmethods': size=120032Kb used=14467Kb max_used=15107Kb free=105564Kb
 bounds [0x00007f0577a42000, 0x00007f0578912000, 0x00007f057ef7a000]
CodeHeap 'non-nmethods': size=5692Kb used=1409Kb max_used=1428Kb free=4282Kb
 bounds [0x00007f05774b3000, 0x00007f0577723000, 0x00007f0577a42000]
 total_blobs=6976 nmethods=6222 adapters=617
 compilation: enabled
              stopped_count=0, restarted_count=0
 full_count=0

JVMCI Events (20 events):
Event: 1856.631 Thread 0x00007f05900b21e0 compacted oop handles in JVMCI runtime 0 from 136 to 136
Event: 1856.631 Thread 0x00007f05900b21e0 releasing handles for JVMCI runtime 0: oop handles=136, metadata handles={total=448, live=442, blocks=46}
Event: 1856.631 Thread 0x00007f05900b21e0 detached from JVMCI runtime 0
Event: 1923.458 Thread 0x00007f05900b21e0 attached to JVMCI runtime 0
Event: 1923.459 Thread 0x00007f05900b21e0 created JavaVM[15]@0x00007f053b99e340 for JVMCI runtime 0
Event: 1925.939 Thread 0x00007f05900b21e0 initializing JVMCI runtime 0
Event: 1925.939 Thread 0x00007f05900b21e0 done waiting for JavaVM references initialization in JVMCI runtime 0
Event: 1947.636 Thread 0x00007f05900b21e0 initialized JVMCI runtime 0
Event: 1951.127 Thread 0x00007f05900b21e0 compacted oop handles in JVMCI runtime 0 from 50 to 48
Event: 1952.275 Thread 0x00007f05900b21e0 detaching from JVMCI runtime 0: releasing idle compiler thread (0 other threads still attached)
Event: 1952.275 Thread 0x00007f05900b21e0 shutting down HotSpotJVMCIRuntime for JVMCI runtime 0
Event: 1952.275 Thread 0x00007f05900b21e0 shut down JVMCI runtime 0
Event: 1953.595 Thread 0x00007f05900b21e0 destroyed JavaVM[15]@0x00007f053b99e340 for JVMCI runtime 0
Event: 1953.595 Thread 0x00007f05900b21e0 compacted oop handles in JVMCI runtime 0 from 48 to 48
Event: 1953.595 Thread 0x00007f05900b21e0 releasing handles for JVMCI runtime 0: oop handles=48, metadata handles={total=96, live=87, blocks=46}
Event: 1953.595 Thread 0x00007f05900b21e0 detached from JVMCI runtime 0
Event: 2035.538 Thread 0x00007f05900b21e0 attached to JVMCI runtime 0
Event: 2035.539 Thread 0x00007f05900b21e0 created JavaVM[16]@0x00007f053b99e340 for JVMCI runtime 0
Event: 2035.539 Thread 0x00007f05900b21e0 initializing JVMCI runtime 0
Event: 2035.539 Thread 0x00007f05900b21e0 done waiting for JavaVM references initialization in JVMCI runtime 0

Compilation events (20 events):
Event: 2035.539 Thread 0x00007f05900b36f0 8334       3       org.eclipse.jdt.internal.compiler.env.NameEnvironmentAnswer::isBinaryType (11 bytes)
Event: 2035.539 Thread 0x00007f05900b36f0 nmethod 8334 0x00007f0578857510 code [0x00007f05788576c0, 0x00007f0578857830]
Event: 2035.540 Thread 0x00007f05900b36f0 8335       1       org.eclipse.jdt.internal.compiler.env.NameEnvironmentAnswer::getAccessRestriction (5 bytes)
Event: 2035.540 Thread 0x00007f05900b36f0 nmethod 8335 0x00007f057f215e90 code [0x00007f057f216020, 0x00007f057f2160f0]
Event: 2036.639 Thread 0x00007f05900b36f0 8336       3       org.eclipse.jdt.internal.compiler.ast.Argument::<init> (64 bytes)
Event: 2037.764 Thread 0x00007f05900b36f0 nmethod 8336 0x00007f05784f2410 code [0x00007f05784f25e0, 0x00007f05784f2990]
Event: 2037.764 Thread 0x00007f05900b36f0 8337       1       org.eclipse.jdt.internal.core.SourceMethod::getParameterTypes (5 bytes)
Event: 2037.764 Thread 0x00007f05900b36f0 nmethod 8337 0x00007f057f216190 code [0x00007f057f216320, 0x00007f057f2163f0]
Event: 2037.764 Thread 0x00007f05900b36f0 8338       3       org.eclipse.jdt.internal.core.SourceMethodElementInfo::getModifiers (5 bytes)
Event: 2037.764 Thread 0x00007f05900b36f0 nmethod 8338 0x00007f05783fb110 code [0x00007f05783fb2c0, 0x00007f05783fb430]
Event: 2039.036 Thread 0x00007f05900b36f0 8339       3       org.eclipse.jdt.internal.core.Openable::getBufferManager (4 bytes)
Event: 2039.036 Thread 0x00007f05900b36f0 nmethod 8339 0x00007f05784f0090 code [0x00007f05784f02c0, 0x00007f05784f0b50]
Event: 2039.037 Thread 0x00007f05900b36f0 8340  s    3       org.eclipse.jdt.internal.core.BufferManager::getDefaultBufferManager (20 bytes)
Event: 2039.037 Thread 0x00007f05900b36f0 nmethod 8340 0x00007f05784a3b10 code [0x00007f05784a3d20, 0x00007f05784a4510]
Event: 2047.656 Thread 0x00007f05900b36f0 8341       3       org.eclipse.core.internal.jobs.JobManager::now (16 bytes)
Event: 2048.874 Thread 0x00007f05900b36f0 nmethod 8341 0x00007f0577b75110 code [0x00007f0577b75300, 0x00007f0577b756f0]
Event: 2048.874 Thread 0x00007f05900b36f0 8342       3       org.eclipse.jdt.core.compiler.CharOperation::compareTo (54 bytes)
Event: 2048.874 Thread 0x00007f05900b36f0 nmethod 8342 0x00007f057831ea10 code [0x00007f057831ebe0, 0x00007f057831ef10]
Event: 2057.832 Thread 0x00007f05900b36f0 8343       1       org.eclipse.jdt.ls.core.internal.LanguageServer::getParentProcessId (5 bytes)
Event: 2057.832 Thread 0x00007f05900b36f0 nmethod 8343 0x00007f057f216490 code [0x00007f057f216620, 0x00007f057f2166f0]

GC Heap History (20 events):
Event: 2070.081 GC heap before
{Heap before GC invocations=1727 (full 1624):
 PSYoungGen      total 39936K, used 28672K [0x00000000f5580000, 0x00000000f8980000, 0x0000000100000000)
  eden space 28672K, 100% used [0x00000000f5580000,0x00000000f7180000,0x00000000f7180000)
  from space 11264K, 0% used [0x00000000f7580000,0x00000000f7580000,0x00000000f8080000)
  to   space 6656K, 0% used [0x00000000f8300000,0x00000000f8300000,0x00000000f8980000)
 ParOldGen       total 349696K, used 349695K [0x00000000e0000000, 0x00000000f5580000, 0x00000000f5580000)
  object space 349696K, 99% used [0x00000000e0000000,0x00000000f557fff8,0x00000000f5580000)
 Metaspace       used 54921K, committed 55680K, reserved 1105920K
  class space    used 5484K, committed 5824K, reserved 1048576K
}
Event: 2071.249 GC heap after
{Heap after GC invocations=1727 (full 1624):
 PSYoungGen      total 35328K, used 28671K [0x00000000f5580000, 0x00000000f8980000, 0x0000000100000000)
  eden space 28672K, 99% used [0x00000000f5580000,0x00000000f717ffe0,0x00000000f7180000)
  from space 6656K, 0% used [0x00000000f8300000,0x00000000f8300000,0x00000000f8980000)
  to   space 11264K, 0% used [0x00000000f7580000,0x00000000f7580000,0x00000000f8080000)
 ParOldGen       total 349696K, used 349690K [0x00000000e0000000, 0x00000000f5580000, 0x00000000f5580000)
  object space 349696K, 99% used [0x00000000e0000000,0x00000000f557e978,0x00000000f5580000)
 Metaspace       used 54921K, committed 55680K, reserved 1105920K
  class space    used 5484K, committed 5824K, reserved 1048576K
}
Event: 2071.249 GC heap before
{Heap before GC invocations=1728 (full 1625):
 PSYoungGen      total 35328K, used 28671K [0x00000000f5580000, 0x00000000f8980000, 0x0000000100000000)
  eden space 28672K, 99% used [0x00000000f5580000,0x00000000f717fff8,0x00000000f7180000)
  from space 6656K, 0% used [0x00000000f8300000,0x00000000f8300000,0x00000000f8980000)
  to   space 11264K, 0% used [0x00000000f7580000,0x00000000f7580000,0x00000000f8080000)
 ParOldGen       total 349696K, used 349690K [0x00000000e0000000, 0x00000000f5580000, 0x00000000f5580000)
  object space 349696K, 99% used [0x00000000e0000000,0x00000000f557e978,0x00000000f5580000)
 Metaspace       used 54921K, committed 55680K, reserved 1105920K
  class space    used 5484K, committed 5824K, reserved 1048576K
}
Event: 2072.428 GC heap after
{Heap after GC invocations=1728 (full 1625):
 PSYoungGen      total 39936K, used 28671K [0x00000000f5580000, 0x00000000f8980000, 0x0000000100000000)
  eden space 28672K, 99% used [0x00000000f5580000,0x00000000f717ffd8,0x00000000f7180000)
  from space 11264K, 0% used [0x00000000f7580000,0x00000000f7580000,0x00000000f8080000)
  to   space 6656K, 0% used [0x00000000f8300000,0x00000000f8300000,0x00000000f8980000)
 ParOldGen       total 349696K, used 349690K [0x00000000e0000000, 0x00000000f5580000, 0x00000000f5580000)
  object space 349696K, 99% used [0x00000000e0000000,0x00000000f557e978,0x00000000f5580000)
 Metaspace       used 54921K, committed 55680K, reserved 1105920K
  class space    used 5484K, committed 5824K, reserved 1048576K
}
Event: 2072.428 GC heap before
{Heap before GC invocations=1729 (full 1626):
 PSYoungGen      total 39936K, used 28671K [0x00000000f5580000, 0x00000000f8980000, 0x0000000100000000)
  eden space 28672K, 99% used [0x00000000f5580000,0x00000000f717fff8,0x00000000f7180000)
  from space 11264K, 0% used [0x00000000f7580000,0x00000000f7580000,0x00000000f8080000)
  to   space 6656K, 0% used [0x00000000f8300000,0x00000000f8300000,0x00000000f8980000)
 ParOldGen       total 349696K, used 349690K [0x00000000e0000000, 0x00000000f5580000, 0x00000000f5580000)
  object space 349696K, 99% used [0x00000000e0000000,0x00000000f557e978,0x00000000f5580000)
 Metaspace       used 54921K, committed 55680K, reserved 1105920K
  class space    used 5484K, committed 5824K, reserved 1048576K
}
Event: 2073.549 GC heap after
{Heap after GC invocations=1729 (full 1626):
 PSYoungGen      total 35328K, used 28671K [0x00000000f5580000, 0x00000000f8980000, 0x0000000100000000)
  eden space 28672K, 99% used [0x00000000f5580000,0x00000000f717fff8,0x00000000f7180000)
  from space 6656K, 0% used [0x00000000f8300000,0x00000000f8300000,0x00000000f8980000)
  to   space 11264K, 0% used [0x00000000f7580000,0x00000000f7580000,0x00000000f8080000)
 ParOldGen       total 349696K, used 349690K [0x00000000e0000000, 0x00000000f5580000, 0x00000000f5580000)
  object space 349696K, 99% used [0x00000000e0000000,0x00000000f557e978,0x00000000f5580000)
 Metaspace       used 54921K, committed 55680K, reserved 1105920K
  class space    used 5484K, committed 5824K, reserved 1048576K
}
Event: 2073.550 GC heap before
{Heap before GC invocations=1730 (full 1627):
 PSYoungGen      total 35328K, used 28671K [0x00000000f5580000, 0x00000000f8980000, 0x0000000100000000)
  eden space 28672K, 99% used [0x00000000f5580000,0x00000000f717fff8,0x00000000f7180000)
  from space 6656K, 0% used [0x00000000f8300000,0x00000000f8300000,0x00000000f8980000)
  to   space 11264K, 0% used [0x00000000f7580000,0x00000000f7580000,0x00000000f8080000)
 ParOldGen       total 349696K, used 349694K [0x00000000e0000000, 0x00000000f5580000, 0x00000000f5580000)
  object space 349696K, 99% used [0x00000000e0000000,0x00000000f557fbc8,0x00000000f5580000)
 Metaspace       used 54921K, committed 55680K, reserved 1105920K
  class space    used 5484K, committed 5824K, reserved 1048576K
}
Event: 2074.629 GC heap after
{Heap after GC invocations=1730 (full 1627):
 PSYoungGen      total 39936K, used 28671K [0x00000000f5580000, 0x00000000f8980000, 0x0000000100000000)
  eden space 28672K, 99% used [0x00000000f5580000,0x00000000f717ffd8,0x00000000f7180000)
  from space 11264K, 0% used [0x00000000f7580000,0x00000000f7580000,0x00000000f8080000)
  to   space 6656K, 0% used [0x00000000f8300000,0x00000000f8300000,0x00000000f8980000)
 ParOldGen       total 349696K, used 349692K [0x00000000e0000000, 0x00000000f5580000, 0x00000000f5580000)
  object space 349696K, 99% used [0x00000000e0000000,0x00000000f557f140,0x00000000f5580000)
 Metaspace       used 54921K, committed 55680K, reserved 1105920K
  class space    used 5484K, committed 5824K, reserved 1048576K
}
Event: 2074.629 GC heap before
{Heap before GC invocations=1731 (full 1628):
 PSYoungGen      total 39936K, used 28671K [0x00000000f5580000, 0x00000000f8980000, 0x0000000100000000)
  eden space 28672K, 99% used [0x00000000f5580000,0x00000000f717fff0,0x00000000f7180000)
  from space 11264K, 0% used [0x00000000f7580000,0x00000000f7580000,0x00000000f8080000)
  to   space 6656K, 0% used [0x00000000f8300000,0x00000000f8300000,0x00000000f8980000)
 ParOldGen       total 349696K, used 349692K [0x00000000e0000000, 0x00000000f5580000, 0x00000000f5580000)
  object space 349696K, 99% used [0x00000000e0000000,0x00000000f557f140,0x00000000f5580000)
 Metaspace       used 54921K, committed 55680K, reserved 1105920K
  class space    used 5484K, committed 5824K, reserved 1048576K
}
Event: 2075.863 GC heap after
{Heap after GC invocations=1731 (full 1628):
 PSYoungGen      total 35328K, used 28671K [0x00000000f5580000, 0x00000000f8980000, 0x0000000100000000)
  eden space 28672K, 99% used [0x00000000f5580000,0x00000000f717fff0,0x00000000f7180000)
  from space 6656K, 0% used [0x00000000f8300000,0x00000000f8300000,0x00000000f8980000)
  to   space 11264K, 0% used [0x00000000f7580000,0x00000000f7580000,0x00000000f8080000)
 ParOldGen       total 349696K, used 349692K [0x00000000e0000000, 0x00000000f5580000, 0x00000000f5580000)
  object space 349696K, 99% used [0x00000000e0000000,0x00000000f557f120,0x00000000f5580000)
 Metaspace       used 54921K, committed 55680K, reserved 1105920K
  class space    used 5484K, committed 5824K, reserved 1048576K
}
Event: 2075.864 GC heap before
{Heap before GC invocations=1732 (full 1629):
 PSYoungGen      total 35328K, used 28672K [0x00000000f5580000, 0x00000000f8980000, 0x0000000100000000)
  eden space 28672K, 100% used [0x00000000f5580000,0x00000000f7180000,0x00000000f7180000)
  from space 6656K, 0% used [0x00000000f8300000,0x00000000f8300000,0x00000000f8980000)
  to   space 11264K, 0% used [0x00000000f7580000,0x00000000f7580000,0x00000000f8080000)
 ParOldGen       total 349696K, used 349694K [0x00000000e0000000, 0x00000000f5580000, 0x00000000f5580000)
  object space 349696K, 99% used [0x00000000e0000000,0x00000000f557fa70,0x00000000f5580000)
 Metaspace       used 54921K, committed 55680K, reserved 1105920K
  class space    used 5484K, committed 5824K, reserved 1048576K
}
Event: 2077.145 GC heap after
{Heap after GC invocations=1732 (full 1629):
 PSYoungGen      total 39936K, used 28671K [0x00000000f5580000, 0x00000000f8980000, 0x0000000100000000)
  eden space 28672K, 99% used [0x00000000f5580000,0x00000000f717ffd8,0x00000000f7180000)
  from space 11264K, 0% used [0x00000000f7580000,0x00000000f7580000,0x00000000f8080000)
  to   space 6656K, 0% used [0x00000000f8300000,0x00000000f8300000,0x00000000f8980000)
 ParOldGen       total 349696K, used 349693K [0x00000000e0000000, 0x00000000f5580000, 0x00000000f5580000)
  object space 349696K, 99% used [0x00000000e0000000,0x00000000f557f538,0x00000000f5580000)
 Metaspace       used 54921K, committed 55680K, reserved 1105920K
  class space    used 5484K, committed 5824K, reserved 1048576K
}
Event: 2077.145 GC heap before
{Heap before GC invocations=1733 (full 1630):
 PSYoungGen      total 39936K, used 28671K [0x00000000f5580000, 0x00000000f8980000, 0x0000000100000000)
  eden space 28672K, 99% used [0x00000000f5580000,0x00000000f717fff8,0x00000000f7180000)
  from space 11264K, 0% used [0x00000000f7580000,0x00000000f7580000,0x00000000f8080000)
  to   space 6656K, 0% used [0x00000000f8300000,0x00000000f8300000,0x00000000f8980000)
 ParOldGen       total 349696K, used 349693K [0x00000000e0000000, 0x00000000f5580000, 0x00000000f5580000)
  object space 349696K, 99% used [0x00000000e0000000,0x00000000f557f538,0x00000000f5580000)
 Metaspace       used 54921K, committed 55680K, reserved 1105920K
  class space    used 5484K, committed 5824K, reserved 1048576K
}
Event: 2078.367 GC heap after
{Heap after GC invocations=1733 (full 1630):
 PSYoungGen      total 35328K, used 28671K [0x00000000f5580000, 0x00000000f8980000, 0x0000000100000000)
  eden space 28672K, 99% used [0x00000000f5580000,0x00000000f717ffd8,0x00000000f7180000)
  from space 6656K, 0% used [0x00000000f8300000,0x00000000f8300000,0x00000000f8980000)
  to   space 11264K, 0% used [0x00000000f7580000,0x00000000f7580000,0x00000000f8080000)
 ParOldGen       total 349696K, used 349693K [0x00000000e0000000, 0x00000000f5580000, 0x00000000f5580000)
  object space 349696K, 99% used [0x00000000e0000000,0x00000000f557f518,0x00000000f5580000)
 Metaspace       used 54921K, committed 55680K, reserved 1105920K
  class space    used 5484K, committed 5824K, reserved 1048576K
}
Event: 2078.367 GC heap before
{Heap before GC invocations=1734 (full 1631):
 PSYoungGen      total 35328K, used 28671K [0x00000000f5580000, 0x00000000f8980000, 0x0000000100000000)
  eden space 28672K, 99% used [0x00000000f5580000,0x00000000f717fff0,0x00000000f7180000)
  from space 6656K, 0% used [0x00000000f8300000,0x00000000f8300000,0x00000000f8980000)
  to   space 11264K, 0% used [0x00000000f7580000,0x00000000f7580000,0x00000000f8080000)
 ParOldGen       total 349696K, used 349693K [0x00000000e0000000, 0x00000000f5580000, 0x00000000f5580000)
  object space 349696K, 99% used [0x00000000e0000000,0x00000000f557f518,0x00000000f5580000)
 Metaspace       used 54921K, committed 55680K, reserved 1105920K
  class space    used 5484K, committed 5824K, reserved 1048576K
}
Event: 2079.576 GC heap after
{Heap after GC invocations=1734 (full 1631):
 PSYoungGen      total 39936K, used 28671K [0x00000000f5580000, 0x00000000f8980000, 0x0000000100000000)
  eden space 28672K, 99% used [0x00000000f5580000,0x00000000f717fff0,0x00000000f7180000)
  from space 11264K, 0% used [0x00000000f7580000,0x00000000f7580000,0x00000000f8080000)
  to   space 6656K, 0% used [0x00000000f8300000,0x00000000f8300000,0x00000000f8980000)
 ParOldGen       total 349696K, used 349693K [0x00000000e0000000, 0x00000000f5580000, 0x00000000f5580000)
  object space 349696K, 99% used [0x00000000e0000000,0x00000000f557f518,0x00000000f5580000)
 Metaspace       used 54921K, committed 55680K, reserved 1105920K
  class space    used 5484K, committed 5824K, reserved 1048576K
}
Event: 2079.577 GC heap before
{Heap before GC invocations=1735 (full 1632):
 PSYoungGen      total 39936K, used 28672K [0x00000000f5580000, 0x00000000f8980000, 0x0000000100000000)
  eden space 28672K, 100% used [0x00000000f5580000,0x00000000f7180000,0x00000000f7180000)
  from space 11264K, 0% used [0x00000000f7580000,0x00000000f7580000,0x00000000f8080000)
  to   space 6656K, 0% used [0x00000000f8300000,0x00000000f8300000,0x00000000f8980000)
 ParOldGen       total 349696K, used 349694K [0x00000000e0000000, 0x00000000f5580000, 0x00000000f5580000)
  object space 349696K, 99% used [0x00000000e0000000,0x00000000f557fb10,0x00000000f5580000)
 Metaspace       used 54921K, committed 55680K, reserved 1105920K
  class space    used 5484K, committed 5824K, reserved 1048576K
}
Event: 2080.831 GC heap after
{Heap after GC invocations=1735 (full 1632):
 PSYoungGen      total 35328K, used 28671K [0x00000000f5580000, 0x00000000f8980000, 0x0000000100000000)
  eden space 28672K, 99% used [0x00000000f5580000,0x00000000f717ffb8,0x00000000f7180000)
  from space 6656K, 0% used [0x00000000f8300000,0x00000000f8300000,0x00000000f8980000)
  to   space 11264K, 0% used [0x00000000f7580000,0x00000000f7580000,0x00000000f8080000)
 ParOldGen       total 349696K, used 349693K [0x00000000e0000000, 0x00000000f5580000, 0x00000000f5580000)
  object space 349696K, 99% used [0x00000000e0000000,0x00000000f557f770,0x00000000f5580000)
 Metaspace       used 54921K, committed 55680K, reserved 1105920K
  class space    used 5484K, committed 5824K, reserved 1048576K
}
Event: 2080.831 GC heap before
{Heap before GC invocations=1736 (full 1633):
 PSYoungGen      total 35328K, used 28671K [0x00000000f5580000, 0x00000000f8980000, 0x0000000100000000)
  eden space 28672K, 99% used [0x00000000f5580000,0x00000000f717ffb8,0x00000000f7180000)
  from space 6656K, 0% used [0x00000000f8300000,0x00000000f8300000,0x00000000f8980000)
  to   space 11264K, 0% used [0x00000000f7580000,0x00000000f7580000,0x00000000f8080000)
 ParOldGen       total 349696K, used 349693K [0x00000000e0000000, 0x00000000f5580000, 0x00000000f5580000)
  object space 349696K, 99% used [0x00000000e0000000,0x00000000f557f770,0x00000000f5580000)
 Metaspace       used 54921K, committed 55680K, reserved 1105920K
  class space    used 5484K, committed 5824K, reserved 1048576K
}
Event: 2082.071 GC heap after
{Heap after GC invocations=1736 (full 1633):
 PSYoungGen      total 39936K, used 28671K [0x00000000f5580000, 0x00000000f8980000, 0x0000000100000000)
  eden space 28672K, 99% used [0x00000000f5580000,0x00000000f717ffb8,0x00000000f7180000)
  from space 11264K, 0% used [0x00000000f7580000,0x00000000f7580000,0x00000000f8080000)
  to   space 6656K, 0% used [0x00000000f8300000,0x00000000f8300000,0x00000000f8980000)
 ParOldGen       total 349696K, used 349693K [0x00000000e0000000, 0x00000000f5580000, 0x00000000f5580000)
  object space 349696K, 99% used [0x00000000e0000000,0x00000000f557f770,0x00000000f5580000)
 Metaspace       used 54921K, committed 55680K, reserved 1105920K
  class space    used 5484K, committed 5824K, reserved 1048576K
}

Dll operation events (9 events):
Event: 0.002 Loaded shared library /nix/store/gpxl5qgg8kicmcvivwmybwjlpf7wh20l-graalvm17-ce-22.3.0/lib/libjava.so
Event: 0.008 Loaded shared library /nix/store/gpxl5qgg8kicmcvivwmybwjlpf7wh20l-graalvm17-ce-22.3.0/lib/libjsvml.so
Event: 0.236 Loaded shared library /nix/store/gpxl5qgg8kicmcvivwmybwjlpf7wh20l-graalvm17-ce-22.3.0/lib/libnio.so
Event: 0.239 Loaded shared library /nix/store/gpxl5qgg8kicmcvivwmybwjlpf7wh20l-graalvm17-ce-22.3.0/lib/libjvmcicompiler.so
Event: 0.247 Loaded shared library /nix/store/gpxl5qgg8kicmcvivwmybwjlpf7wh20l-graalvm17-ce-22.3.0/lib/libzip.so
Event: 0.636 Loaded shared library /nix/store/gpxl5qgg8kicmcvivwmybwjlpf7wh20l-graalvm17-ce-22.3.0/lib/libjimage.so
Event: 1.141 Loaded shared library /nix/store/gpxl5qgg8kicmcvivwmybwjlpf7wh20l-graalvm17-ce-22.3.0/lib/libnet.so
Event: 4.045 Loaded shared library /home/runner/.cache/jdt-language-server/config/org.eclipse.equinox.launcher/org.eclipse.equinox.launcher.gtk.linux.x86_64_1.2.400.v20211117-0650/eclipse_11600.so
Event: 11.788 Loaded shared library /nix/store/gpxl5qgg8kicmcvivwmybwjlpf7wh20l-graalvm17-ce-22.3.0/lib/libextnet.so

Deoptimization events (20 events):
Event: 480.176 Thread 0x00007f050c301cc0 DEOPT PACKING pc=0x00007f057f1ee5e8 sp=0x00007f053c9fdcc0
Event: 480.176 Thread 0x00007f050c301cc0 DEOPT UNPACKING pc=0x00007f0577505325 sp=0x00007f053c9fd110 mode 3
Event: 481.447 Thread 0x00007f050c301cc0 Uncommon trap: trap_request=0xffffffc4 fr.pc=0x00007f057f1ed770 relative=0x0000000000000290
Event: 481.447 Thread 0x00007f050c301cc0 Uncommon trap: reason=bimorphic_or_optimized_type_check action=make_not_entrant pc=0x00007f057f1ed770 method=org.eclipse.jdt.internal.compiler.parser.Scanner.isInModuleDeclaration()Z @ 0 jvmci
Event: 481.447 Thread 0x00007f050c301cc0 DEOPT PACKING pc=0x00007f057f1ed770 sp=0x00007f053c9fdbf0
Event: 481.447 Thread 0x00007f050c301cc0 DEOPT UNPACKING pc=0x00007f0577505325 sp=0x00007f053c9fd0a0 mode 3
Event: 600.045 Thread 0x00007f05900b21e0 Uncommon trap: trap_request=0xffffffcd fr.pc=0x00007f057f1f4187 relative=0x0000000000000aa7
Event: 600.045 Thread 0x00007f05900b21e0 Uncommon trap: reason=intrinsic_or_type_checked_inlining action=reinterpret pc=0x00007f057f1f4187 method=java.io.DataOutputStream.write([BII)V @ 0 jvmci
Event: 600.045 Thread 0x00007f05900b21e0 DEOPT PACKING pc=0x00007f057f1f4187 sp=0x00007f0576717fb0
Event: 600.045 Thread 0x00007f05900b21e0 DEOPT UNPACKING pc=0x00007f0577505325 sp=0x00007f05767173d0 mode 3
Event: 618.579 Thread 0x00007f0500179b30 DEOPT PACKING pc=0x00007f0577c04837 sp=0x00007f05742fdb60
Event: 618.579 Thread 0x00007f0500179b30 DEOPT UNPACKING pc=0x00007f0577505325 sp=0x00007f05742fd0c0 mode 0
Event: 716.557 Thread 0x00007f05900b21e0 DEOPT PACKING pc=0x00007f05785f43ba sp=0x00007f0576717ef0
Event: 716.557 Thread 0x00007f05900b21e0 DEOPT UNPACKING pc=0x00007f0577505325 sp=0x00007f0576717458 mode 0
Event: 1217.735 Thread 0x00007f05900b21e0 DEOPT PACKING pc=0x00007f05785f43ba sp=0x00007f0576717ef0
Event: 1217.735 Thread 0x00007f05900b21e0 DEOPT UNPACKING pc=0x00007f0577505325 sp=0x00007f0576717458 mode 0
Event: 1744.498 Thread 0x00007f0500179b30 DEOPT PACKING pc=0x00007f05788d2711 sp=0x00007f05742fd330
Event: 1744.498 Thread 0x00007f0500179b30 DEOPT UNPACKING pc=0x00007f0577505325 sp=0x00007f05742fc788 mode 0
Event: 2056.442 Thread 0x00007f050017f3e0 DEOPT PACKING pc=0x00007f057f1f2884 sp=0x00007f053cdfd050
Event: 2056.442 Thread 0x00007f050017f3e0 DEOPT UNPACKING pc=0x00007f0577505325 sp=0x00007f053cdfc4f8 mode 1

Classes unloaded (20 events):
Event: 150.844 Thread 0x00007f05900a1c10 Unloading class 0x0000000800d09000 'java/lang/invoke/LambdaForm$MH+0x0000000800d09000'
Event: 150.844 Thread 0x00007f05900a1c10 Unloading class 0x0000000800d08c00 'java/lang/invoke/LambdaForm$MH+0x0000000800d08c00'
Event: 150.844 Thread 0x00007f05900a1c10 Unloading class 0x0000000800d08800 'java/lang/invoke/LambdaForm$MH+0x0000000800d08800'
Event: 156.084 Thread 0x00007f05900a1c10 Unloading class 0x0000000800ef1000 'jdk/internal/reflect/GeneratedConstructorAccessor12'
Event: 156.084 Thread 0x00007f05900a1c10 Unloading class 0x0000000800ef0800 'jdk/internal/reflect/GeneratedConstructorAccessor10'
Event: 156.084 Thread 0x00007f05900a1c10 Unloading class 0x0000000800ef0400 'jdk/internal/reflect/GeneratedConstructorAccessor9'
Event: 156.084 Thread 0x00007f05900a1c10 Unloading class 0x0000000800ef0000 'jdk/internal/reflect/GeneratedConstructorAccessor8'
Event: 162.568 Thread 0x00007f05900a1c10 Unloading class 0x0000000801065400 'java/lang/invoke/LambdaForm$MH+0x0000000801065400'
Event: 162.568 Thread 0x00007f05900a1c10 Unloading class 0x0000000801065000 'java/lang/invoke/LambdaForm$MH+0x0000000801065000'
Event: 162.568 Thread 0x00007f05900a1c10 Unloading class 0x0000000801064c00 'java/lang/invoke/LambdaForm$MH+0x0000000801064c00'
Event: 162.568 Thread 0x00007f05900a1c10 Unloading class 0x0000000801064800 'java/lang/invoke/LambdaForm$MH+0x0000000801064800'
Event: 162.568 Thread 0x00007f05900a1c10 Unloading class 0x0000000801064400 'java/lang/invoke/LambdaForm$MH+0x0000000801064400'
Event: 162.568 Thread 0x00007f05900a1c10 Unloading class 0x0000000801064000 'java/lang/invoke/LambdaForm$MH+0x0000000801064000'
Event: 162.568 Thread 0x00007f05900a1c10 Unloading class 0x0000000800d98400 'java/lang/invoke/LambdaForm$MH+0x0000000800d98400'
Event: 162.568 Thread 0x00007f05900a1c10 Unloading class 0x0000000800d08000 'java/lang/invoke/LambdaForm$MH+0x0000000800d08000'
Event: 164.378 Thread 0x00007f05900a1c10 Unloading class 0x00000008011a4400 'jdk/internal/reflect/GeneratedConstructorAccessor33'
Event: 164.378 Thread 0x00007f05900a1c10 Unloading class 0x0000000801088c00 'jdk/internal/reflect/GeneratedSerializationConstructorAccessor4'
Event: 164.378 Thread 0x00007f05900a1c10 Unloading class 0x0000000801088800 'jdk/internal/reflect/GeneratedSerializationConstructorAccessor3'
Event: 164.378 Thread 0x00007f05900a1c10 Unloading class 0x0000000801088400 'jdk/internal/reflect/GeneratedSerializationConstructorAccessor2'
Event: 164.378 Thread 0x00007f05900a1c10 Unloading class 0x0000000801088000 'jdk/internal/reflect/GeneratedSerializationConstructorAccessor1'

Classes redefined (0 events):
No events

Internal exceptions (20 events):
Event: 33.649 Thread 0x00007f050c301cc0 Exception <a 'sun/nio/fs/UnixException'{0x00000000f56a89b8}> (0x00000000f56a89b8) 
thrown [src/hotspot/share/prims/jni.cpp, line 516]
Event: 33.649 Thread 0x00007f050c301cc0 Exception <a 'sun/nio/fs/UnixException'{0x00000000f56e3df0}> (0x00000000f56e3df0) 
thrown [src/hotspot/share/prims/jni.cpp, line 516]
Event: 33.650 Thread 0x00007f050c301cc0 Exception <a 'sun/nio/fs/UnixException'{0x00000000f56e7ec0}> (0x00000000f56e7ec0) 
thrown [src/hotspot/share/prims/jni.cpp, line 516]
Event: 33.847 Thread 0x00007f050c301cc0 Exception <a 'sun/nio/fs/UnixException'{0x00000000f60e94c8}> (0x00000000f60e94c8) 
thrown [src/hotspot/share/prims/jni.cpp, line 516]
Event: 33.928 Thread 0x00007f050c301cc0 Exception <a 'sun/nio/fs/UnixException'{0x00000000f616c290}> (0x00000000f616c290) 
thrown [src/hotspot/share/prims/jni.cpp, line 516]
Event: 34.128 Thread 0x00007f050c301cc0 Exception <a 'sun/nio/fs/UnixException'{0x00000000f5ac9020}> (0x00000000f5ac9020) 
thrown [src/hotspot/share/prims/jni.cpp, line 516]
Event: 34.155 Thread 0x00007f050c301cc0 Exception <a 'sun/nio/fs/UnixException'{0x00000000f5e0dce0}> (0x00000000f5e0dce0) 
thrown [src/hotspot/share/prims/jni.cpp, line 516]
Event: 34.936 Thread 0x00007f050017d150 Exception <a 'java/lang/NoSuchMethodError'{0x00000000f58ddd58}: 'java.lang.Object java.lang.invoke.DirectMethodHandle$Holder.invokeStatic(java.lang.Object, int, java.lang.Object, java.lang.Object, java.lang.Object, java.lang.Object)'> (0x00000000f58ddd58) 
thrown [src/hotspot/share/interpreter/linkResolver.cpp, line 758]
Event: 35.433 Thread 0x00007f050017c110 Exception <a 'java/lang/NoSuchMethodError'{0x00000000f5967e50}: 'void java.lang.invoke.DirectMethodHandle$Holder.invokeSpecial(java.lang.Object, java.lang.Object, int)'> (0x00000000f5967e50) 
thrown [src/hotspot/share/interpreter/linkResolver.cpp, line 758]
Event: 36.243 Thread 0x00007f050017d150 Exception <a 'java/lang/NoSuchMethodError'{0x00000000f630acf0}: 'int java.lang.invoke.DirectMethodHandle$Holder.invokeSpecialIFC(java.lang.Object, java.lang.Object, java.lang.Object, java.lang.Object)'> (0x00000000f630acf0) 
thrown [src/hotspot/share/interpreter/linkResolver.cpp, line 758]
Event: 36.940 Thread 0x00007f04f4000ff0 Exception <a 'java/lang/NoSuchMethodError'{0x00000000f5a69f28}: 'java.lang.Object java.lang.invoke.DirectMethodHandle$Holder.invokeStatic(java.lang.Object, java.lang.Object, java.lang.Object, long)'> (0x00000000f5a69f28) 
thrown [src/hotspot/share/interpreter/linkResolver.cpp, line 758]
Event: 36.941 Thread 0x00007f04f4000ff0 Exception <a 'java/lang/NoSuchMethodError'{0x00000000f5a72d38}: 'java.lang.Object java.lang.invoke.DirectMethodHandle$Holder.newInvokeSpecial(java.lang.Object, java.lang.Object, java.lang.Object, long)'> (0x00000000f5a72d38) 
thrown [src/hotspot/share/interpreter/linkResolver.cpp, line 758]
Event: 36.942 Thread 0x00007f04f4000ff0 Exception <a 'java/lang/NoSuchMethodError'{0x00000000f5a770f0}: 'java.lang.Object java.lang.invoke.DirectMethodHandle$Holder.invokeSpecial(java.lang.Object, java.lang.Object, java.lang.Object, java.lang.Object, long)'> (0x00000000f5a770f0) 
thrown [src/hotspot/share/interpreter/linkResolver.cpp, line 758]
Event: 36.942 Thread 0x00007f04f4000ff0 Exception <a 'java/lang/NoSuchMethodError'{0x00000000f5a7aa18}: 'java.lang.Object java.lang.invoke.Invokers$Holder.linkToTargetMethod(java.lang.Object, java.lang.Object, long, java.lang.Object)'> (0x00000000f5a7aa18) 
thrown [src/hotspot/share/interpreter/linkResolver.cpp, line 758]
Event: 36.962 Thread 0x00007f0518007670 Exception <a 'java/lang/NoSuchMethodError'{0x00000000f5fae8e0}: 'java.lang.Object java.lang.invoke.DirectMethodHandle$Holder.newInvokeSpecial(java.lang.Object, java.lang.Object, java.lang.Object, int, java.lang.Object)'> (0x00000000f5fae8e0) 
thrown [src/hotspot/share/interpreter/linkResolver.cpp, line 758]
Event: 36.963 Thread 0x00007f0518007670 Exception <a 'java/lang/NoSuchMethodError'{0x00000000f5fb35e0}: 'java.lang.Object java.lang.invoke.DirectMethodHandle$Holder.invokeSpecial(java.lang.Object, java.lang.Object, java.lang.Object, java.lang.Object, int, java.lang.Object)'> (0x00000000f5fb35e0) 
thrown [src/hotspot/share/interpreter/linkResolver.cpp, line 758]
Event: 36.963 Thread 0x00007f0518007670 Exception <a 'java/lang/NoSuchMethodError'{0x00000000f5fb7c18}: 'java.lang.Object java.lang.invoke.Invokers$Holder.linkToTargetMethod(java.lang.Object, java.lang.Object, int, java.lang.Object, java.lang.Object)'> (0x00000000f5fb7c18) 
thrown [src/hotspot/share/interpreter/linkResolver.cpp, line 758]
Event: 42.340 Thread 0x00007f052449d340 Implicit null exception at 0x00007f057f15c83d to 0x00007f057f15cd2a
Event: 2056.442 Thread 0x00007f050017f3e0 Exception <a 'java/lang/OutOfMemoryError'{0x00000000e000f788}> (0x00000000e000f788) 
thrown [src/hotspot/share/gc/shared/memAllocator.cpp, line 136]
Event: 2082.071 Thread 0x00007f05900b21e0 Exception <a 'java/lang/OutOfMemoryError'{0x00000000e000fa58}> (0x00000000e000fa58) 
thrown [src/hotspot/share/gc/shared/memAllocator.cpp, line 136]

VM Operations (20 events):
Event: 2068.864 Executing VM operation: ParallelGCFailedAllocation
Event: 2070.080 Executing VM operation: ParallelGCFailedAllocation done
Event: 2070.081 Executing VM operation: ParallelGCFailedAllocation
Event: 2071.249 Executing VM operation: ParallelGCFailedAllocation done
Event: 2071.249 Executing VM operation: ParallelGCFailedAllocation
Event: 2072.428 Executing VM operation: ParallelGCFailedAllocation done
Event: 2072.428 Executing VM operation: ParallelGCFailedAllocation
Event: 2073.549 Executing VM operation: ParallelGCFailedAllocation done
Event: 2073.550 Executing VM operation: ParallelGCFailedAllocation
Event: 2074.629 Executing VM operation: ParallelGCFailedAllocation done
Event: 2074.629 Executing VM operation: ParallelGCFailedAllocation
Event: 2075.863 Executing VM operation: ParallelGCFailedAllocation done
Event: 2075.863 Executing VM operation: ParallelGCFailedAllocation
Event: 2077.145 Executing VM operation: ParallelGCFailedAllocation done
Event: 2077.145 Executing VM operation: ParallelGCFailedAllocation
Event: 2078.367 Executing VM operation: ParallelGCFailedAllocation done
Event: 2078.367 Executing VM operation: ParallelGCFailedAllocation
Event: 2079.576 Executing VM operation: ParallelGCFailedAllocation done
Event: 2079.577 Executing VM operation: ParallelGCFailedAllocation
Event: 2082.071 Executing VM operation: ParallelGCFailedAllocation done

Events (20 events):
Event: 130.985 Thread 0x00007f05180010d0 Thread exited: 0x00007f05180010d0
Event: 132.285 Thread 0x00007f04f4000ff0 Thread exited: 0x00007f04f4000ff0
Event: 165.071 Thread 0x00007f050017c110 Thread added: 0x00007f050017c110
Event: 165.076 Protecting memory [0x00007f053cb00000,0x00007f053cb04000] with protection modes 0
Event: 165.076 Thread 0x00007f050017d150 Thread added: 0x00007f050017d150
Event: 165.076 Protecting memory [0x00007f053d900000,0x00007f053d904000] with protection modes 0
Event: 168.960 Thread 0x00007f0500179b30 Thread added: 0x00007f0500179b30
Event: 168.960 Protecting memory [0x00007f0574200000,0x00007f0574204000] with protection modes 0
Event: 170.811 Thread 0x00007f050017f3e0 Thread added: 0x00007f050017f3e0
Event: 170.811 Protecting memory [0x00007f053cd00000,0x00007f053cd04000] with protection modes 0
Event: 321.849 Thread 0x00007f04fc001130 Thread added: 0x00007f04fc001130
Event: 321.849 Protecting memory [0x00007f0574b00000,0x00007f0574b04000] with protection modes 0
Event: 1080.300 Thread 0x00007f04e400b5b0 Thread added: 0x00007f04e400b5b0
Event: 1080.300 Protecting memory [0x00007f0574100000,0x00007f0574104000] with protection modes 0
Event: 1116.172 Thread 0x00007f04e40119c0 Thread added: 0x00007f04e40119c0
Event: 1116.173 Protecting memory [0x00007f053c300000,0x00007f053c304000] with protection modes 0
Event: 1119.859 Thread 0x00007f04fc001130 Thread exited: 0x00007f04fc001130
Event: 1830.082 Thread 0x00007f04e40124c0 Thread added: 0x00007f04e40124c0
Event: 1830.082 Protecting memory [0x00007f0574b00000,0x00007f0574b04000] with protection modes 0
Event: 1843.370 Thread 0x00007f04e40124c0 Thread exited: 0x00007f04e40124c0


Dynamic libraries:
e0000000-f5580000 rw-p 00000000 00:00 0 
f5580000-f8980000 rw-p 00000000 00:00 0 
f8980000-100000000 ---p 00000000 00:00 0 
800000000-800449000 rw-p 00001000 00:138f 4611686019135357769            /nix/store/gpxl5qgg8kicmcvivwmybwjlpf7wh20l-graalvm17-ce-22.3.0/lib/server/classes.jsa
800449000-800bc8000 r--p 0044a000 00:138f 4611686019135357769            /nix/store/gpxl5qgg8kicmcvivwmybwjlpf7wh20l-graalvm17-ce-22.3.0/lib/server/classes.jsa
800bc8000-800c00000 ---p 00000000 00:00 0 
800c00000-800c20000 rw-p 00000000 00:00 0 
800c20000-800c40000 rw-p 00000000 00:00 0 
800c40000-800cc0000 rw-p 00000000 00:00 0 
800cc0000-800d00000 rw-p 00000000 00:00 0 
800d00000-800dc0000 rw-p 00000000 00:00 0 
800dc0000-800e00000 rw-p 00000000 00:00 0 
800e00000-800f40000 rw-p 00000000 00:00 0 
800f40000-800fc0000 rw-p 00000000 00:00 0 
800fc0000-8011b0000 rw-p 00000000 00:00 0 
8011b0000-840c00000 ---p 00000000 00:00 0 
55de5e2b6000-55de5e2b7000 r-xp 00000000 00:138f 4611686019099417844      /nix/store/gpxl5qgg8kicmcvivwmybwjlpf7wh20l-graalvm17-ce-22.3.0/bin/.java-wrapped
55de5e2b8000-55de5e2b9000 r--p 00001000 00:138f 4611686019099417844      /nix/store/gpxl5qgg8kicmcvivwmybwjlpf7wh20l-graalvm17-ce-22.3.0/bin/.java-wrapped
55de5e2b9000-55de5e2ba000 rw-p 00002000 00:138f 4611686019099417844      /nix/store/gpxl5qgg8kicmcvivwmybwjlpf7wh20l-graalvm17-ce-22.3.0/bin/.java-wrapped
55de5e2ba000-55de5e2bb000 rw-p 00004000 00:138f 4611686019099417844      /nix/store/gpxl5qgg8kicmcvivwmybwjlpf7wh20l-graalvm17-ce-22.3.0/bin/.java-wrapped
55de5e2bb000-55de5e2bc000 rw-p 00005000 00:138f 4611686019099417844      /nix/store/gpxl5qgg8kicmcvivwmybwjlpf7wh20l-graalvm17-ce-22.3.0/bin/.java-wrapped
55de5e434000-55de5e47c000 rw-p 00000000 00:00 0                          [heap]
7f04c4000000-7f04c4021000 rw-p 00000000 00:00 0 
7f04c4021000-7f04c8000000 ---p 00000000 00:00 0 
7f04cc000000-7f04cc06e000 rw-p 00000000 00:00 0 
7f04cc06e000-7f04d0000000 ---p 00000000 00:00 0 
7f04d0000000-7f04d003e000 rw-p 00000000 00:00 0 
7f04d003e000-7f04d4000000 ---p 00000000 00:00 0 
7f04d4000000-7f04d405c000 rw-p 00000000 00:00 0 
7f04d405c000-7f04d8000000 ---p 00000000 00:00 0 
7f04d8000000-7f04d8098000 rw-p 00000000 00:00 0 
7f04d8098000-7f04dc000000 ---p 00000000 00:00 0 
7f04dc000000-7f04dc021000 rw-p 00000000 00:00 0 
7f04dc021000-7f04e0000000 ---p 00000000 00:00 0 
7f04e0000000-7f04e0021000 rw-p 00000000 00:00 0 
7f04e0021000-7f04e4000000 ---p 00000000 00:00 0 
7f04e4000000-7f04e4021000 rw-p 00000000 00:00 0 
7f04e4021000-7f04e8000000 ---p 00000000 00:00 0 
7f04e8400000-7f04e84c0000 rw-p 00000000 00:00 0 
7f04e84c0000-7f04e8c00000 ---p 00000000 00:00 0 
7f04e9c00000-7f04e9d00000 rw-p 00000000 00:00 0 
7f04e9d00000-7f04ea400000 rw-p 00000000 00:00 0 
7f04ea4b3000-7f04f4000000 r--s 00000000 00:138f 4611686019135192581      /nix/store/gpxl5qgg8kicmcvivwmybwjlpf7wh20l-graalvm17-ce-22.3.0/lib/modules
7f04f4000000-7f04f4114000 rw-p 00000000 00:00 0 
7f04f4114000-7f04f8000000 ---p 00000000 00:00 0 
7f04f8000000-7f04f810f000 rw-p 00000000 00:00 0 
7f04f810f000-7f04fc000000 ---p 00000000 00:00 0 
7f04fc000000-7f04fc0fa000 rw-p 00000000 00:00 0 
7f04fc0fa000-7f0500000000 ---p 00000000 00:00 0 
7f0500000000-7f0500193000 rw-p 00000000 00:00 0 
7f0500193000-7f0504000000 ---p 00000000 00:00 0 
7f0504000000-7f0504021000 rw-p 00000000 00:00 0 
7f0504021000-7f0508000000 ---p 00000000 00:00 0 
7f0508000000-7f0508021000 rw-p 00000000 00:00 0 
7f0508021000-7f050c000000 ---p 00000000 00:00 0 
7f050c000000-7f050c31e000 rw-p 00000000 00:00 0 
7f050c31e000-7f0510000000 ---p 00000000 00:00 0 
7f0510000000-7f051005d000 rw-p 00000000 00:00 0 
7f051005d000-7f0514000000 ---p 00000000 00:00 0 
7f0514000000-7f0514021000 rw-p 00000000 00:00 0 
7f0514021000-7f0518000000 ---p 00000000 00:00 0 
7f0518000000-7f0518031000 rw-p 00000000 00:00 0 
7f0518031000-7f051c000000 ---p 00000000 00:00 0 
7f051c000000-7f051c021000 rw-p 00000000 00:00 0 
7f051c021000-7f0520000000 ---p 00000000 00:00 0 
7f0520000000-7f0520021000 rw-p 00000000 00:00 0 
7f0520021000-7f0524000000 ---p 00000000 00:00 0 
7f0524000000-7f05248d3000 rw-p 00000000 00:00 0 
7f05248d3000-7f0528000000 ---p 00000000 00:00 0 
7f0528000000-7f0528025000 rw-p 00000000 00:00 0 
7f0528025000-7f052c000000 ---p 00000000 00:00 0 
7f052c000000-7f052c021000 rw-p 00000000 00:00 0 
7f052c021000-7f0530000000 ---p 00000000 00:00 0 
7f0530000000-7f0530021000 rw-p 00000000 00:00 0 
7f0530021000-7f0534000000 ---p 00000000 00:00 0 
7f0534000000-7f0534021000 rw-p 00000000 00:00 0 
7f0534021000-7f0538000000 ---p 00000000 00:00 0 
7f0538000000-7f0538200000 rw-p 00000000 00:00 0 
7f0538200000-7f0538300000 rw-p 00000000 00:00 0 
7f0538300000-7f05383f0000 rw-p 00000000 00:00 0 
7f05383f0000-7f0538400000 ---p 00000000 00:00 0 
7f0538400000-7f0538800000 rw-p 00000000 00:00 0 
7f0538800000-7f0538880000 rw-p 00000000 00:00 0 
7f0538880000-7f0538900000 rw-p 00000000 00:00 0 
7f0538900000-7f0538b00000 rw-p 00000000 00:00 0 
7f0538b00000-7f0538c00000 rw-p 00000000 00:00 0 
7f0538c00000-7f0538d00000 rw-p 00000000 00:00 0 
7f0538d00000-7f0538e00000 rw-p 00000000 00:00 0 
7f0538e00000-7f0539000000 rw-p 00000000 00:00 0 
7f0539000000-7f0539100000 rw-p 00000000 00:00 0 
7f0539100000-7f0539780000 rw-p 00000000 00:00 0 
7f0539780000-7f0539800000 rw-p 00000000 00:00 0 
7f0539800000-7f0539900000 rw-p 00000000 00:00 0 
7f0539900000-7f0539a00000 rw-p 00000000 00:00 0 
7f0539a00000-7f0539d80000 rw-p 00000000 00:00 0 
7f0539d80000-7f0539e00000 rw-p 00000000 00:00 0 
7f0539e00000-7f0539fc0000 rw-p 00000000 00:00 0 
7f0539fc0000-7f053a000000 rw-p 00000000 00:00 0 
7f053a000000-7f053a010000 r-xp 00000000 00:138c 353                      /home/runner/.cache/jdt-language-server/config/org.eclipse.equinox.launcher/org.eclipse.equinox.launcher.gtk.linux.x86_64_1.2.400.v20211117-0650/eclipse_11600.so
7f053a010000-7f053a20f000 ---p 00010000 00:138c 353                      /home/runner/.cache/jdt-language-server/config/org.eclipse.equinox.launcher/org.eclipse.equinox.launcher.gtk.linux.x86_64_1.2.400.v20211117-0650/eclipse_11600.so
7f053a20f000-7f053a210000 r--p 0000f000 00:138c 353                      /home/runner/.cache/jdt-language-server/config/org.eclipse.equinox.launcher/org.eclipse.equinox.launcher.gtk.linux.x86_64_1.2.400.v20211117-0650/eclipse_11600.so
7f053a210000-7f053a211000 rw-p 00010000 00:138c 353                      /home/runner/.cache/jdt-language-server/config/org.eclipse.equinox.launcher/org.eclipse.equinox.launcher.gtk.linux.x86_64_1.2.400.v20211117-0650/eclipse_11600.so
7f053ad00000-7f053ae00000 ---p 00000000 00:00 0 
7f053ae00000-7f053b3af000 r--p 01122000 00:138f 4611686019135190040      /nix/store/gpxl5qgg8kicmcvivwmybwjlpf7wh20l-graalvm17-ce-22.3.0/lib/libjvmcicompiler.so
7f053b3af000-7f053b500000 r--p 00000000 00:00 0 
7f053b500000-7f053b53d000 rw-p 00000000 00:00 0 
7f053b53d000-7f053ba5d000 rw-p 0185f000 00:138f 4611686019135190040      /nix/store/gpxl5qgg8kicmcvivwmybwjlpf7wh20l-graalvm17-ce-22.3.0/lib/libjvmcicompiler.so
7f053ba5d000-7f053be44000 r--p 01d7f000 00:138f 4611686019135190040      /nix/store/gpxl5qgg8kicmcvivwmybwjlpf7wh20l-graalvm17-ce-22.3.0/lib/libjvmcicompiler.so
7f053bf00000-7f053bf04000 ---p 00000000 00:00 0 
7f053bf04000-7f053c000000 rw-p 00000000 00:00 0 
7f053c100000-7f053c104000 ---p 00000000 00:00 0 
7f053c104000-7f053c200000 rw-p 00000000 00:00 0 
7f053c300000-7f053c304000 ---p 00000000 00:00 0 
7f053c304000-7f053c400000 rw-p 00000000 00:00 0 
7f053c500000-7f053c504000 ---p 00000000 00:00 0 
7f053c504000-7f053c600000 rw-p 00000000 00:00 0 
7f053c700000-7f053c704000 ---p 00000000 00:00 0 
7f053c704000-7f053c800000 rw-p 00000000 00:00 0 
7f053c900000-7f053c904000 ---p 00000000 00:00 0 
7f053c904000-7f053ca00000 rw-p 00000000 00:00 0 
7f053cb00000-7f053cb04000 ---p 00000000 00:00 0 
7f053cb04000-7f053cc00000 rw-p 00000000 00:00 0 
7f053cd00000-7f053cd04000 ---p 00000000 00:00 0 
7f053cd04000-7f053ce00000 rw-p 00000000 00:00 0 
7f053cf00000-7f053cf04000 ---p 00000000 00:00 0 
7f053cf04000-7f053d000000 rw-p 00000000 00:00 0 
7f053d100000-7f053d104000 ---p 00000000 00:00 0 
7f053d104000-7f053d200000 rw-p 00000000 00:00 0 
7f053d300000-7f053d304000 ---p 00000000 00:00 0 
7f053d304000-7f053d400000 rw-p 00000000 00:00 0 
7f053d500000-7f053d504000 ---p 00000000 00:00 0 
7f053d504000-7f053d600000 rw-p 00000000 00:00 0 
7f053d700000-7f053d704000 ---p 00000000 00:00 0 
7f053d704000-7f053d800000 rw-p 00000000 00:00 0 
7f053d900000-7f053d904000 ---p 00000000 00:00 0 
7f053d904000-7f053da00000 rw-p 00000000 00:00 0 
7f053db00000-7f053db04000 ---p 00000000 00:00 0 
7f053db04000-7f053dc00000 rw-p 00000000 00:00 0 
7f053dc00000-7f053fd6a000 r-xp 00000000 00:138f 4611686019135190040      /nix/store/gpxl5qgg8kicmcvivwmybwjlpf7wh20l-graalvm17-ce-22.3.0/lib/libjvmcicompiler.so
7f053fd6a000-7f053ff69000 ---p 0216a000 00:138f 4611686019135190040      /nix/store/gpxl5qgg8kicmcvivwmybwjlpf7wh20l-graalvm17-ce-22.3.0/lib/libjvmcicompiler.so
7f053ff69000-7f053ff6a000 r--p 02169000 00:138f 4611686019135190040      /nix/store/gpxl5qgg8kicmcvivwmybwjlpf7wh20l-graalvm17-ce-22.3.0/lib/libjvmcicompiler.so
7f053ff6a000-7f053ff6c000 rw-p 0216a000 00:138f 4611686019135190040      /nix/store/gpxl5qgg8kicmcvivwmybwjlpf7wh20l-graalvm17-ce-22.3.0/lib/libjvmcicompiler.so
7f053ff6c000-7f053ff6d000 rw-p 00000000 00:00 0 
7f053ff6d000-7f053ff72000 rw-p 023c3000 00:138f 4611686019135190040      /nix/store/gpxl5qgg8kicmcvivwmybwjlpf7wh20l-graalvm17-ce-22.3.0/lib/libjvmcicompiler.so
7f0540000000-7f0540021000 rw-p 00000000 00:00 0 
7f0540021000-7f0544000000 ---p 00000000 00:00 0 
7f0544000000-7f0544021000 rw-p 00000000 00:00 0 
7f0544021000-7f0548000000 ---p 00000000 00:00 0 
7f0548000000-7f0548021000 rw-p 00000000 00:00 0 
7f0548021000-7f054c000000 ---p 00000000 00:00 0 
7f054c000000-7f054c021000 rw-p 00000000 00:00 0 
7f054c021000-7f0550000000 ---p 00000000 00:00 0 
7f0550000000-7f05500c3000 rw-p 00000000 00:00 0 
7f05500c3000-7f0554000000 ---p 00000000 00:00 0 
7f0554000000-7f0554bbb000 rw-p 00000000 00:00 0 
7f0554bbb000-7f0558000000 ---p 00000000 00:00 0 
7f0558000000-7f0558021000 rw-p 00000000 00:00 0 
7f0558021000-7f055c000000 ---p 00000000 00:00 0 
7f055c000000-7f055c021000 rw-p 00000000 00:00 0 
7f055c021000-7f0560000000 ---p 00000000 00:00 0 
7f0560000000-7f0560021000 rw-p 00000000 00:00 0 
7f0560021000-7f0564000000 ---p 00000000 00:00 0 
7f0564000000-7f0564021000 rw-p 00000000 00:00 0 
7f0564021000-7f0568000000 ---p 00000000 00:00 0 
7f0568000000-7f0568026000 rw-p 00000000 00:00 0 
7f0568026000-7f056c000000 ---p 00000000 00:00 0 
7f056c000000-7f056c021000 rw-p 00000000 00:00 0 
7f056c021000-7f0570000000 ---p 00000000 00:00 0 
7f0570000000-7f05701cd000 rw-p 00000000 00:00 0 
7f05701cd000-7f0574000000 ---p 00000000 00:00 0 
7f0574000000-7f0574004000 ---p 00000000 00:00 0 
7f0574004000-7f0574100000 rw-p 00000000 00:00 0 
7f0574100000-7f0574104000 ---p 00000000 00:00 0 
7f0574104000-7f0574200000 rw-p 00000000 00:00 0 
7f0574200000-7f0574204000 ---p 00000000 00:00 0 
7f0574204000-7f0574300000 rw-p 00000000 00:00 0 
7f0574400000-7f0574404000 ---p 00000000 00:00 0 
7f0574404000-7f0574500000 rw-p 00000000 00:00 0 
7f0574600000-7f0574604000 ---p 00000000 00:00 0 
7f0574604000-7f0574700000 rw-p 00000000 00:00 0 
7f0574800000-7f0574804000 ---p 00000000 00:00 0 
7f0574804000-7f0574900000 rw-p 00000000 00:00 0 
7f0574a00000-7f0574a04000 ---p 00000000 00:00 0 
7f0574a04000-7f0574b00000 rw-p 00000000 00:00 0 
7f0574b00000-7f0574b04000 ---p 00000000 00:00 0 
7f0574b04000-7f0574c00000 rw-p 00000000 00:00 0 
7f0574c00000-7f0574c04000 ---p 00000000 00:00 0 
7f0574c04000-7f0574d00000 rw-p 00000000 00:00 0 
7f0575a68000-7f0575f00000 rw-p 00000000 00:00 0 
7f0575f18000-7f0575f19000 ---p 00000000 00:00 0 
7f0575f19000-7f057601a000 rw-p 00000000 00:00 0 
7f057601a000-7f057601e000 ---p 00000000 00:00 0 
7f057601e000-7f057611a000 rw-p 00000000 00:00 0 
7f057611a000-7f057611e000 ---p 00000000 00:00 0 
7f057611e000-7f057621a000 rw-p 00000000 00:00 0 
7f057621a000-7f057621e000 ---p 00000000 00:00 0 
7f057621e000-7f057631a000 rw-p 00000000 00:00 0 
7f057631a000-7f057631e000 ---p 00000000 00:00 0 
7f057631e000-7f057651a000 rw-p 00000000 00:00 0 
7f057651a000-7f057651e000 ---p 00000000 00:00 0 
7f057651e000-7f057671a000 rw-p 00000000 00:00 0 
7f057671a000-7f057671e000 ---p 00000000 00:00 0 
7f057671e000-7f057681a000 rw-p 00000000 00:00 0 
7f057681a000-7f057681e000 ---p 00000000 00:00 0 
7f057681e000-7f057691a000 rw-p 00000000 00:00 0 
7f057691a000-7f0576c00000 r--p 00000000 00:c81 28444448                  /usr/lib/locale/locale-archive
7f0576c00000-7f0577000000 rw-p 00000000 00:00 0 
7f0577000000-7f0577300000 rw-p 00000000 00:00 0 
7f0577300000-7f0577400000 rw-p 00000000 00:00 0 
7f05774b3000-7f0577723000 rwxp 00000000 00:00 0 
7f0577723000-7f0577a42000 ---p 00000000 00:00 0 
7f0577a42000-7f0578912000 rwxp 00000000 00:00 0 
7f0578912000-7f057ef7a000 ---p 00000000 00:00 0 
7f057ef7a000-7f057f21a000 rwxp 00000000 00:00 0 
7f057f21a000-7f05864b3000 ---p 00000000 00:00 0 
7f05864b3000-7f0590000000 r--s 00000000 00:138f 4611686019135192581      /nix/store/gpxl5qgg8kicmcvivwmybwjlpf7wh20l-graalvm17-ce-22.3.0/lib/modules
7f0590000000-7f0590632000 rw-p 00000000 00:00 0 
7f0590632000-7f0594000000 ---p 00000000 00:00 0 
7f0594021000-7f0594023000 r-xp 00000000 00:138f 4611686019135190017      /nix/store/gpxl5qgg8kicmcvivwmybwjlpf7wh20l-graalvm17-ce-22.3.0/lib/libextnet.so
7f0594023000-7f0594024000 r--p 00001000 00:138f 4611686019135190017      /nix/store/gpxl5qgg8kicmcvivwmybwjlpf7wh20l-graalvm17-ce-22.3.0/lib/libextnet.so
7f0594024000-7f0594025000 rw-p 00002000 00:138f 4611686019135190017      /nix/store/gpxl5qgg8kicmcvivwmybwjlpf7wh20l-graalvm17-ce-22.3.0/lib/libextnet.so
7f0594025000-7f0594026000 rw-p 00004000 00:138f 4611686019135190017      /nix/store/gpxl5qgg8kicmcvivwmybwjlpf7wh20l-graalvm17-ce-22.3.0/lib/libextnet.so
7f0594026000-7f059402a000 ---p 00000000 00:00 0 
7f059402a000-7f0594048000 rw-p 00000000 00:00 0 
7f0594048000-7f059404f000 r-xp 00000000 00:138f 4611686019135192580      /nix/store/gpxl5qgg8kicmcvivwmybwjlpf7wh20l-graalvm17-ce-22.3.0/lib/libzip.so
7f059404f000-7f0594050000 ---p 00007000 00:138f 4611686019135192580      /nix/store/gpxl5qgg8kicmcvivwmybwjlpf7wh20l-graalvm17-ce-22.3.0/lib/libzip.so
7f0594050000-7f0594051000 r--p 00007000 00:138f 4611686019135192580      /nix/store/gpxl5qgg8kicmcvivwmybwjlpf7wh20l-graalvm17-ce-22.3.0/lib/libzip.so
7f0594051000-7f0594052000 rw-p 00008000 00:138f 4611686019135192580      /nix/store/gpxl5qgg8kicmcvivwmybwjlpf7wh20l-graalvm17-ce-22.3.0/lib/libzip.so
7f0594052000-7f0594054000 rw-p 0000b000 00:138f 4611686019135192580      /nix/store/gpxl5qgg8kicmcvivwmybwjlpf7wh20l-graalvm17-ce-22.3.0/lib/libzip.so
7f0594054000-7f0594069000 r-xp 00000000 00:138f 4611686019135192570      /nix/store/gpxl5qgg8kicmcvivwmybwjlpf7wh20l-graalvm17-ce-22.3.0/lib/libnet.so
7f0594069000-7f059406a000 ---p 00015000 00:138f 4611686019135192570      /nix/store/gpxl5qgg8kicmcvivwmybwjlpf7wh20l-graalvm17-ce-22.3.0/lib/libnet.so
7f059406a000-7f059406b000 r--p 00015000 00:138f 4611686019135192570      /nix/store/gpxl5qgg8kicmcvivwmybwjlpf7wh20l-graalvm17-ce-22.3.0/lib/libnet.so
7f059406b000-7f059406c000 rw-p 00016000 00:138f 4611686019135192570      /nix/store/gpxl5qgg8kicmcvivwmybwjlpf7wh20l-graalvm17-ce-22.3.0/lib/libnet.so
7f059406c000-7f059406f000 rw-p 0001b000 00:138f 4611686019135192570      /nix/store/gpxl5qgg8kicmcvivwmybwjlpf7wh20l-graalvm17-ce-22.3.0/lib/libnet.so
7f059406f000-7f0594082000 r-xp 00000000 00:138f 4611686019135192571      /nix/store/gpxl5qgg8kicmcvivwmybwjlpf7wh20l-graalvm17-ce-22.3.0/lib/libnio.so
7f0594082000-7f0594083000 r--p 00012000 00:138f 4611686019135192571      /nix/store/gpxl5qgg8kicmcvivwmybwjlpf7wh20l-graalvm17-ce-22.3.0/lib/libnio.so
7f0594083000-7f0594084000 rw-p 00013000 00:138f 4611686019135192571      /nix/store/gpxl5qgg8kicmcvivwmybwjlpf7wh20l-graalvm17-ce-22.3.0/lib/libnio.so
7f0594084000-7f0594089000 rw-p 00019000 00:138f 4611686019135192571      /nix/store/gpxl5qgg8kicmcvivwmybwjlpf7wh20l-graalvm17-ce-22.3.0/lib/libnio.so
7f0594089000-7f059408d000 ---p 00000000 00:00 0 
7f059408d000-7f0594189000 rw-p 00000000 00:00 0 
7f0594189000-7f059418d000 ---p 00000000 00:00 0 
7f059418d000-7f0594289000 rw-p 00000000 00:00 0 
7f0594289000-7f059428d000 ---p 00000000 00:00 0 
7f059428d000-7f0594389000 rw-p 00000000 00:00 0 
7f0594389000-7f059438a000 ---p 00000000 00:00 0 
7f059438a000-7f059448b000 rw-p 00000000 00:00 0 
7f059448b000-7f0594559000 r-xp 00000000 00:138f 4611686019135190036      /nix/store/gpxl5qgg8kicmcvivwmybwjlpf7wh20l-graalvm17-ce-22.3.0/lib/libjsvml.so
7f0594559000-7f059455a000 r--p 000cd000 00:138f 4611686019135190036      /nix/store/gpxl5qgg8kicmcvivwmybwjlpf7wh20l-graalvm17-ce-22.3.0/lib/libjsvml.so
7f059455a000-7f059455b000 rw-p 000ce000 00:138f 4611686019135190036      /nix/store/gpxl5qgg8kicmcvivwmybwjlpf7wh20l-graalvm17-ce-22.3.0/lib/libjsvml.so
7f059455b000-7f0595e33000 rw-p 00000000 00:00 0 
7f0595e33000-7f0595e34000 ---p 00000000 00:00 0 
7f0595e34000-7f0595fdf000 rw-p 00000000 00:00 0 
7f0595fdf000-7f0595ffa000 rw-p 00000000 00:00 0 
7f0595ffa000-7f0596035000 ---p 00000000 00:00 0 
7f0596035000-7f059603c000 rw-p 00000000 00:00 0 
7f059603c000-7f0596121000 ---p 00000000 00:00 0 
7f0596121000-7f059613f000 rw-p 00000000 00:00 0 
7f059613f000-7f059620c000 ---p 00000000 00:00 0 
7f059620c000-7f0596211000 rw-p 00000000 00:00 0 
7f0596211000-7f0596218000 ---p 00000000 00:00 0 
7f0596218000-7f059623c000 r-xp 00000000 00:138f 4611686019135190028      /nix/store/gpxl5qgg8kicmcvivwmybwjlpf7wh20l-graalvm17-ce-22.3.0/lib/libjava.so
7f059623c000-7f059623d000 ---p 00024000 00:138f 4611686019135190028      /nix/store/gpxl5qgg8kicmcvivwmybwjlpf7wh20l-graalvm17-ce-22.3.0/lib/libjava.so
7f059623d000-7f059623e000 r--p 00024000 00:138f 4611686019135190028      /nix/store/gpxl5qgg8kicmcvivwmybwjlpf7wh20l-graalvm17-ce-22.3.0/lib/libjava.so
7f059623e000-7f059623f000 rw-p 00025000 00:138f 4611686019135190028      /nix/store/gpxl5qgg8kicmcvivwmybwjlpf7wh20l-graalvm17-ce-22.3.0/lib/libjava.so
7f059623f000-7f0596240000 rw-p 00000000 00:00 0 
7f0596240000-7f0596247000 rw-p 0002f000 00:138f 4611686019135190028      /nix/store/gpxl5qgg8kicmcvivwmybwjlpf7wh20l-graalvm17-ce-22.3.0/lib/libjava.so
7f0596247000-7f059624f000 rw-s 00000000 00:1009 350                      /tmp/hsperfdata_runner/21
7f059624f000-7f0596250000 ---p 00000000 00:00 0 
7f0596250000-7f0596251000 r--p 00000000 00:00 0 
7f0596251000-7f0596252000 rwxp 00000000 00:00 0 
7f0596252000-7f059626d000 r-xp 00000000 00:138f 4611686019135190032      /nix/store/gpxl5qgg8kicmcvivwmybwjlpf7wh20l-graalvm17-ce-22.3.0/lib/libjimage.so
7f059626d000-7f059626e000 ---p 0001b000 00:138f 4611686019135190032      /nix/store/gpxl5qgg8kicmcvivwmybwjlpf7wh20l-graalvm17-ce-22.3.0/lib/libjimage.so
7f059626e000-7f0596270000 r--p 0001b000 00:138f 4611686019135190032      /nix/store/gpxl5qgg8kicmcvivwmybwjlpf7wh20l-graalvm17-ce-22.3.0/lib/libjimage.so
7f0596270000-7f0596271000 rw-p 0001d000 00:138f 4611686019135190032      /nix/store/gpxl5qgg8kicmcvivwmybwjlpf7wh20l-graalvm17-ce-22.3.0/lib/libjimage.so
7f0596271000-7f0596272000 rw-p 00024000 00:138f 4611686019135190032      /nix/store/gpxl5qgg8kicmcvivwmybwjlpf7wh20l-graalvm17-ce-22.3.0/lib/libjimage.so
7f0596272000-7f0596276000 ---p 00000000 00:00 0 
7f0596276000-7f0596372000 rw-p 00000000 00:00 0 
7f0596372000-7f0596380000 r--p 00000000 00:138f 4611686019027979927      /nix/store/4nlgxhb09sdr51nc9hdm8az5b08vzkgx-glibc-2.35-163/lib/libm.so.6
7f0596380000-7f05963f3000 r-xp 0000e000 00:138f 4611686019027979927      /nix/store/4nlgxhb09sdr51nc9hdm8az5b08vzkgx-glibc-2.35-163/lib/libm.so.6
7f05963f3000-7f0596450000 r--p 00081000 00:138f 4611686019027979927      /nix/store/4nlgxhb09sdr51nc9hdm8az5b08vzkgx-glibc-2.35-163/lib/libm.so.6
7f0596450000-7f0596451000 r--p 000dd000 00:138f 4611686019027979927      /nix/store/4nlgxhb09sdr51nc9hdm8az5b08vzkgx-glibc-2.35-163/lib/libm.so.6
7f0596451000-7f0596452000 rw-p 000de000 00:138f 4611686019027979927      /nix/store/4nlgxhb09sdr51nc9hdm8az5b08vzkgx-glibc-2.35-163/lib/libm.so.6
7f0596452000-7f0596453000 r--p 00000000 00:138f 4611686019027979946      /nix/store/4nlgxhb09sdr51nc9hdm8az5b08vzkgx-glibc-2.35-163/lib/librt.so.1
7f0596453000-7f0596454000 r-xp 00001000 00:138f 4611686019027979946      /nix/store/4nlgxhb09sdr51nc9hdm8az5b08vzkgx-glibc-2.35-163/lib/librt.so.1
7f0596454000-7f0596455000 r--p 00002000 00:138f 4611686019027979946      /nix/store/4nlgxhb09sdr51nc9hdm8az5b08vzkgx-glibc-2.35-163/lib/librt.so.1
7f0596455000-7f0596456000 r--p 00002000 00:138f 4611686019027979946      /nix/store/4nlgxhb09sdr51nc9hdm8az5b08vzkgx-glibc-2.35-163/lib/librt.so.1
7f0596456000-7f0596457000 rw-p 00003000 00:138f 4611686019027979946      /nix/store/4nlgxhb09sdr51nc9hdm8az5b08vzkgx-glibc-2.35-163/lib/librt.so.1
7f0596457000-7f059756a000 r-xp 00000000 00:138f 4611686019135360866      /nix/store/gpxl5qgg8kicmcvivwmybwjlpf7wh20l-graalvm17-ce-22.3.0/lib/server/libjvm.so
7f059756a000-7f059756b000 ---p 01113000 00:138f 4611686019135360866      /nix/store/gpxl5qgg8kicmcvivwmybwjlpf7wh20l-graalvm17-ce-22.3.0/lib/server/libjvm.so
7f059756b000-7f0597620000 r--p 01113000 00:138f 4611686019135360866      /nix/store/gpxl5qgg8kicmcvivwmybwjlpf7wh20l-graalvm17-ce-22.3.0/lib/server/libjvm.so
7f0597620000-7f0597654000 rw-p 011c8000 00:138f 4611686019135360866      /nix/store/gpxl5qgg8kicmcvivwmybwjlpf7wh20l-graalvm17-ce-22.3.0/lib/server/libjvm.so
7f0597654000-7f05976b0000 rw-p 00000000 00:00 0 
7f05976b0000-7f05976d8000 r--p 00000000 00:138f 4611686019027979918      /nix/store/4nlgxhb09sdr51nc9hdm8az5b08vzkgx-glibc-2.35-163/lib/libc.so.6
7f05976d8000-7f059784e000 r-xp 00028000 00:138f 4611686019027979918      /nix/store/4nlgxhb09sdr51nc9hdm8az5b08vzkgx-glibc-2.35-163/lib/libc.so.6
7f059784e000-7f05978a6000 r--p 0019e000 00:138f 4611686019027979918      /nix/store/4nlgxhb09sdr51nc9hdm8az5b08vzkgx-glibc-2.35-163/lib/libc.so.6
7f05978a6000-7f05978aa000 r--p 001f6000 00:138f 4611686019027979918      /nix/store/4nlgxhb09sdr51nc9hdm8az5b08vzkgx-glibc-2.35-163/lib/libc.so.6
7f05978aa000-7f05978ac000 rw-p 001fa000 00:138f 4611686019027979918      /nix/store/4nlgxhb09sdr51nc9hdm8az5b08vzkgx-glibc-2.35-163/lib/libc.so.6
7f05978ac000-7f05978bb000 rw-p 00000000 00:00 0 
7f05978bb000-7f05978bc000 r--p 00000000 00:138f 4611686019027979923      /nix/store/4nlgxhb09sdr51nc9hdm8az5b08vzkgx-glibc-2.35-163/lib/libdl.so.2
7f05978bc000-7f05978bd000 r-xp 00001000 00:138f 4611686019027979923      /nix/store/4nlgxhb09sdr51nc9hdm8az5b08vzkgx-glibc-2.35-163/lib/libdl.so.2
7f05978bd000-7f05978be000 r--p 00002000 00:138f 4611686019027979923      /nix/store/4nlgxhb09sdr51nc9hdm8az5b08vzkgx-glibc-2.35-163/lib/libdl.so.2
7f05978be000-7f05978bf000 r--p 00002000 00:138f 4611686019027979923      /nix/store/4nlgxhb09sdr51nc9hdm8az5b08vzkgx-glibc-2.35-163/lib/libdl.so.2
7f05978bf000-7f05978c0000 rw-p 00003000 00:138f 4611686019027979923      /nix/store/4nlgxhb09sdr51nc9hdm8az5b08vzkgx-glibc-2.35-163/lib/libdl.so.2
7f05978c0000-7f05978c1000 r--p 00000000 00:138f 4611686019027979942      /nix/store/4nlgxhb09sdr51nc9hdm8az5b08vzkgx-glibc-2.35-163/lib/libpthread.so.0
7f05978c1000-7f05978c2000 r-xp 00001000 00:138f 4611686019027979942      /nix/store/4nlgxhb09sdr51nc9hdm8az5b08vzkgx-glibc-2.35-163/lib/libpthread.so.0
7f05978c2000-7f05978c3000 r--p 00002000 00:138f 4611686019027979942      /nix/store/4nlgxhb09sdr51nc9hdm8az5b08vzkgx-glibc-2.35-163/lib/libpthread.so.0
7f05978c3000-7f05978c4000 r--p 00002000 00:138f 4611686019027979942      /nix/store/4nlgxhb09sdr51nc9hdm8az5b08vzkgx-glibc-2.35-163/lib/libpthread.so.0
7f05978c4000-7f05978c5000 rw-p 00003000 00:138f 4611686019027979942      /nix/store/4nlgxhb09sdr51nc9hdm8az5b08vzkgx-glibc-2.35-163/lib/libpthread.so.0
7f05978c5000-7f05978d3000 r-xp 00000000 00:138f 4611686019135190033      /nix/store/gpxl5qgg8kicmcvivwmybwjlpf7wh20l-graalvm17-ce-22.3.0/lib/libjli.so
7f05978d3000-7f05978d4000 ---p 0000e000 00:138f 4611686019135190033      /nix/store/gpxl5qgg8kicmcvivwmybwjlpf7wh20l-graalvm17-ce-22.3.0/lib/libjli.so
7f05978d4000-7f05978d5000 r--p 0000e000 00:138f 4611686019135190033      /nix/store/gpxl5qgg8kicmcvivwmybwjlpf7wh20l-graalvm17-ce-22.3.0/lib/libjli.so
7f05978d5000-7f05978d6000 rw-p 0000f000 00:138f 4611686019135190033      /nix/store/gpxl5qgg8kicmcvivwmybwjlpf7wh20l-graalvm17-ce-22.3.0/lib/libjli.so
7f05978d6000-7f05978d7000 rw-p 00012000 00:138f 4611686019135190033      /nix/store/gpxl5qgg8kicmcvivwmybwjlpf7wh20l-graalvm17-ce-22.3.0/lib/libjli.so
7f05978d7000-7f05978da000 r--p 00000000 00:138f 4611686019106210071      /nix/store/026hln0aq1hyshaxsdvhg0kmcm6yf45r-zlib-1.2.13/lib/libz.so.1.2.13
7f05978da000-7f05978ec000 r-xp 00003000 00:138f 4611686019106210071      /nix/store/026hln0aq1hyshaxsdvhg0kmcm6yf45r-zlib-1.2.13/lib/libz.so.1.2.13
7f05978ec000-7f05978f3000 r--p 00015000 00:138f 4611686019106210071      /nix/store/026hln0aq1hyshaxsdvhg0kmcm6yf45r-zlib-1.2.13/lib/libz.so.1.2.13
7f05978f3000-7f05978f4000 r--p 0001b000 00:138f 4611686019106210071      /nix/store/026hln0aq1hyshaxsdvhg0kmcm6yf45r-zlib-1.2.13/lib/libz.so.1.2.13
7f05978f4000-7f05978f5000 rw-p 0001c000 00:138f 4611686019106210071      /nix/store/026hln0aq1hyshaxsdvhg0kmcm6yf45r-zlib-1.2.13/lib/libz.so.1.2.13
7f05978f5000-7f05978f7000 rw-p 00000000 00:00 0 
7f05978f7000-7f05978f9000 r--p 00000000 00:138f 4611686019027979912      /nix/store/4nlgxhb09sdr51nc9hdm8az5b08vzkgx-glibc-2.35-163/lib/ld-linux-x86-64.so.2
7f05978f9000-7f0597920000 r-xp 00002000 00:138f 4611686019027979912      /nix/store/4nlgxhb09sdr51nc9hdm8az5b08vzkgx-glibc-2.35-163/lib/ld-linux-x86-64.so.2
7f0597920000-7f059792c000 r--p 00029000 00:138f 4611686019027979912      /nix/store/4nlgxhb09sdr51nc9hdm8az5b08vzkgx-glibc-2.35-163/lib/ld-linux-x86-64.so.2
7f059792c000-7f059792e000 r--p 00034000 00:138f 4611686019027979912      /nix/store/4nlgxhb09sdr51nc9hdm8az5b08vzkgx-glibc-2.35-163/lib/ld-linux-x86-64.so.2
7f059792e000-7f0597930000 rw-p 00036000 00:138f 4611686019027979912      /nix/store/4nlgxhb09sdr51nc9hdm8az5b08vzkgx-glibc-2.35-163/lib/ld-linux-x86-64.so.2
7ffddcc9c000-7ffddccc0000 rw-p 00000000 00:00 0                          [stack]
7ffddccf9000-7ffddccfd000 r--p 00000000 00:00 0                          [vvar]
7ffddccfd000-7ffddccff000 r-xp 00000000 00:00 0                          [vdso]
ffffffffff600000-ffffffffff601000 --xp 00000000 00:00 0                  [vsyscall]


VM Arguments:
jvm_args: -XX:ThreadPriorityPolicy=1 -XX:+UnlockExperimentalVMOptions -XX:+EnableJVMCIProduct -XX:JVMCIThreadsPerNativeLibraryRuntime=1 -XX:-UnlockExperimentalVMOptions -Declipse.application=org.eclipse.jdt.ls.core.id1 -Dosgi.bundles.defaultStartLevel=4 -Declipse.product=org.eclipse.jdt.ls.core.product -Dlog.level=ALL -Xverify:none -XX:+UseParallelGC -XX:GCTimeRatio=4 -XX:AdaptiveSizePolicyWeight=90 -Dsun.zip.disableMemoryMapping=true -Xmx512m -Xms100m 
java_command: /nix/store/m6gcpi1ii6rghy04cjwjddcavv7i90df-jdt-language-server-1.9.0/share/java/plugins/org.eclipse.equinox.launcher_1.6.400.v20210924-0641.jar --add-modules=ALL-SYSTEM --add-opens java.base/java.util=ALL-UNNAMED --add-opens java.base/java.lang=ALL-UNNAMED -configuration /home/runner/.cache/jdt-language-server/config -data /home/runner/.cache/jdt-language-server/data/home/runner/Customer-Simulation
java_class_path (initial): /nix/store/m6gcpi1ii6rghy04cjwjddcavv7i90df-jdt-language-server-1.9.0/share/java/plugins/org.eclipse.equinox.launcher_1.6.400.v20210924-0641.jar
Launcher Type: SUN_STANDARD

[Global flags]
    uintx AdaptiveSizePolicyWeight                 = 90                                        {product} {command line}
     intx CICompilerCount                          = 2                                         {product} {ergonomic}
     bool EnableJVMCIProduct                       = true                                {JVMCI product} {jimage}
    uintx GCTimeRatio                              = 4                                         {product} {command line}
   size_t InitialHeapSize                          = 104857600                                 {product} {command line}
     uint JVMCIThreadsPerNativeLibraryRuntime      = 1                                   {JVMCI product} {jimage}
   size_t MaxHeapSize                              = 536870912                                 {product} {command line}
   size_t MaxNewSize                               = 178782208                                 {product} {ergonomic}
   size_t MinHeapDeltaBytes                        = 524288                                    {product} {ergonomic}
   size_t MinHeapSize                              = 104857600                                 {product} {command line}
   size_t NewSize                                  = 34603008                                  {product} {ergonomic}
    uintx NonNMethodCodeHeapSize                   = 5826188                                {pd product} {ergonomic}
    uintx NonProfiledCodeHeapSize                  = 122916026                              {pd product} {ergonomic}
   size_t OldSize                                  = 70254592                                  {product} {ergonomic}
    uintx ProfiledCodeHeapSize                     = 122916026                              {pd product} {ergonomic}
    uintx ReservedCodeCacheSize                    = 251658240                              {pd product} {ergonomic}
     bool SegmentedCodeCache                       = true                                      {product} {ergonomic}
   size_t SoftMaxHeapSize                          = 536870912                              {manageable} {ergonomic}
     intx ThreadPriorityPolicy                     = 1                                         {product} {jimage}
     bool UseCompressedClassPointers               = true                           {product lp64_product} {ergonomic}
     bool UseCompressedOops                        = true                           {product lp64_product} {ergonomic}
     bool UseParallelGC                            = true                                      {product} {command line}

Logging:
Log output configuration:
 #0: stdout all=warning uptime,level,tags
 #1: stderr all=off uptime,level,tags

Environment Variables:
JAVA_HOME=/nix/store/gpxl5qgg8kicmcvivwmybwjlpf7wh20l-graalvm17-ce-22.3.0
PATH=/nix/store/1d6ian3r8kdzspw8hacjhl3xkp40g1lj-binutils-wrapper-2.39/bin:/nix/store/dq0xwmsk1g0i2ayg6pb7y87na2knzylh-gcc-wrapper-11.3.0/bin:/nix/store/bap4d0lpcrhpwmpb8ayjcgkmvfj62lnq-bash-interactive-5.1-p16/bin:/nix/store/pr5n59mb4jzmfx6kanwxly0l07p861fg-patchelf-0.15.0/bin:/nix/store/1gf2flfqnpqbr1b4p4qz2f72y42bs56r-gcc-11.3.0/bin:/nix/store/57xv61c5zi8pphjbcwxxjlgc34p61ic9-glibc-2.35-163-bin/bin:/nix/store/a7gvj343m05j2s32xcnwr35v31ynlypr-coreutils-9.1/bin:/nix/store/039g378vc3pc3dvi9dzdlrd0i4q93qwf-binutils-2.39/bin:/nix/store/gpxl5qgg8kicmcvivwmybwjlpf7wh20l-graalvm17-ce-22.3.0/bin:/nix/store/6z9ag3ihc8mq2hzsw48lhbznvzny65nz-apache-maven-3.8.6/bin:/nix/store/m6gcpi1ii6rghy04cjwjddcavv7i90df-jdt-language-server-1.9.0/bin:/nix/store/84xs5alhs01zrbr4ywm05kxbjbp5590l-java-debug/bin:/nix/store/mydc6f4k2z73xlcz7ilif3v2lcaiqvza-findutils-4.9.0/bin:/nix/store/j9p3g8472iijd50vhdprx0nmk2fqn5gv-diffutils-3.8/bin:/nix/store/89zs7rms6x00xfq4dq6m7mjnhkr8a6r4-gnused-4.8/bin:/nix/store/86bp03jkmsl6f92w0yzg4s59g5mhxwmy-gnugrep-3.7/bin:/nix/store/hwcdqw4jrjnd37wxqgsd47hd0j8bnj09-gawk-5.1.1/bin:/nix/store/cfbhw8r8ags41vwqaz47r583d0p4h4a1-gnutar-1.34/bin:/nix/store/p3m1ndl1lapwrlh698bnb5lvvxh67378-gzip-1.12/bin:/nix/store/a8mhcagrsly7c7mpjrpsnaahk4aax056-bzip2-1.0.8-bin/bin:/nix/store/mblgz65m3zv9x548a3d5m96fj2pbwr09-gnumake-4.3/bin:/nix/store/dsd5gz46hdbdk2rfdimqddhq6m8m8fqs-bash-5.1-p16/bin:/nix/store/v7ljksji50mg3w61dykaa3n3y79n6nil-patch-2.7.6/bin:/nix/store/zlcnmqq14jz5x9439jf937mvayyl63da-xz-5.2.7-bin/bin:/nix/store/y6aj732zm9m87c82fpvf103a1xb22blp-file-5.43/bin:/nix/store/sgqd0ajghcv2axfl1lad0b1alyavp0dc-prybar-elisp-0.0.0-67f7a00/bin:/nix/store/p3hsvljpgs68jqwar41lc0jqhjj734lf-prybar-lua-0.0.0-67f7a00/bin:/nix/store/qzxs2gybds3s9kb1vkaflpgm2nwr85fh-prybar-python3-0.0.0-67f7a00/bin:/nix/store/km94z9mxp8w4m8gxxp5mbfpdf3nkfvd8-prybar-sqlite-0.0.0-67f7a00/bin:/nix/store/2pnc7b76asw0z59c4l6h6qy8arwqrii1-prybar-tcl-0.0.0-67f7a00/bin:/nix/store/hpbvrlwd5viqmvcaisb3x0118i913a9n-st
LD_LIBRARY_PATH=/nix/store/a4pff549sk2idnkpzk5nsfps3mdkdnvm-cups-2.4.2-lib/lib:/nix/store/72mqxxhh3cy5yifh92wh2yb8cl2hikyy-cairo-1.16.0/lib:/nix/store/2k366jrbsra97gjfxwvrhvixjfxdach5-glib-2.74.1/lib:/nix/store/2j2znigd8ak37rlwh9khz0ry3clqlw1l-gtk+3-3.24.34/lib:/nix/store/hisqvx32cd57apbpcsnkpx6k3549wql1-libglvnd-1.4.0/lib:/nix/store/p36pgcv991mq5srvg765b78yqpxvk3qs-mesa-21.3.3-drivers/lib:/nix/store/mav4251if1ahjq5vkpwycyyvnmy459c4-pulseaudio-14.2/lib
DISPLAY=:0
LANG=en_US.UTF-8

Signal Handlers:
   SIGSEGV: crash_handler in libjvm.so, mask=11100100010111111101111111111110, flags=SA_RESTART|SA_SIGINFO
    SIGBUS: crash_handler in libjvm.so, mask=11100100010111111101111111111110, flags=SA_RESTART|SA_SIGINFO
    SIGFPE: crash_handler in libjvm.so, mask=11100100010111111101111111111110, flags=SA_RESTART|SA_SIGINFO
   SIGPIPE: IsolateEnterStub_IgnoreSIGPIPEStartupHook_noopSignalHandler_8f19bff2f35b5f630d83b364d6b2339320d4ec70_216e8361c6bc87a8f89f58cc10d3b2fd4415bf87 in libjvmcicompiler.so, mask=00000000000000000000000000000000, flags=SA_RESTART
  *** Handler was modified!
  *** Expected: javaSignalHandler in libjvm.so, mask=11100100110111111111111111111110, flags=SA_RESTART|SA_SIGINFO
   SIGXFSZ: javaSignalHandler in libjvm.so, mask=11100100010111111101111111111110, flags=SA_RESTART|SA_SIGINFO
    SIGILL: crash_handler in libjvm.so, mask=11100100010111111101111111111110, flags=SA_RESTART|SA_SIGINFO
   SIGUSR2: SR_handler in libjvm.so, mask=00000000000000000000000000000000, flags=SA_RESTART|SA_SIGINFO
    SIGHUP: UserHandler in libjvm.so, mask=11100100010111111101111111111110, flags=SA_RESTART|SA_SIGINFO
    SIGINT: UserHandler in libjvm.so, mask=11100100010111111101111111111110, flags=SA_RESTART|SA_SIGINFO
   SIGTERM: UserHandler in libjvm.so, mask=11100100010111111101111111111110, flags=SA_RESTART|SA_SIGINFO
   SIGQUIT: UserHandler in libjvm.so, mask=11100100010111111101111111111110, flags=SA_RESTART|SA_SIGINFO
  *** Handler was modified!
  *** Expected: javaSignalHandler in libjvm.so, mask=11100100110111111111111111111110, flags=SA_RESTART|SA_SIGINFO
   SIGTRAP: crash_handler in libjvm.so, mask=11100100010111111101111111111110, flags=SA_RESTART|SA_SIGINFO


---------------  S Y S T E M  ---------------

OS:
DISTRIB_ID=Ubuntu
DISTRIB_RELEASE=20.04
DISTRIB_CODENAME=focal
DISTRIB_DESCRIPTION="Ubuntu 20.04.2 LTS"
uname: Linux 5.15.0-1029-gcp #36~20.04.1-Ubuntu SMP Tue Jan 24 16:54:15 UTC 2023 x86_64
OS uptime: 0 days 1:57 hours
libc: glibc 2.35 NPTL 2.35 
rlimit (soft/hard): STACK 8192k/infinity , CORE infinity/infinity , NPROC infinity/infinity , NOFILE 5242/5242 , AS infinity/infinity , CPU infinity/infinity , DATA infinity/infinity , FSIZE infinity/infinity , MEMLOCK 64k/64k
load average: 10.57 13.34 14.03

/proc/meminfo:
MemTotal:       65852724 kB
MemFree:        23956724 kB
MemAvailable:   46173184 kB
Buffers:         1220380 kB
Cached:         19864264 kB
SwapCached:            0 kB
Active:          6528296 kB
Inactive:       31694088 kB
Active(anon):      16320 kB
Inactive(anon): 16710388 kB
Active(file):    6511976 kB
Inactive(file): 14983700 kB
Unevictable:       43428 kB
Mlocked:           43428 kB
SwapTotal:             0 kB
SwapFree:              0 kB
Dirty:              3776 kB
Writeback:             0 kB
AnonPages:      16631600 kB
Mapped:          1835500 kB
Shmem:             67100 kB
KReclaimable:    1447384 kB
Slab:            2642004 kB
SReclaimable:    1447384 kB
SUnreclaim:      1194620 kB
KernelStack:      419928 kB
PageTables:       199748 kB
NFS_Unstable:          0 kB
Bounce:                0 kB
WritebackTmp:          0 kB
CommitLimit:    32926360 kB
Committed_AS:   78111564 kB
VmallocTotal:   34359738367 kB
VmallocUsed:      457464 kB
VmallocChunk:          0 kB
Percpu:            56032 kB
HardwareCorrupted:     0 kB
AnonHugePages:   1503232 kB
ShmemHugePages:        0 kB
ShmemPmdMapped:        0 kB
FileHugePages:         0 kB
FilePmdMapped:         0 kB
HugePages_Total:       0
HugePages_Free:        0
HugePages_Rsvd:        0
HugePages_Surp:        0
Hugepagesize:       2048 kB
Hugetlb:               0 kB
DirectMap4k:     2872128 kB
DirectMap2M:    43261952 kB
DirectMap1G:    23068672 kB

/sys/kernel/mm/transparent_hugepage/enabled: always [madvise] never
/sys/kernel/mm/transparent_hugepage/defrag (defrag/compaction efforts parameter): always defer defer+madvise [madvise] never

Process Memory:
Virtual Size: 4921432K (peak: 5014332K)
Resident Set Size: 742016K (peak: 783588K) (anon: 545880K, file: 196136K, shmem: 0K)
Swapped out: 0K
C-Heap outstanding allocations: 41117K, retained: 15742K
glibc malloc tunables: (default)

/proc/sys/kernel/threads-max (system-wide limit on the number of threads): 514406
/proc/sys/vm/max_map_count (maximum number of memory map areas a process may have): 65530
/proc/sys/kernel/pid_max (system-wide limit on number of process identifiers): 4194304

container (cgroup) information:
container_type: cgroupv1
cpu_cpuset_cpus: 2-7
cpu_memory_nodes: 0
active_processor_count: 1
cpu_quota: 50000
cpu_period: 100000
cpu_shares: 512
memory_limit_in_bytes: 1048576 k
memory_and_swap_limit_in_bytes: 1048576 k
memory_soft_limit_in_bytes: 524288 k
memory_usage_in_bytes: 579324 k
memory_max_usage_in_bytes: 660396 k
maximum number of tasks: 1000
current number of tasks: 52

KVM virtualization detected
Steal ticks since vm start: 0
Steal ticks percentage since vm start:  0.000

CPU: total 8 (initial active 1) (8 cores per cpu, 2 threads per core) family 23 model 49 stepping 0 microcode 0xffffffff, cx8, cmov, fxsr, ht, mmx, 3dnowpref, sse, sse2, sse3, ssse3, sse4a, sse4.1, sse4.2, popcnt, lzcnt, tsc, tscinvbit, avx, avx2, aes, clmul, bmi1, bmi2, adx, sha, fma, vzeroupper, clflush, clflushopt, hv
CPU Model and flags from /proc/cpuinfo:
model name	: AMD EPYC 7B12
flags		: fpu vme de pse tsc msr pae mce cx8 apic sep mtrr pge mca cmov pat pse36 clflush mmx fxsr sse sse2 ht syscall nx mmxext fxsr_opt pdpe1gb rdtscp lm constant_tsc rep_good nopl nonstop_tsc cpuid extd_apicid tsc_known_freq pni pclmulqdq ssse3 fma cx16 sse4_1 sse4_2 movbe popcnt aes xsave avx f16c rdrand hypervisor lahf_lm cmp_legacy cr8_legacy abm sse4a misalignsse 3dnowprefetch osvw topoext ssbd ibrs ibpb stibp vmmcall fsgsbase tsc_adjust bmi1 avx2 smep bmi2 rdseed adx smap clflushopt clwb sha_ni xsaveopt xsavec xgetbv1 clzero xsaveerptr arat npt nrip_save umip rdpid

Online cpus: 0-7
Offline cpus: 
BIOS frequency limitation: <Not Available>
Frequency switch latency (ns): <Not Available>
Available cpu frequencies: <Not Available>
Current governor: <Not Available>
Core performance/turbo boost: <Not Available>

Memory: 4k page, physical 1048576k(469116k free), swap 0k(0k free)
Page Sizes: 4k

vm_info: OpenJDK 64-Bit Server VM (17.0.5+8-jvmci-22.3-b08) for linux-amd64 JRE (17.0.5+8-jvmci-22.3-b08), built on Oct 19 2022 09:01:27 by "buildslave" with gcc 10.3.0

END.
